nohup: ignoring input
=============================================
BYOL Training on CIFAR100
=============================================
Config: /home/hkoc/UM/UM_SEM9/how-to-probe/pretraining/mmpretrain/configs/byol/byol_resnet50_2xb128-coslr-50e_cifar100.py
Work Directory: /home/hkoc/UM/UM_SEM9/how-to-probe/outputs/byol_cifar100
=============================================
Detected 2 GPU(s)
WARNING:torch.distributed.run:
*****************************************
Setting OMP_NUM_THREADS environment variable for each process to be 1 in default, to avoid your system being overloaded, please further tune the variable for optimal performance in your application as needed. 
*****************************************
/home/hkoc/UM/UM_SEM9/how-to-probe/.venv/lib/python3.11/site-packages/mmengine/utils/dl_utils/setup_env.py:56: UserWarning: Setting MKL_NUM_THREADS environment variable for each process to be 1 in default, to avoid your system being overloaded, please further tune the variable for optimal performance in your application as needed.
  warnings.warn(
/home/hkoc/UM/UM_SEM9/how-to-probe/.venv/lib/python3.11/site-packages/mmengine/utils/dl_utils/setup_env.py:56: UserWarning: Setting MKL_NUM_THREADS environment variable for each process to be 1 in default, to avoid your system being overloaded, please further tune the variable for optimal performance in your application as needed.
  warnings.warn(
01/22 23:36:02 - mmengine - INFO - 
------------------------------------------------------------
System environment:
    sys.platform: linux
    Python: 3.11.2 (main, Apr 28 2025, 14:11:48) [GCC 12.2.0]
    CUDA available: True
    numpy_random_seed: 800512578
    GPU 0,1: NVIDIA RTX A4000
    CUDA_HOME: /usr/local/cuda
    NVCC: Cuda compilation tools, release 13.1, V13.1.80
    GCC: x86_64-linux-gnu-gcc (Debian 12.2.0-14+deb12u1) 12.2.0
    PyTorch: 2.0.1+cu117
    PyTorch compiling details: PyTorch built with:
  - GCC 9.3
  - C++ Version: 201703
  - Intel(R) oneAPI Math Kernel Library Version 2022.2-Product Build 20220804 for Intel(R) 64 architecture applications
  - Intel(R) MKL-DNN v2.7.3 (Git Hash 6dbeffbae1f23cbbeae17adb7b5b13f1f37c080e)
  - OpenMP 201511 (a.k.a. OpenMP 4.5)
  - LAPACK is enabled (usually provided by MKL)
  - NNPACK is enabled
  - CPU capability usage: AVX2
  - CUDA Runtime 11.7
  - NVCC architecture flags: -gencode;arch=compute_37,code=sm_37;-gencode;arch=compute_50,code=sm_50;-gencode;arch=compute_60,code=sm_60;-gencode;arch=compute_70,code=sm_70;-gencode;arch=compute_75,code=sm_75;-gencode;arch=compute_80,code=sm_80;-gencode;arch=compute_86,code=sm_86
  - CuDNN 8.5
  - Magma 2.6.1
  - Build settings: BLAS_INFO=mkl, BUILD_TYPE=Release, CUDA_VERSION=11.7, CUDNN_VERSION=8.5.0, CXX_COMPILER=/opt/rh/devtoolset-9/root/usr/bin/c++, CXX_FLAGS= -D_GLIBCXX_USE_CXX11_ABI=0 -fabi-version=11 -Wno-deprecated -fvisibility-inlines-hidden -DUSE_PTHREADPOOL -DNDEBUG -DUSE_KINETO -DLIBKINETO_NOROCTRACER -DUSE_FBGEMM -DUSE_QNNPACK -DUSE_PYTORCH_QNNPACK -DUSE_XNNPACK -DSYMBOLICATE_MOBILE_DEBUG_HANDLE -O2 -fPIC -Wall -Wextra -Werror=return-type -Werror=non-virtual-dtor -Werror=bool-operation -Wnarrowing -Wno-missing-field-initializers -Wno-type-limits -Wno-array-bounds -Wno-unknown-pragmas -Wunused-local-typedefs -Wno-unused-parameter -Wno-unused-function -Wno-unused-result -Wno-strict-overflow -Wno-strict-aliasing -Wno-error=deprecated-declarations -Wno-stringop-overflow -Wno-psabi -Wno-error=pedantic -Wno-error=redundant-decls -Wno-error=old-style-cast -fdiagnostics-color=always -faligned-new -Wno-unused-but-set-variable -Wno-maybe-uninitialized -fno-math-errno -fno-trapping-math -Werror=format -Werror=cast-function-type -Wno-stringop-overflow, LAPACK_INFO=mkl, PERF_WITH_AVX=1, PERF_WITH_AVX2=1, PERF_WITH_AVX512=1, TORCH_DISABLE_GPU_ASSERTS=ON, TORCH_VERSION=2.0.1, USE_CUDA=ON, USE_CUDNN=ON, USE_EXCEPTION_PTR=1, USE_GFLAGS=OFF, USE_GLOG=OFF, USE_MKL=ON, USE_MKLDNN=ON, USE_MPI=OFF, USE_NCCL=1, USE_NNPACK=ON, USE_OPENMP=ON, USE_ROCM=OFF, 

    TorchVision: 0.15.2+cu117
    OpenCV: 4.8.0
    MMEngine: 0.8.4

Runtime environment:
    cudnn_benchmark: False
    mp_cfg: {'mp_start_method': 'fork', 'opencv_num_threads': 0}
    dist_cfg: {'backend': 'nccl'}
    seed: 800512578
    deterministic: False
    Distributed launcher: pytorch
    Distributed training: True
    GPU number: 2
------------------------------------------------------------

01/22 23:36:02 - mmengine - INFO - Config:
auto_scale_lr = dict(base_batch_size=256)
data_preprocessor = dict(
    mean=[
        129.304,
        124.07,
        112.434,
    ],
    std=[
        68.17,
        65.392,
        70.418,
    ],
    to_rgb=False,
    type='SelfSupDataPreprocessor')
data_root = 'data/cifar100'
dataset_type = 'CIFAR100'
default_hooks = dict(
    checkpoint=dict(interval=1, max_keep_ckpts=3, type='CheckpointHook'),
    logger=dict(interval=100, type='LoggerHook'),
    param_scheduler=dict(type='ParamSchedulerHook'),
    sampler_seed=dict(type='DistSamplerSeedHook'),
    timer=dict(type='IterTimerHook'),
    visualization=dict(enable=False, type='VisualizationHook'))
default_scope = 'mmpretrain'
env_cfg = dict(
    cudnn_benchmark=False,
    dist_cfg=dict(backend='nccl'),
    mp_cfg=dict(mp_start_method='fork', opencv_num_threads=0))
launcher = 'pytorch'
load_from = None
log_level = 'INFO'
model = dict(
    backbone=dict(
        depth=50,
        num_stages=4,
        out_indices=(3, ),
        style='pytorch',
        type='ResNet_CIFAR'),
    base_momentum=0.01,
    head=dict(
        loss=dict(type='CosineSimilarityLoss'),
        predictor=dict(
            hid_channels=4096,
            in_channels=256,
            num_layers=2,
            out_channels=256,
            type='NonLinearNeck',
            with_avg_pool=False,
            with_bias=True,
            with_last_bn=False),
        type='LatentPredictHead'),
    neck=dict(
        hid_channels=4096,
        in_channels=2048,
        num_layers=2,
        out_channels=256,
        type='NonLinearNeck',
        with_avg_pool=True,
        with_bias=True,
        with_last_bn=False),
    type='BYOL')
optim_wrapper = dict(
    optimizer=dict(lr=1.0, momentum=0.9, type='LARS', weight_decay=1e-06),
    paramwise_cfg=dict(
        custom_keys=dict({
            'bias': dict(decay_mult=0, lars_exclude=True),
            'bn': dict(decay_mult=0, lars_exclude=True),
            'downsample.1': dict(decay_mult=0, lars_exclude=True)
        })),
    type='OptimWrapper')
optimizer = dict(lr=1.0, momentum=0.9, type='LARS', weight_decay=1e-06)
param_scheduler = [
    dict(
        begin=0,
        by_epoch=True,
        convert_to_iter_based=True,
        end=5,
        start_factor=0.0001,
        type='LinearLR'),
    dict(T_max=45, begin=5, by_epoch=True, end=50, type='CosineAnnealingLR'),
]
randomness = dict(deterministic=False, seed=None)
resume = True
train_cfg = dict(max_epochs=50, type='EpochBasedTrainLoop')
train_dataloader = dict(
    batch_size=128,
    collate_fn=dict(type='default_collate'),
    dataset=dict(
        data_root='data/cifar100',
        pipeline=[
            dict(
                num_views=[
                    1,
                    1,
                ],
                transforms=[
                    [
                        dict(
                            backend='pillow',
                            crop_ratio_range=(
                                0.2,
                                1.0,
                            ),
                            interpolation='bicubic',
                            scale=32,
                            type='RandomResizedCrop'),
                        dict(prob=0.5, type='RandomFlip'),
                        dict(
                            prob=0.8,
                            transforms=[
                                dict(
                                    brightness=0.4,
                                    contrast=0.4,
                                    hue=0.1,
                                    saturation=0.2,
                                    type='ColorJitter'),
                            ],
                            type='RandomApply'),
                        dict(
                            channel_weights=(
                                0.114,
                                0.587,
                                0.2989,
                            ),
                            keep_channels=True,
                            prob=0.2,
                            type='RandomGrayscale'),
                        dict(
                            magnitude_range=(
                                0.1,
                                2.0,
                            ),
                            magnitude_std='inf',
                            prob=1.0,
                            type='GaussianBlur'),
                        dict(prob=0.0, thr=128, type='Solarize'),
                    ],
                    [
                        dict(
                            backend='pillow',
                            crop_ratio_range=(
                                0.2,
                                1.0,
                            ),
                            interpolation='bicubic',
                            scale=32,
                            type='RandomResizedCrop'),
                        dict(prob=0.5, type='RandomFlip'),
                        dict(
                            prob=0.8,
                            transforms=[
                                dict(
                                    brightness=0.4,
                                    contrast=0.4,
                                    hue=0.1,
                                    saturation=0.2,
                                    type='ColorJitter'),
                            ],
                            type='RandomApply'),
                        dict(
                            channel_weights=(
                                0.114,
                                0.587,
                                0.2989,
                            ),
                            keep_channels=True,
                            prob=0.2,
                            type='RandomGrayscale'),
                        dict(
                            magnitude_range=(
                                0.1,
                                2.0,
                            ),
                            magnitude_std='inf',
                            prob=0.1,
                            type='GaussianBlur'),
                        dict(prob=0.2, thr=128, type='Solarize'),
                    ],
                ],
                type='MultiView'),
            dict(type='PackInputs'),
        ],
        split='train',
        type='CIFAR100'),
    num_workers=4,
    persistent_workers=True,
    pin_memory=True,
    sampler=dict(shuffle=True, type='DefaultSampler'))
train_pipeline = [
    dict(
        num_views=[
            1,
            1,
        ],
        transforms=[
            [
                dict(
                    backend='pillow',
                    crop_ratio_range=(
                        0.2,
                        1.0,
                    ),
                    interpolation='bicubic',
                    scale=32,
                    type='RandomResizedCrop'),
                dict(prob=0.5, type='RandomFlip'),
                dict(
                    prob=0.8,
                    transforms=[
                        dict(
                            brightness=0.4,
                            contrast=0.4,
                            hue=0.1,
                            saturation=0.2,
                            type='ColorJitter'),
                    ],
                    type='RandomApply'),
                dict(
                    channel_weights=(
                        0.114,
                        0.587,
                        0.2989,
                    ),
                    keep_channels=True,
                    prob=0.2,
                    type='RandomGrayscale'),
                dict(
                    magnitude_range=(
                        0.1,
                        2.0,
                    ),
                    magnitude_std='inf',
                    prob=1.0,
                    type='GaussianBlur'),
                dict(prob=0.0, thr=128, type='Solarize'),
            ],
            [
                dict(
                    backend='pillow',
                    crop_ratio_range=(
                        0.2,
                        1.0,
                    ),
                    interpolation='bicubic',
                    scale=32,
                    type='RandomResizedCrop'),
                dict(prob=0.5, type='RandomFlip'),
                dict(
                    prob=0.8,
                    transforms=[
                        dict(
                            brightness=0.4,
                            contrast=0.4,
                            hue=0.1,
                            saturation=0.2,
                            type='ColorJitter'),
                    ],
                    type='RandomApply'),
                dict(
                    channel_weights=(
                        0.114,
                        0.587,
                        0.2989,
                    ),
                    keep_channels=True,
                    prob=0.2,
                    type='RandomGrayscale'),
                dict(
                    magnitude_range=(
                        0.1,
                        2.0,
                    ),
                    magnitude_std='inf',
                    prob=0.1,
                    type='GaussianBlur'),
                dict(prob=0.2, thr=128, type='Solarize'),
            ],
        ],
        type='MultiView'),
    dict(type='PackInputs'),
]
view_pipeline1 = [
    dict(
        backend='pillow',
        crop_ratio_range=(
            0.2,
            1.0,
        ),
        interpolation='bicubic',
        scale=32,
        type='RandomResizedCrop'),
    dict(prob=0.5, type='RandomFlip'),
    dict(
        prob=0.8,
        transforms=[
            dict(
                brightness=0.4,
                contrast=0.4,
                hue=0.1,
                saturation=0.2,
                type='ColorJitter'),
        ],
        type='RandomApply'),
    dict(
        channel_weights=(
            0.114,
            0.587,
            0.2989,
        ),
        keep_channels=True,
        prob=0.2,
        type='RandomGrayscale'),
    dict(
        magnitude_range=(
            0.1,
            2.0,
        ),
        magnitude_std='inf',
        prob=1.0,
        type='GaussianBlur'),
    dict(prob=0.0, thr=128, type='Solarize'),
]
view_pipeline2 = [
    dict(
        backend='pillow',
        crop_ratio_range=(
            0.2,
            1.0,
        ),
        interpolation='bicubic',
        scale=32,
        type='RandomResizedCrop'),
    dict(prob=0.5, type='RandomFlip'),
    dict(
        prob=0.8,
        transforms=[
            dict(
                brightness=0.4,
                contrast=0.4,
                hue=0.1,
                saturation=0.2,
                type='ColorJitter'),
        ],
        type='RandomApply'),
    dict(
        channel_weights=(
            0.114,
            0.587,
            0.2989,
        ),
        keep_channels=True,
        prob=0.2,
        type='RandomGrayscale'),
    dict(
        magnitude_range=(
            0.1,
            2.0,
        ),
        magnitude_std='inf',
        prob=0.1,
        type='GaussianBlur'),
    dict(prob=0.2, thr=128, type='Solarize'),
]
vis_backends = [
    dict(type='LocalVisBackend'),
]
visualizer = dict(
    type='UniversalVisualizer', vis_backends=[
        dict(type='LocalVisBackend'),
    ])
work_dir = '/home/hkoc/UM/UM_SEM9/how-to-probe/outputs/byol_cifar100'

/home/hkoc/UM/UM_SEM9/how-to-probe/.venv/lib/python3.11/site-packages/mmcv/cnn/bricks/transformer.py:33: UserWarning: Fail to import ``MultiScaleDeformableAttention`` from ``mmcv.ops.multi_scale_deform_attn``, You should install ``mmcv`` rather than ``mmcv-lite`` if you need this module. 
  warnings.warn('Fail to import ``MultiScaleDeformableAttention`` from '
/home/hkoc/UM/UM_SEM9/how-to-probe/.venv/lib/python3.11/site-packages/mmcv/cnn/bricks/transformer.py:33: UserWarning: Fail to import ``MultiScaleDeformableAttention`` from ``mmcv.ops.multi_scale_deform_attn``, You should install ``mmcv`` rather than ``mmcv-lite`` if you need this module. 
  warnings.warn('Fail to import ``MultiScaleDeformableAttention`` from '
01/22 23:36:03 - mmengine - INFO - Hooks will be executed in the following order:
before_run:
(VERY_HIGH   ) RuntimeInfoHook                    
(BELOW_NORMAL) LoggerHook                         
 -------------------- 
before_train:
(VERY_HIGH   ) RuntimeInfoHook                    
(NORMAL      ) IterTimerHook                      
(VERY_LOW    ) CheckpointHook                     
 -------------------- 
before_train_epoch:
(VERY_HIGH   ) RuntimeInfoHook                    
(NORMAL      ) IterTimerHook                      
(NORMAL      ) DistSamplerSeedHook                
 -------------------- 
before_train_iter:
(VERY_HIGH   ) RuntimeInfoHook                    
(NORMAL      ) IterTimerHook                      
 -------------------- 
after_train_iter:
(VERY_HIGH   ) RuntimeInfoHook                    
(NORMAL      ) IterTimerHook                      
(BELOW_NORMAL) LoggerHook                         
(LOW         ) ParamSchedulerHook                 
(VERY_LOW    ) CheckpointHook                     
 -------------------- 
after_train_epoch:
(NORMAL      ) IterTimerHook                      
(LOW         ) ParamSchedulerHook                 
(VERY_LOW    ) CheckpointHook                     
 -------------------- 
before_val:
(VERY_HIGH   ) RuntimeInfoHook                    
 -------------------- 
before_val_epoch:
(NORMAL      ) IterTimerHook                      
 -------------------- 
before_val_iter:
(NORMAL      ) IterTimerHook                      
 -------------------- 
after_val_iter:
(NORMAL      ) IterTimerHook                      
(NORMAL      ) VisualizationHook                  
(BELOW_NORMAL) LoggerHook                         
 -------------------- 
after_val_epoch:
(VERY_HIGH   ) RuntimeInfoHook                    
(NORMAL      ) IterTimerHook                      
(BELOW_NORMAL) LoggerHook                         
(LOW         ) ParamSchedulerHook                 
(VERY_LOW    ) CheckpointHook                     
 -------------------- 
after_val:
(VERY_HIGH   ) RuntimeInfoHook                    
 -------------------- 
after_train:
(VERY_HIGH   ) RuntimeInfoHook                    
(VERY_LOW    ) CheckpointHook                     
 -------------------- 
before_test:
(VERY_HIGH   ) RuntimeInfoHook                    
 -------------------- 
before_test_epoch:
(NORMAL      ) IterTimerHook                      
 -------------------- 
before_test_iter:
(NORMAL      ) IterTimerHook                      
 -------------------- 
after_test_iter:
(NORMAL      ) IterTimerHook                      
(NORMAL      ) VisualizationHook                  
(BELOW_NORMAL) LoggerHook                         
 -------------------- 
after_test_epoch:
(VERY_HIGH   ) RuntimeInfoHook                    
(NORMAL      ) IterTimerHook                      
(BELOW_NORMAL) LoggerHook                         
 -------------------- 
after_test:
(VERY_HIGH   ) RuntimeInfoHook                    
 -------------------- 
after_run:
(BELOW_NORMAL) LoggerHook                         
 -------------------- 
01/22 23:36:05 - mmengine - INFO - paramwise_options -- backbone.bn1.weight:lr=1.0
01/22 23:36:05 - mmengine - INFO - paramwise_options -- backbone.bn1.weight:weight_decay=0.0
01/22 23:36:05 - mmengine - INFO - paramwise_options -- backbone.bn1.weight:decay_mult=0
01/22 23:36:05 - mmengine - INFO - paramwise_options -- backbone.bn1.weight:lars_exclude=True
01/22 23:36:05 - mmengine - INFO - paramwise_options -- backbone.bn1.bias:lr=1.0
01/22 23:36:05 - mmengine - INFO - paramwise_options -- backbone.bn1.bias:weight_decay=0.0
01/22 23:36:05 - mmengine - INFO - paramwise_options -- backbone.bn1.bias:decay_mult=0
01/22 23:36:05 - mmengine - INFO - paramwise_options -- backbone.bn1.bias:lars_exclude=True
01/22 23:36:05 - mmengine - INFO - paramwise_options -- backbone.layer1.0.bn1.weight:lr=1.0
01/22 23:36:05 - mmengine - INFO - paramwise_options -- backbone.layer1.0.bn1.weight:weight_decay=0.0
01/22 23:36:05 - mmengine - INFO - paramwise_options -- backbone.layer1.0.bn1.weight:decay_mult=0
01/22 23:36:05 - mmengine - INFO - paramwise_options -- backbone.layer1.0.bn1.weight:lars_exclude=True
01/22 23:36:05 - mmengine - INFO - paramwise_options -- backbone.layer1.0.bn1.bias:lr=1.0
01/22 23:36:05 - mmengine - INFO - paramwise_options -- backbone.layer1.0.bn1.bias:weight_decay=0.0
01/22 23:36:05 - mmengine - INFO - paramwise_options -- backbone.layer1.0.bn1.bias:decay_mult=0
01/22 23:36:05 - mmengine - INFO - paramwise_options -- backbone.layer1.0.bn1.bias:lars_exclude=True
01/22 23:36:05 - mmengine - INFO - paramwise_options -- backbone.layer1.0.bn2.weight:lr=1.0
01/22 23:36:05 - mmengine - INFO - paramwise_options -- backbone.layer1.0.bn2.weight:weight_decay=0.0
01/22 23:36:05 - mmengine - INFO - paramwise_options -- backbone.layer1.0.bn2.weight:decay_mult=0
01/22 23:36:05 - mmengine - INFO - paramwise_options -- backbone.layer1.0.bn2.weight:lars_exclude=True
01/22 23:36:05 - mmengine - INFO - paramwise_options -- backbone.layer1.0.bn2.bias:lr=1.0
01/22 23:36:05 - mmengine - INFO - paramwise_options -- backbone.layer1.0.bn2.bias:weight_decay=0.0
01/22 23:36:05 - mmengine - INFO - paramwise_options -- backbone.layer1.0.bn2.bias:decay_mult=0
01/22 23:36:05 - mmengine - INFO - paramwise_options -- backbone.layer1.0.bn2.bias:lars_exclude=True
01/22 23:36:05 - mmengine - INFO - paramwise_options -- backbone.layer1.0.bn3.weight:lr=1.0
01/22 23:36:05 - mmengine - INFO - paramwise_options -- backbone.layer1.0.bn3.weight:weight_decay=0.0
01/22 23:36:05 - mmengine - INFO - paramwise_options -- backbone.layer1.0.bn3.weight:decay_mult=0
01/22 23:36:05 - mmengine - INFO - paramwise_options -- backbone.layer1.0.bn3.weight:lars_exclude=True
01/22 23:36:05 - mmengine - INFO - paramwise_options -- backbone.layer1.0.bn3.bias:lr=1.0
01/22 23:36:05 - mmengine - INFO - paramwise_options -- backbone.layer1.0.bn3.bias:weight_decay=0.0
01/22 23:36:05 - mmengine - INFO - paramwise_options -- backbone.layer1.0.bn3.bias:decay_mult=0
01/22 23:36:05 - mmengine - INFO - paramwise_options -- backbone.layer1.0.bn3.bias:lars_exclude=True
01/22 23:36:05 - mmengine - INFO - paramwise_options -- backbone.layer1.0.downsample.1.weight:lr=1.0
01/22 23:36:05 - mmengine - INFO - paramwise_options -- backbone.layer1.0.downsample.1.weight:weight_decay=0.0
01/22 23:36:05 - mmengine - INFO - paramwise_options -- backbone.layer1.0.downsample.1.weight:decay_mult=0
01/22 23:36:05 - mmengine - INFO - paramwise_options -- backbone.layer1.0.downsample.1.weight:lars_exclude=True
01/22 23:36:05 - mmengine - INFO - paramwise_options -- backbone.layer1.0.downsample.1.bias:lr=1.0
01/22 23:36:05 - mmengine - INFO - paramwise_options -- backbone.layer1.0.downsample.1.bias:weight_decay=0.0
01/22 23:36:05 - mmengine - INFO - paramwise_options -- backbone.layer1.0.downsample.1.bias:decay_mult=0
01/22 23:36:05 - mmengine - INFO - paramwise_options -- backbone.layer1.0.downsample.1.bias:lars_exclude=True
01/22 23:36:05 - mmengine - INFO - paramwise_options -- backbone.layer1.1.bn1.weight:lr=1.0
01/22 23:36:05 - mmengine - INFO - paramwise_options -- backbone.layer1.1.bn1.weight:weight_decay=0.0
01/22 23:36:05 - mmengine - INFO - paramwise_options -- backbone.layer1.1.bn1.weight:decay_mult=0
01/22 23:36:05 - mmengine - INFO - paramwise_options -- backbone.layer1.1.bn1.weight:lars_exclude=True
01/22 23:36:05 - mmengine - INFO - paramwise_options -- backbone.layer1.1.bn1.bias:lr=1.0
01/22 23:36:05 - mmengine - INFO - paramwise_options -- backbone.layer1.1.bn1.bias:weight_decay=0.0
01/22 23:36:05 - mmengine - INFO - paramwise_options -- backbone.layer1.1.bn1.bias:decay_mult=0
01/22 23:36:05 - mmengine - INFO - paramwise_options -- backbone.layer1.1.bn1.bias:lars_exclude=True
01/22 23:36:05 - mmengine - INFO - paramwise_options -- backbone.layer1.1.bn2.weight:lr=1.0
01/22 23:36:05 - mmengine - INFO - paramwise_options -- backbone.layer1.1.bn2.weight:weight_decay=0.0
01/22 23:36:05 - mmengine - INFO - paramwise_options -- backbone.layer1.1.bn2.weight:decay_mult=0
01/22 23:36:05 - mmengine - INFO - paramwise_options -- backbone.layer1.1.bn2.weight:lars_exclude=True
01/22 23:36:05 - mmengine - INFO - paramwise_options -- backbone.layer1.1.bn2.bias:lr=1.0
01/22 23:36:05 - mmengine - INFO - paramwise_options -- backbone.layer1.1.bn2.bias:weight_decay=0.0
01/22 23:36:05 - mmengine - INFO - paramwise_options -- backbone.layer1.1.bn2.bias:decay_mult=0
01/22 23:36:05 - mmengine - INFO - paramwise_options -- backbone.layer1.1.bn2.bias:lars_exclude=True
01/22 23:36:05 - mmengine - INFO - paramwise_options -- backbone.layer1.1.bn3.weight:lr=1.0
01/22 23:36:05 - mmengine - INFO - paramwise_options -- backbone.layer1.1.bn3.weight:weight_decay=0.0
01/22 23:36:05 - mmengine - INFO - paramwise_options -- backbone.layer1.1.bn3.weight:decay_mult=0
01/22 23:36:05 - mmengine - INFO - paramwise_options -- backbone.layer1.1.bn3.weight:lars_exclude=True
01/22 23:36:05 - mmengine - INFO - paramwise_options -- backbone.layer1.1.bn3.bias:lr=1.0
01/22 23:36:05 - mmengine - INFO - paramwise_options -- backbone.layer1.1.bn3.bias:weight_decay=0.0
01/22 23:36:05 - mmengine - INFO - paramwise_options -- backbone.layer1.1.bn3.bias:decay_mult=0
01/22 23:36:05 - mmengine - INFO - paramwise_options -- backbone.layer1.1.bn3.bias:lars_exclude=True
01/22 23:36:05 - mmengine - INFO - paramwise_options -- backbone.layer1.2.bn1.weight:lr=1.0
01/22 23:36:05 - mmengine - INFO - paramwise_options -- backbone.layer1.2.bn1.weight:weight_decay=0.0
01/22 23:36:05 - mmengine - INFO - paramwise_options -- backbone.layer1.2.bn1.weight:decay_mult=0
01/22 23:36:05 - mmengine - INFO - paramwise_options -- backbone.layer1.2.bn1.weight:lars_exclude=True
01/22 23:36:05 - mmengine - INFO - paramwise_options -- backbone.layer1.2.bn1.bias:lr=1.0
01/22 23:36:05 - mmengine - INFO - paramwise_options -- backbone.layer1.2.bn1.bias:weight_decay=0.0
01/22 23:36:05 - mmengine - INFO - paramwise_options -- backbone.layer1.2.bn1.bias:decay_mult=0
01/22 23:36:05 - mmengine - INFO - paramwise_options -- backbone.layer1.2.bn1.bias:lars_exclude=True
01/22 23:36:05 - mmengine - INFO - paramwise_options -- backbone.layer1.2.bn2.weight:lr=1.0
01/22 23:36:05 - mmengine - INFO - paramwise_options -- backbone.layer1.2.bn2.weight:weight_decay=0.0
01/22 23:36:05 - mmengine - INFO - paramwise_options -- backbone.layer1.2.bn2.weight:decay_mult=0
01/22 23:36:05 - mmengine - INFO - paramwise_options -- backbone.layer1.2.bn2.weight:lars_exclude=True
01/22 23:36:05 - mmengine - INFO - paramwise_options -- backbone.layer1.2.bn2.bias:lr=1.0
01/22 23:36:05 - mmengine - INFO - paramwise_options -- backbone.layer1.2.bn2.bias:weight_decay=0.0
01/22 23:36:05 - mmengine - INFO - paramwise_options -- backbone.layer1.2.bn2.bias:decay_mult=0
01/22 23:36:05 - mmengine - INFO - paramwise_options -- backbone.layer1.2.bn2.bias:lars_exclude=True
01/22 23:36:05 - mmengine - INFO - paramwise_options -- backbone.layer1.2.bn3.weight:lr=1.0
01/22 23:36:05 - mmengine - INFO - paramwise_options -- backbone.layer1.2.bn3.weight:weight_decay=0.0
01/22 23:36:05 - mmengine - INFO - paramwise_options -- backbone.layer1.2.bn3.weight:decay_mult=0
01/22 23:36:05 - mmengine - INFO - paramwise_options -- backbone.layer1.2.bn3.weight:lars_exclude=True
01/22 23:36:05 - mmengine - INFO - paramwise_options -- backbone.layer1.2.bn3.bias:lr=1.0
01/22 23:36:05 - mmengine - INFO - paramwise_options -- backbone.layer1.2.bn3.bias:weight_decay=0.0
01/22 23:36:05 - mmengine - INFO - paramwise_options -- backbone.layer1.2.bn3.bias:decay_mult=0
01/22 23:36:05 - mmengine - INFO - paramwise_options -- backbone.layer1.2.bn3.bias:lars_exclude=True
01/22 23:36:05 - mmengine - INFO - paramwise_options -- backbone.layer2.0.bn1.weight:lr=1.0
01/22 23:36:05 - mmengine - INFO - paramwise_options -- backbone.layer2.0.bn1.weight:weight_decay=0.0
01/22 23:36:05 - mmengine - INFO - paramwise_options -- backbone.layer2.0.bn1.weight:decay_mult=0
01/22 23:36:05 - mmengine - INFO - paramwise_options -- backbone.layer2.0.bn1.weight:lars_exclude=True
01/22 23:36:05 - mmengine - INFO - paramwise_options -- backbone.layer2.0.bn1.bias:lr=1.0
01/22 23:36:05 - mmengine - INFO - paramwise_options -- backbone.layer2.0.bn1.bias:weight_decay=0.0
01/22 23:36:05 - mmengine - INFO - paramwise_options -- backbone.layer2.0.bn1.bias:decay_mult=0
01/22 23:36:05 - mmengine - INFO - paramwise_options -- backbone.layer2.0.bn1.bias:lars_exclude=True
01/22 23:36:05 - mmengine - INFO - paramwise_options -- backbone.layer2.0.bn2.weight:lr=1.0
01/22 23:36:05 - mmengine - INFO - paramwise_options -- backbone.layer2.0.bn2.weight:weight_decay=0.0
01/22 23:36:05 - mmengine - INFO - paramwise_options -- backbone.layer2.0.bn2.weight:decay_mult=0
01/22 23:36:05 - mmengine - INFO - paramwise_options -- backbone.layer2.0.bn2.weight:lars_exclude=True
01/22 23:36:05 - mmengine - INFO - paramwise_options -- backbone.layer2.0.bn2.bias:lr=1.0
01/22 23:36:05 - mmengine - INFO - paramwise_options -- backbone.layer2.0.bn2.bias:weight_decay=0.0
01/22 23:36:05 - mmengine - INFO - paramwise_options -- backbone.layer2.0.bn2.bias:decay_mult=0
01/22 23:36:05 - mmengine - INFO - paramwise_options -- backbone.layer2.0.bn2.bias:lars_exclude=True
01/22 23:36:05 - mmengine - INFO - paramwise_options -- backbone.layer2.0.bn3.weight:lr=1.0
01/22 23:36:05 - mmengine - INFO - paramwise_options -- backbone.layer2.0.bn3.weight:weight_decay=0.0
01/22 23:36:05 - mmengine - INFO - paramwise_options -- backbone.layer2.0.bn3.weight:decay_mult=0
01/22 23:36:05 - mmengine - INFO - paramwise_options -- backbone.layer2.0.bn3.weight:lars_exclude=True
01/22 23:36:05 - mmengine - INFO - paramwise_options -- backbone.layer2.0.bn3.bias:lr=1.0
01/22 23:36:05 - mmengine - INFO - paramwise_options -- backbone.layer2.0.bn3.bias:weight_decay=0.0
01/22 23:36:05 - mmengine - INFO - paramwise_options -- backbone.layer2.0.bn3.bias:decay_mult=0
01/22 23:36:05 - mmengine - INFO - paramwise_options -- backbone.layer2.0.bn3.bias:lars_exclude=True
01/22 23:36:05 - mmengine - INFO - paramwise_options -- backbone.layer2.0.downsample.1.weight:lr=1.0
01/22 23:36:05 - mmengine - INFO - paramwise_options -- backbone.layer2.0.downsample.1.weight:weight_decay=0.0
01/22 23:36:05 - mmengine - INFO - paramwise_options -- backbone.layer2.0.downsample.1.weight:decay_mult=0
01/22 23:36:05 - mmengine - INFO - paramwise_options -- backbone.layer2.0.downsample.1.weight:lars_exclude=True
01/22 23:36:05 - mmengine - INFO - paramwise_options -- backbone.layer2.0.downsample.1.bias:lr=1.0
01/22 23:36:05 - mmengine - INFO - paramwise_options -- backbone.layer2.0.downsample.1.bias:weight_decay=0.0
01/22 23:36:05 - mmengine - INFO - paramwise_options -- backbone.layer2.0.downsample.1.bias:decay_mult=0
01/22 23:36:05 - mmengine - INFO - paramwise_options -- backbone.layer2.0.downsample.1.bias:lars_exclude=True
01/22 23:36:05 - mmengine - INFO - paramwise_options -- backbone.layer2.1.bn1.weight:lr=1.0
01/22 23:36:05 - mmengine - INFO - paramwise_options -- backbone.layer2.1.bn1.weight:weight_decay=0.0
01/22 23:36:05 - mmengine - INFO - paramwise_options -- backbone.layer2.1.bn1.weight:decay_mult=0
01/22 23:36:05 - mmengine - INFO - paramwise_options -- backbone.layer2.1.bn1.weight:lars_exclude=True
01/22 23:36:05 - mmengine - INFO - paramwise_options -- backbone.layer2.1.bn1.bias:lr=1.0
01/22 23:36:05 - mmengine - INFO - paramwise_options -- backbone.layer2.1.bn1.bias:weight_decay=0.0
01/22 23:36:05 - mmengine - INFO - paramwise_options -- backbone.layer2.1.bn1.bias:decay_mult=0
01/22 23:36:05 - mmengine - INFO - paramwise_options -- backbone.layer2.1.bn1.bias:lars_exclude=True
01/22 23:36:05 - mmengine - INFO - paramwise_options -- backbone.layer2.1.bn2.weight:lr=1.0
01/22 23:36:05 - mmengine - INFO - paramwise_options -- backbone.layer2.1.bn2.weight:weight_decay=0.0
01/22 23:36:05 - mmengine - INFO - paramwise_options -- backbone.layer2.1.bn2.weight:decay_mult=0
01/22 23:36:05 - mmengine - INFO - paramwise_options -- backbone.layer2.1.bn2.weight:lars_exclude=True
01/22 23:36:05 - mmengine - INFO - paramwise_options -- backbone.layer2.1.bn2.bias:lr=1.0
01/22 23:36:05 - mmengine - INFO - paramwise_options -- backbone.layer2.1.bn2.bias:weight_decay=0.0
01/22 23:36:05 - mmengine - INFO - paramwise_options -- backbone.layer2.1.bn2.bias:decay_mult=0
01/22 23:36:05 - mmengine - INFO - paramwise_options -- backbone.layer2.1.bn2.bias:lars_exclude=True
01/22 23:36:05 - mmengine - INFO - paramwise_options -- backbone.layer2.1.bn3.weight:lr=1.0
01/22 23:36:05 - mmengine - INFO - paramwise_options -- backbone.layer2.1.bn3.weight:weight_decay=0.0
01/22 23:36:05 - mmengine - INFO - paramwise_options -- backbone.layer2.1.bn3.weight:decay_mult=0
01/22 23:36:05 - mmengine - INFO - paramwise_options -- backbone.layer2.1.bn3.weight:lars_exclude=True
01/22 23:36:05 - mmengine - INFO - paramwise_options -- backbone.layer2.1.bn3.bias:lr=1.0
01/22 23:36:05 - mmengine - INFO - paramwise_options -- backbone.layer2.1.bn3.bias:weight_decay=0.0
01/22 23:36:05 - mmengine - INFO - paramwise_options -- backbone.layer2.1.bn3.bias:decay_mult=0
01/22 23:36:05 - mmengine - INFO - paramwise_options -- backbone.layer2.1.bn3.bias:lars_exclude=True
01/22 23:36:05 - mmengine - INFO - paramwise_options -- backbone.layer2.2.bn1.weight:lr=1.0
01/22 23:36:05 - mmengine - INFO - paramwise_options -- backbone.layer2.2.bn1.weight:weight_decay=0.0
01/22 23:36:05 - mmengine - INFO - paramwise_options -- backbone.layer2.2.bn1.weight:decay_mult=0
01/22 23:36:05 - mmengine - INFO - paramwise_options -- backbone.layer2.2.bn1.weight:lars_exclude=True
01/22 23:36:05 - mmengine - INFO - paramwise_options -- backbone.layer2.2.bn1.bias:lr=1.0
01/22 23:36:05 - mmengine - INFO - paramwise_options -- backbone.layer2.2.bn1.bias:weight_decay=0.0
01/22 23:36:05 - mmengine - INFO - paramwise_options -- backbone.layer2.2.bn1.bias:decay_mult=0
01/22 23:36:05 - mmengine - INFO - paramwise_options -- backbone.layer2.2.bn1.bias:lars_exclude=True
01/22 23:36:05 - mmengine - INFO - paramwise_options -- backbone.layer2.2.bn2.weight:lr=1.0
01/22 23:36:05 - mmengine - INFO - paramwise_options -- backbone.layer2.2.bn2.weight:weight_decay=0.0
01/22 23:36:05 - mmengine - INFO - paramwise_options -- backbone.layer2.2.bn2.weight:decay_mult=0
01/22 23:36:05 - mmengine - INFO - paramwise_options -- backbone.layer2.2.bn2.weight:lars_exclude=True
01/22 23:36:05 - mmengine - INFO - paramwise_options -- backbone.layer2.2.bn2.bias:lr=1.0
01/22 23:36:05 - mmengine - INFO - paramwise_options -- backbone.layer2.2.bn2.bias:weight_decay=0.0
01/22 23:36:05 - mmengine - INFO - paramwise_options -- backbone.layer2.2.bn2.bias:decay_mult=0
01/22 23:36:05 - mmengine - INFO - paramwise_options -- backbone.layer2.2.bn2.bias:lars_exclude=True
01/22 23:36:05 - mmengine - INFO - paramwise_options -- backbone.layer2.2.bn3.weight:lr=1.0
01/22 23:36:05 - mmengine - INFO - paramwise_options -- backbone.layer2.2.bn3.weight:weight_decay=0.0
01/22 23:36:05 - mmengine - INFO - paramwise_options -- backbone.layer2.2.bn3.weight:decay_mult=0
01/22 23:36:05 - mmengine - INFO - paramwise_options -- backbone.layer2.2.bn3.weight:lars_exclude=True
01/22 23:36:05 - mmengine - INFO - paramwise_options -- backbone.layer2.2.bn3.bias:lr=1.0
01/22 23:36:05 - mmengine - INFO - paramwise_options -- backbone.layer2.2.bn3.bias:weight_decay=0.0
01/22 23:36:05 - mmengine - INFO - paramwise_options -- backbone.layer2.2.bn3.bias:decay_mult=0
01/22 23:36:05 - mmengine - INFO - paramwise_options -- backbone.layer2.2.bn3.bias:lars_exclude=True
01/22 23:36:05 - mmengine - INFO - paramwise_options -- backbone.layer2.3.bn1.weight:lr=1.0
01/22 23:36:05 - mmengine - INFO - paramwise_options -- backbone.layer2.3.bn1.weight:weight_decay=0.0
01/22 23:36:05 - mmengine - INFO - paramwise_options -- backbone.layer2.3.bn1.weight:decay_mult=0
01/22 23:36:05 - mmengine - INFO - paramwise_options -- backbone.layer2.3.bn1.weight:lars_exclude=True
01/22 23:36:05 - mmengine - INFO - paramwise_options -- backbone.layer2.3.bn1.bias:lr=1.0
01/22 23:36:05 - mmengine - INFO - paramwise_options -- backbone.layer2.3.bn1.bias:weight_decay=0.0
01/22 23:36:05 - mmengine - INFO - paramwise_options -- backbone.layer2.3.bn1.bias:decay_mult=0
01/22 23:36:05 - mmengine - INFO - paramwise_options -- backbone.layer2.3.bn1.bias:lars_exclude=True
01/22 23:36:05 - mmengine - INFO - paramwise_options -- backbone.layer2.3.bn2.weight:lr=1.0
01/22 23:36:05 - mmengine - INFO - paramwise_options -- backbone.layer2.3.bn2.weight:weight_decay=0.0
01/22 23:36:05 - mmengine - INFO - paramwise_options -- backbone.layer2.3.bn2.weight:decay_mult=0
01/22 23:36:05 - mmengine - INFO - paramwise_options -- backbone.layer2.3.bn2.weight:lars_exclude=True
01/22 23:36:05 - mmengine - INFO - paramwise_options -- backbone.layer2.3.bn2.bias:lr=1.0
01/22 23:36:05 - mmengine - INFO - paramwise_options -- backbone.layer2.3.bn2.bias:weight_decay=0.0
01/22 23:36:05 - mmengine - INFO - paramwise_options -- backbone.layer2.3.bn2.bias:decay_mult=0
01/22 23:36:05 - mmengine - INFO - paramwise_options -- backbone.layer2.3.bn2.bias:lars_exclude=True
01/22 23:36:05 - mmengine - INFO - paramwise_options -- backbone.layer2.3.bn3.weight:lr=1.0
01/22 23:36:05 - mmengine - INFO - paramwise_options -- backbone.layer2.3.bn3.weight:weight_decay=0.0
01/22 23:36:05 - mmengine - INFO - paramwise_options -- backbone.layer2.3.bn3.weight:decay_mult=0
01/22 23:36:05 - mmengine - INFO - paramwise_options -- backbone.layer2.3.bn3.weight:lars_exclude=True
01/22 23:36:05 - mmengine - INFO - paramwise_options -- backbone.layer2.3.bn3.bias:lr=1.0
01/22 23:36:05 - mmengine - INFO - paramwise_options -- backbone.layer2.3.bn3.bias:weight_decay=0.0
01/22 23:36:05 - mmengine - INFO - paramwise_options -- backbone.layer2.3.bn3.bias:decay_mult=0
01/22 23:36:05 - mmengine - INFO - paramwise_options -- backbone.layer2.3.bn3.bias:lars_exclude=True
01/22 23:36:05 - mmengine - INFO - paramwise_options -- backbone.layer3.0.bn1.weight:lr=1.0
01/22 23:36:05 - mmengine - INFO - paramwise_options -- backbone.layer3.0.bn1.weight:weight_decay=0.0
01/22 23:36:05 - mmengine - INFO - paramwise_options -- backbone.layer3.0.bn1.weight:decay_mult=0
01/22 23:36:05 - mmengine - INFO - paramwise_options -- backbone.layer3.0.bn1.weight:lars_exclude=True
01/22 23:36:05 - mmengine - INFO - paramwise_options -- backbone.layer3.0.bn1.bias:lr=1.0
01/22 23:36:05 - mmengine - INFO - paramwise_options -- backbone.layer3.0.bn1.bias:weight_decay=0.0
01/22 23:36:05 - mmengine - INFO - paramwise_options -- backbone.layer3.0.bn1.bias:decay_mult=0
01/22 23:36:05 - mmengine - INFO - paramwise_options -- backbone.layer3.0.bn1.bias:lars_exclude=True
01/22 23:36:05 - mmengine - INFO - paramwise_options -- backbone.layer3.0.bn2.weight:lr=1.0
01/22 23:36:05 - mmengine - INFO - paramwise_options -- backbone.layer3.0.bn2.weight:weight_decay=0.0
01/22 23:36:05 - mmengine - INFO - paramwise_options -- backbone.layer3.0.bn2.weight:decay_mult=0
01/22 23:36:05 - mmengine - INFO - paramwise_options -- backbone.layer3.0.bn2.weight:lars_exclude=True
01/22 23:36:05 - mmengine - INFO - paramwise_options -- backbone.layer3.0.bn2.bias:lr=1.0
01/22 23:36:05 - mmengine - INFO - paramwise_options -- backbone.layer3.0.bn2.bias:weight_decay=0.0
01/22 23:36:05 - mmengine - INFO - paramwise_options -- backbone.layer3.0.bn2.bias:decay_mult=0
01/22 23:36:05 - mmengine - INFO - paramwise_options -- backbone.layer3.0.bn2.bias:lars_exclude=True
01/22 23:36:05 - mmengine - INFO - paramwise_options -- backbone.layer3.0.bn3.weight:lr=1.0
01/22 23:36:05 - mmengine - INFO - paramwise_options -- backbone.layer3.0.bn3.weight:weight_decay=0.0
01/22 23:36:05 - mmengine - INFO - paramwise_options -- backbone.layer3.0.bn3.weight:decay_mult=0
01/22 23:36:05 - mmengine - INFO - paramwise_options -- backbone.layer3.0.bn3.weight:lars_exclude=True
01/22 23:36:05 - mmengine - INFO - paramwise_options -- backbone.layer3.0.bn3.bias:lr=1.0
01/22 23:36:05 - mmengine - INFO - paramwise_options -- backbone.layer3.0.bn3.bias:weight_decay=0.0
01/22 23:36:05 - mmengine - INFO - paramwise_options -- backbone.layer3.0.bn3.bias:decay_mult=0
01/22 23:36:05 - mmengine - INFO - paramwise_options -- backbone.layer3.0.bn3.bias:lars_exclude=True
01/22 23:36:05 - mmengine - INFO - paramwise_options -- backbone.layer3.0.downsample.1.weight:lr=1.0
01/22 23:36:05 - mmengine - INFO - paramwise_options -- backbone.layer3.0.downsample.1.weight:weight_decay=0.0
01/22 23:36:05 - mmengine - INFO - paramwise_options -- backbone.layer3.0.downsample.1.weight:decay_mult=0
01/22 23:36:05 - mmengine - INFO - paramwise_options -- backbone.layer3.0.downsample.1.weight:lars_exclude=True
01/22 23:36:05 - mmengine - INFO - paramwise_options -- backbone.layer3.0.downsample.1.bias:lr=1.0
01/22 23:36:05 - mmengine - INFO - paramwise_options -- backbone.layer3.0.downsample.1.bias:weight_decay=0.0
01/22 23:36:05 - mmengine - INFO - paramwise_options -- backbone.layer3.0.downsample.1.bias:decay_mult=0
01/22 23:36:05 - mmengine - INFO - paramwise_options -- backbone.layer3.0.downsample.1.bias:lars_exclude=True
01/22 23:36:05 - mmengine - INFO - paramwise_options -- backbone.layer3.1.bn1.weight:lr=1.0
01/22 23:36:05 - mmengine - INFO - paramwise_options -- backbone.layer3.1.bn1.weight:weight_decay=0.0
01/22 23:36:05 - mmengine - INFO - paramwise_options -- backbone.layer3.1.bn1.weight:decay_mult=0
01/22 23:36:05 - mmengine - INFO - paramwise_options -- backbone.layer3.1.bn1.weight:lars_exclude=True
01/22 23:36:05 - mmengine - INFO - paramwise_options -- backbone.layer3.1.bn1.bias:lr=1.0
01/22 23:36:05 - mmengine - INFO - paramwise_options -- backbone.layer3.1.bn1.bias:weight_decay=0.0
01/22 23:36:05 - mmengine - INFO - paramwise_options -- backbone.layer3.1.bn1.bias:decay_mult=0
01/22 23:36:05 - mmengine - INFO - paramwise_options -- backbone.layer3.1.bn1.bias:lars_exclude=True
01/22 23:36:05 - mmengine - INFO - paramwise_options -- backbone.layer3.1.bn2.weight:lr=1.0
01/22 23:36:05 - mmengine - INFO - paramwise_options -- backbone.layer3.1.bn2.weight:weight_decay=0.0
01/22 23:36:05 - mmengine - INFO - paramwise_options -- backbone.layer3.1.bn2.weight:decay_mult=0
01/22 23:36:05 - mmengine - INFO - paramwise_options -- backbone.layer3.1.bn2.weight:lars_exclude=True
01/22 23:36:05 - mmengine - INFO - paramwise_options -- backbone.layer3.1.bn2.bias:lr=1.0
01/22 23:36:05 - mmengine - INFO - paramwise_options -- backbone.layer3.1.bn2.bias:weight_decay=0.0
01/22 23:36:05 - mmengine - INFO - paramwise_options -- backbone.layer3.1.bn2.bias:decay_mult=0
01/22 23:36:05 - mmengine - INFO - paramwise_options -- backbone.layer3.1.bn2.bias:lars_exclude=True
01/22 23:36:05 - mmengine - INFO - paramwise_options -- backbone.layer3.1.bn3.weight:lr=1.0
01/22 23:36:05 - mmengine - INFO - paramwise_options -- backbone.layer3.1.bn3.weight:weight_decay=0.0
01/22 23:36:05 - mmengine - INFO - paramwise_options -- backbone.layer3.1.bn3.weight:decay_mult=0
01/22 23:36:05 - mmengine - INFO - paramwise_options -- backbone.layer3.1.bn3.weight:lars_exclude=True
01/22 23:36:05 - mmengine - INFO - paramwise_options -- backbone.layer3.1.bn3.bias:lr=1.0
01/22 23:36:05 - mmengine - INFO - paramwise_options -- backbone.layer3.1.bn3.bias:weight_decay=0.0
01/22 23:36:05 - mmengine - INFO - paramwise_options -- backbone.layer3.1.bn3.bias:decay_mult=0
01/22 23:36:05 - mmengine - INFO - paramwise_options -- backbone.layer3.1.bn3.bias:lars_exclude=True
01/22 23:36:05 - mmengine - INFO - paramwise_options -- backbone.layer3.2.bn1.weight:lr=1.0
01/22 23:36:05 - mmengine - INFO - paramwise_options -- backbone.layer3.2.bn1.weight:weight_decay=0.0
01/22 23:36:05 - mmengine - INFO - paramwise_options -- backbone.layer3.2.bn1.weight:decay_mult=0
01/22 23:36:05 - mmengine - INFO - paramwise_options -- backbone.layer3.2.bn1.weight:lars_exclude=True
01/22 23:36:05 - mmengine - INFO - paramwise_options -- backbone.layer3.2.bn1.bias:lr=1.0
01/22 23:36:05 - mmengine - INFO - paramwise_options -- backbone.layer3.2.bn1.bias:weight_decay=0.0
01/22 23:36:05 - mmengine - INFO - paramwise_options -- backbone.layer3.2.bn1.bias:decay_mult=0
01/22 23:36:05 - mmengine - INFO - paramwise_options -- backbone.layer3.2.bn1.bias:lars_exclude=True
01/22 23:36:05 - mmengine - INFO - paramwise_options -- backbone.layer3.2.bn2.weight:lr=1.0
01/22 23:36:05 - mmengine - INFO - paramwise_options -- backbone.layer3.2.bn2.weight:weight_decay=0.0
01/22 23:36:05 - mmengine - INFO - paramwise_options -- backbone.layer3.2.bn2.weight:decay_mult=0
01/22 23:36:05 - mmengine - INFO - paramwise_options -- backbone.layer3.2.bn2.weight:lars_exclude=True
01/22 23:36:05 - mmengine - INFO - paramwise_options -- backbone.layer3.2.bn2.bias:lr=1.0
01/22 23:36:05 - mmengine - INFO - paramwise_options -- backbone.layer3.2.bn2.bias:weight_decay=0.0
01/22 23:36:05 - mmengine - INFO - paramwise_options -- backbone.layer3.2.bn2.bias:decay_mult=0
01/22 23:36:05 - mmengine - INFO - paramwise_options -- backbone.layer3.2.bn2.bias:lars_exclude=True
01/22 23:36:05 - mmengine - INFO - paramwise_options -- backbone.layer3.2.bn3.weight:lr=1.0
01/22 23:36:05 - mmengine - INFO - paramwise_options -- backbone.layer3.2.bn3.weight:weight_decay=0.0
01/22 23:36:05 - mmengine - INFO - paramwise_options -- backbone.layer3.2.bn3.weight:decay_mult=0
01/22 23:36:05 - mmengine - INFO - paramwise_options -- backbone.layer3.2.bn3.weight:lars_exclude=True
01/22 23:36:05 - mmengine - INFO - paramwise_options -- backbone.layer3.2.bn3.bias:lr=1.0
01/22 23:36:05 - mmengine - INFO - paramwise_options -- backbone.layer3.2.bn3.bias:weight_decay=0.0
01/22 23:36:05 - mmengine - INFO - paramwise_options -- backbone.layer3.2.bn3.bias:decay_mult=0
01/22 23:36:05 - mmengine - INFO - paramwise_options -- backbone.layer3.2.bn3.bias:lars_exclude=True
01/22 23:36:05 - mmengine - INFO - paramwise_options -- backbone.layer3.3.bn1.weight:lr=1.0
01/22 23:36:05 - mmengine - INFO - paramwise_options -- backbone.layer3.3.bn1.weight:weight_decay=0.0
01/22 23:36:05 - mmengine - INFO - paramwise_options -- backbone.layer3.3.bn1.weight:decay_mult=0
01/22 23:36:05 - mmengine - INFO - paramwise_options -- backbone.layer3.3.bn1.weight:lars_exclude=True
01/22 23:36:05 - mmengine - INFO - paramwise_options -- backbone.layer3.3.bn1.bias:lr=1.0
01/22 23:36:05 - mmengine - INFO - paramwise_options -- backbone.layer3.3.bn1.bias:weight_decay=0.0
01/22 23:36:05 - mmengine - INFO - paramwise_options -- backbone.layer3.3.bn1.bias:decay_mult=0
01/22 23:36:05 - mmengine - INFO - paramwise_options -- backbone.layer3.3.bn1.bias:lars_exclude=True
01/22 23:36:05 - mmengine - INFO - paramwise_options -- backbone.layer3.3.bn2.weight:lr=1.0
01/22 23:36:05 - mmengine - INFO - paramwise_options -- backbone.layer3.3.bn2.weight:weight_decay=0.0
01/22 23:36:05 - mmengine - INFO - paramwise_options -- backbone.layer3.3.bn2.weight:decay_mult=0
01/22 23:36:05 - mmengine - INFO - paramwise_options -- backbone.layer3.3.bn2.weight:lars_exclude=True
01/22 23:36:05 - mmengine - INFO - paramwise_options -- backbone.layer3.3.bn2.bias:lr=1.0
01/22 23:36:05 - mmengine - INFO - paramwise_options -- backbone.layer3.3.bn2.bias:weight_decay=0.0
01/22 23:36:05 - mmengine - INFO - paramwise_options -- backbone.layer3.3.bn2.bias:decay_mult=0
01/22 23:36:05 - mmengine - INFO - paramwise_options -- backbone.layer3.3.bn2.bias:lars_exclude=True
01/22 23:36:05 - mmengine - INFO - paramwise_options -- backbone.layer3.3.bn3.weight:lr=1.0
01/22 23:36:05 - mmengine - INFO - paramwise_options -- backbone.layer3.3.bn3.weight:weight_decay=0.0
01/22 23:36:05 - mmengine - INFO - paramwise_options -- backbone.layer3.3.bn3.weight:decay_mult=0
01/22 23:36:05 - mmengine - INFO - paramwise_options -- backbone.layer3.3.bn3.weight:lars_exclude=True
01/22 23:36:05 - mmengine - INFO - paramwise_options -- backbone.layer3.3.bn3.bias:lr=1.0
01/22 23:36:05 - mmengine - INFO - paramwise_options -- backbone.layer3.3.bn3.bias:weight_decay=0.0
01/22 23:36:05 - mmengine - INFO - paramwise_options -- backbone.layer3.3.bn3.bias:decay_mult=0
01/22 23:36:05 - mmengine - INFO - paramwise_options -- backbone.layer3.3.bn3.bias:lars_exclude=True
01/22 23:36:05 - mmengine - INFO - paramwise_options -- backbone.layer3.4.bn1.weight:lr=1.0
01/22 23:36:05 - mmengine - INFO - paramwise_options -- backbone.layer3.4.bn1.weight:weight_decay=0.0
01/22 23:36:05 - mmengine - INFO - paramwise_options -- backbone.layer3.4.bn1.weight:decay_mult=0
01/22 23:36:05 - mmengine - INFO - paramwise_options -- backbone.layer3.4.bn1.weight:lars_exclude=True
01/22 23:36:05 - mmengine - INFO - paramwise_options -- backbone.layer3.4.bn1.bias:lr=1.0
01/22 23:36:05 - mmengine - INFO - paramwise_options -- backbone.layer3.4.bn1.bias:weight_decay=0.0
01/22 23:36:05 - mmengine - INFO - paramwise_options -- backbone.layer3.4.bn1.bias:decay_mult=0
01/22 23:36:05 - mmengine - INFO - paramwise_options -- backbone.layer3.4.bn1.bias:lars_exclude=True
01/22 23:36:05 - mmengine - INFO - paramwise_options -- backbone.layer3.4.bn2.weight:lr=1.0
01/22 23:36:05 - mmengine - INFO - paramwise_options -- backbone.layer3.4.bn2.weight:weight_decay=0.0
01/22 23:36:05 - mmengine - INFO - paramwise_options -- backbone.layer3.4.bn2.weight:decay_mult=0
01/22 23:36:05 - mmengine - INFO - paramwise_options -- backbone.layer3.4.bn2.weight:lars_exclude=True
01/22 23:36:05 - mmengine - INFO - paramwise_options -- backbone.layer3.4.bn2.bias:lr=1.0
01/22 23:36:05 - mmengine - INFO - paramwise_options -- backbone.layer3.4.bn2.bias:weight_decay=0.0
01/22 23:36:05 - mmengine - INFO - paramwise_options -- backbone.layer3.4.bn2.bias:decay_mult=0
01/22 23:36:05 - mmengine - INFO - paramwise_options -- backbone.layer3.4.bn2.bias:lars_exclude=True
01/22 23:36:05 - mmengine - INFO - paramwise_options -- backbone.layer3.4.bn3.weight:lr=1.0
01/22 23:36:05 - mmengine - INFO - paramwise_options -- backbone.layer3.4.bn3.weight:weight_decay=0.0
01/22 23:36:05 - mmengine - INFO - paramwise_options -- backbone.layer3.4.bn3.weight:decay_mult=0
01/22 23:36:05 - mmengine - INFO - paramwise_options -- backbone.layer3.4.bn3.weight:lars_exclude=True
01/22 23:36:05 - mmengine - INFO - paramwise_options -- backbone.layer3.4.bn3.bias:lr=1.0
01/22 23:36:05 - mmengine - INFO - paramwise_options -- backbone.layer3.4.bn3.bias:weight_decay=0.0
01/22 23:36:05 - mmengine - INFO - paramwise_options -- backbone.layer3.4.bn3.bias:decay_mult=0
01/22 23:36:05 - mmengine - INFO - paramwise_options -- backbone.layer3.4.bn3.bias:lars_exclude=True
01/22 23:36:05 - mmengine - INFO - paramwise_options -- backbone.layer3.5.bn1.weight:lr=1.0
01/22 23:36:05 - mmengine - INFO - paramwise_options -- backbone.layer3.5.bn1.weight:weight_decay=0.0
01/22 23:36:05 - mmengine - INFO - paramwise_options -- backbone.layer3.5.bn1.weight:decay_mult=0
01/22 23:36:05 - mmengine - INFO - paramwise_options -- backbone.layer3.5.bn1.weight:lars_exclude=True
01/22 23:36:05 - mmengine - INFO - paramwise_options -- backbone.layer3.5.bn1.bias:lr=1.0
01/22 23:36:05 - mmengine - INFO - paramwise_options -- backbone.layer3.5.bn1.bias:weight_decay=0.0
01/22 23:36:05 - mmengine - INFO - paramwise_options -- backbone.layer3.5.bn1.bias:decay_mult=0
01/22 23:36:05 - mmengine - INFO - paramwise_options -- backbone.layer3.5.bn1.bias:lars_exclude=True
01/22 23:36:05 - mmengine - INFO - paramwise_options -- backbone.layer3.5.bn2.weight:lr=1.0
01/22 23:36:05 - mmengine - INFO - paramwise_options -- backbone.layer3.5.bn2.weight:weight_decay=0.0
01/22 23:36:05 - mmengine - INFO - paramwise_options -- backbone.layer3.5.bn2.weight:decay_mult=0
01/22 23:36:05 - mmengine - INFO - paramwise_options -- backbone.layer3.5.bn2.weight:lars_exclude=True
01/22 23:36:05 - mmengine - INFO - paramwise_options -- backbone.layer3.5.bn2.bias:lr=1.0
01/22 23:36:05 - mmengine - INFO - paramwise_options -- backbone.layer3.5.bn2.bias:weight_decay=0.0
01/22 23:36:05 - mmengine - INFO - paramwise_options -- backbone.layer3.5.bn2.bias:decay_mult=0
01/22 23:36:05 - mmengine - INFO - paramwise_options -- backbone.layer3.5.bn2.bias:lars_exclude=True
01/22 23:36:05 - mmengine - INFO - paramwise_options -- backbone.layer3.5.bn3.weight:lr=1.0
01/22 23:36:05 - mmengine - INFO - paramwise_options -- backbone.layer3.5.bn3.weight:weight_decay=0.0
01/22 23:36:05 - mmengine - INFO - paramwise_options -- backbone.layer3.5.bn3.weight:decay_mult=0
01/22 23:36:05 - mmengine - INFO - paramwise_options -- backbone.layer3.5.bn3.weight:lars_exclude=True
01/22 23:36:05 - mmengine - INFO - paramwise_options -- backbone.layer3.5.bn3.bias:lr=1.0
01/22 23:36:05 - mmengine - INFO - paramwise_options -- backbone.layer3.5.bn3.bias:weight_decay=0.0
01/22 23:36:05 - mmengine - INFO - paramwise_options -- backbone.layer3.5.bn3.bias:decay_mult=0
01/22 23:36:05 - mmengine - INFO - paramwise_options -- backbone.layer3.5.bn3.bias:lars_exclude=True
01/22 23:36:05 - mmengine - INFO - paramwise_options -- backbone.layer4.0.bn1.weight:lr=1.0
01/22 23:36:05 - mmengine - INFO - paramwise_options -- backbone.layer4.0.bn1.weight:weight_decay=0.0
01/22 23:36:05 - mmengine - INFO - paramwise_options -- backbone.layer4.0.bn1.weight:decay_mult=0
01/22 23:36:05 - mmengine - INFO - paramwise_options -- backbone.layer4.0.bn1.weight:lars_exclude=True
01/22 23:36:05 - mmengine - INFO - paramwise_options -- backbone.layer4.0.bn1.bias:lr=1.0
01/22 23:36:05 - mmengine - INFO - paramwise_options -- backbone.layer4.0.bn1.bias:weight_decay=0.0
01/22 23:36:05 - mmengine - INFO - paramwise_options -- backbone.layer4.0.bn1.bias:decay_mult=0
01/22 23:36:05 - mmengine - INFO - paramwise_options -- backbone.layer4.0.bn1.bias:lars_exclude=True
01/22 23:36:05 - mmengine - INFO - paramwise_options -- backbone.layer4.0.bn2.weight:lr=1.0
01/22 23:36:05 - mmengine - INFO - paramwise_options -- backbone.layer4.0.bn2.weight:weight_decay=0.0
01/22 23:36:05 - mmengine - INFO - paramwise_options -- backbone.layer4.0.bn2.weight:decay_mult=0
01/22 23:36:05 - mmengine - INFO - paramwise_options -- backbone.layer4.0.bn2.weight:lars_exclude=True
01/22 23:36:05 - mmengine - INFO - paramwise_options -- backbone.layer4.0.bn2.bias:lr=1.0
01/22 23:36:05 - mmengine - INFO - paramwise_options -- backbone.layer4.0.bn2.bias:weight_decay=0.0
01/22 23:36:05 - mmengine - INFO - paramwise_options -- backbone.layer4.0.bn2.bias:decay_mult=0
01/22 23:36:05 - mmengine - INFO - paramwise_options -- backbone.layer4.0.bn2.bias:lars_exclude=True
01/22 23:36:05 - mmengine - INFO - paramwise_options -- backbone.layer4.0.bn3.weight:lr=1.0
01/22 23:36:05 - mmengine - INFO - paramwise_options -- backbone.layer4.0.bn3.weight:weight_decay=0.0
01/22 23:36:05 - mmengine - INFO - paramwise_options -- backbone.layer4.0.bn3.weight:decay_mult=0
01/22 23:36:05 - mmengine - INFO - paramwise_options -- backbone.layer4.0.bn3.weight:lars_exclude=True
01/22 23:36:05 - mmengine - INFO - paramwise_options -- backbone.layer4.0.bn3.bias:lr=1.0
01/22 23:36:05 - mmengine - INFO - paramwise_options -- backbone.layer4.0.bn3.bias:weight_decay=0.0
01/22 23:36:05 - mmengine - INFO - paramwise_options -- backbone.layer4.0.bn3.bias:decay_mult=0
01/22 23:36:05 - mmengine - INFO - paramwise_options -- backbone.layer4.0.bn3.bias:lars_exclude=True
01/22 23:36:05 - mmengine - INFO - paramwise_options -- backbone.layer4.0.downsample.1.weight:lr=1.0
01/22 23:36:05 - mmengine - INFO - paramwise_options -- backbone.layer4.0.downsample.1.weight:weight_decay=0.0
01/22 23:36:05 - mmengine - INFO - paramwise_options -- backbone.layer4.0.downsample.1.weight:decay_mult=0
01/22 23:36:05 - mmengine - INFO - paramwise_options -- backbone.layer4.0.downsample.1.weight:lars_exclude=True
01/22 23:36:05 - mmengine - INFO - paramwise_options -- backbone.layer4.0.downsample.1.bias:lr=1.0
01/22 23:36:05 - mmengine - INFO - paramwise_options -- backbone.layer4.0.downsample.1.bias:weight_decay=0.0
01/22 23:36:05 - mmengine - INFO - paramwise_options -- backbone.layer4.0.downsample.1.bias:decay_mult=0
01/22 23:36:05 - mmengine - INFO - paramwise_options -- backbone.layer4.0.downsample.1.bias:lars_exclude=True
01/22 23:36:05 - mmengine - INFO - paramwise_options -- backbone.layer4.1.bn1.weight:lr=1.0
01/22 23:36:05 - mmengine - INFO - paramwise_options -- backbone.layer4.1.bn1.weight:weight_decay=0.0
01/22 23:36:05 - mmengine - INFO - paramwise_options -- backbone.layer4.1.bn1.weight:decay_mult=0
01/22 23:36:05 - mmengine - INFO - paramwise_options -- backbone.layer4.1.bn1.weight:lars_exclude=True
01/22 23:36:05 - mmengine - INFO - paramwise_options -- backbone.layer4.1.bn1.bias:lr=1.0
01/22 23:36:05 - mmengine - INFO - paramwise_options -- backbone.layer4.1.bn1.bias:weight_decay=0.0
01/22 23:36:05 - mmengine - INFO - paramwise_options -- backbone.layer4.1.bn1.bias:decay_mult=0
01/22 23:36:05 - mmengine - INFO - paramwise_options -- backbone.layer4.1.bn1.bias:lars_exclude=True
01/22 23:36:05 - mmengine - INFO - paramwise_options -- backbone.layer4.1.bn2.weight:lr=1.0
01/22 23:36:05 - mmengine - INFO - paramwise_options -- backbone.layer4.1.bn2.weight:weight_decay=0.0
01/22 23:36:05 - mmengine - INFO - paramwise_options -- backbone.layer4.1.bn2.weight:decay_mult=0
01/22 23:36:05 - mmengine - INFO - paramwise_options -- backbone.layer4.1.bn2.weight:lars_exclude=True
01/22 23:36:05 - mmengine - INFO - paramwise_options -- backbone.layer4.1.bn2.bias:lr=1.0
01/22 23:36:05 - mmengine - INFO - paramwise_options -- backbone.layer4.1.bn2.bias:weight_decay=0.0
01/22 23:36:05 - mmengine - INFO - paramwise_options -- backbone.layer4.1.bn2.bias:decay_mult=0
01/22 23:36:05 - mmengine - INFO - paramwise_options -- backbone.layer4.1.bn2.bias:lars_exclude=True
01/22 23:36:05 - mmengine - INFO - paramwise_options -- backbone.layer4.1.bn3.weight:lr=1.0
01/22 23:36:05 - mmengine - INFO - paramwise_options -- backbone.layer4.1.bn3.weight:weight_decay=0.0
01/22 23:36:05 - mmengine - INFO - paramwise_options -- backbone.layer4.1.bn3.weight:decay_mult=0
01/22 23:36:05 - mmengine - INFO - paramwise_options -- backbone.layer4.1.bn3.weight:lars_exclude=True
01/22 23:36:05 - mmengine - INFO - paramwise_options -- backbone.layer4.1.bn3.bias:lr=1.0
01/22 23:36:05 - mmengine - INFO - paramwise_options -- backbone.layer4.1.bn3.bias:weight_decay=0.0
01/22 23:36:05 - mmengine - INFO - paramwise_options -- backbone.layer4.1.bn3.bias:decay_mult=0
01/22 23:36:05 - mmengine - INFO - paramwise_options -- backbone.layer4.1.bn3.bias:lars_exclude=True
01/22 23:36:05 - mmengine - INFO - paramwise_options -- backbone.layer4.2.bn1.weight:lr=1.0
01/22 23:36:05 - mmengine - INFO - paramwise_options -- backbone.layer4.2.bn1.weight:weight_decay=0.0
01/22 23:36:05 - mmengine - INFO - paramwise_options -- backbone.layer4.2.bn1.weight:decay_mult=0
01/22 23:36:05 - mmengine - INFO - paramwise_options -- backbone.layer4.2.bn1.weight:lars_exclude=True
01/22 23:36:05 - mmengine - INFO - paramwise_options -- backbone.layer4.2.bn1.bias:lr=1.0
01/22 23:36:05 - mmengine - INFO - paramwise_options -- backbone.layer4.2.bn1.bias:weight_decay=0.0
01/22 23:36:05 - mmengine - INFO - paramwise_options -- backbone.layer4.2.bn1.bias:decay_mult=0
01/22 23:36:05 - mmengine - INFO - paramwise_options -- backbone.layer4.2.bn1.bias:lars_exclude=True
01/22 23:36:05 - mmengine - INFO - paramwise_options -- backbone.layer4.2.bn2.weight:lr=1.0
01/22 23:36:05 - mmengine - INFO - paramwise_options -- backbone.layer4.2.bn2.weight:weight_decay=0.0
01/22 23:36:05 - mmengine - INFO - paramwise_options -- backbone.layer4.2.bn2.weight:decay_mult=0
01/22 23:36:05 - mmengine - INFO - paramwise_options -- backbone.layer4.2.bn2.weight:lars_exclude=True
01/22 23:36:05 - mmengine - INFO - paramwise_options -- backbone.layer4.2.bn2.bias:lr=1.0
01/22 23:36:05 - mmengine - INFO - paramwise_options -- backbone.layer4.2.bn2.bias:weight_decay=0.0
01/22 23:36:05 - mmengine - INFO - paramwise_options -- backbone.layer4.2.bn2.bias:decay_mult=0
01/22 23:36:05 - mmengine - INFO - paramwise_options -- backbone.layer4.2.bn2.bias:lars_exclude=True
01/22 23:36:05 - mmengine - INFO - paramwise_options -- backbone.layer4.2.bn3.weight:lr=1.0
01/22 23:36:05 - mmengine - INFO - paramwise_options -- backbone.layer4.2.bn3.weight:weight_decay=0.0
01/22 23:36:05 - mmengine - INFO - paramwise_options -- backbone.layer4.2.bn3.weight:decay_mult=0
01/22 23:36:05 - mmengine - INFO - paramwise_options -- backbone.layer4.2.bn3.weight:lars_exclude=True
01/22 23:36:05 - mmengine - INFO - paramwise_options -- backbone.layer4.2.bn3.bias:lr=1.0
01/22 23:36:05 - mmengine - INFO - paramwise_options -- backbone.layer4.2.bn3.bias:weight_decay=0.0
01/22 23:36:05 - mmengine - INFO - paramwise_options -- backbone.layer4.2.bn3.bias:decay_mult=0
01/22 23:36:05 - mmengine - INFO - paramwise_options -- backbone.layer4.2.bn3.bias:lars_exclude=True
01/22 23:36:05 - mmengine - INFO - paramwise_options -- neck.fc0.bias:lr=1.0
01/22 23:36:05 - mmengine - INFO - paramwise_options -- neck.fc0.bias:weight_decay=0.0
01/22 23:36:05 - mmengine - INFO - paramwise_options -- neck.fc0.bias:decay_mult=0
01/22 23:36:05 - mmengine - INFO - paramwise_options -- neck.fc0.bias:lars_exclude=True
01/22 23:36:05 - mmengine - INFO - paramwise_options -- neck.bn0.weight:lr=1.0
01/22 23:36:05 - mmengine - INFO - paramwise_options -- neck.bn0.weight:weight_decay=0.0
01/22 23:36:05 - mmengine - INFO - paramwise_options -- neck.bn0.weight:decay_mult=0
01/22 23:36:05 - mmengine - INFO - paramwise_options -- neck.bn0.weight:lars_exclude=True
01/22 23:36:05 - mmengine - INFO - paramwise_options -- neck.bn0.bias:lr=1.0
01/22 23:36:05 - mmengine - INFO - paramwise_options -- neck.bn0.bias:weight_decay=0.0
01/22 23:36:05 - mmengine - INFO - paramwise_options -- neck.bn0.bias:decay_mult=0
01/22 23:36:05 - mmengine - INFO - paramwise_options -- neck.bn0.bias:lars_exclude=True
01/22 23:36:05 - mmengine - INFO - paramwise_options -- head.predictor.fc0.bias:lr=1.0
01/22 23:36:05 - mmengine - INFO - paramwise_options -- head.predictor.fc0.bias:weight_decay=0.0
01/22 23:36:05 - mmengine - INFO - paramwise_options -- head.predictor.fc0.bias:decay_mult=0
01/22 23:36:05 - mmengine - INFO - paramwise_options -- head.predictor.fc0.bias:lars_exclude=True
01/22 23:36:05 - mmengine - INFO - paramwise_options -- head.predictor.bn0.weight:lr=1.0
01/22 23:36:05 - mmengine - INFO - paramwise_options -- head.predictor.bn0.weight:weight_decay=0.0
01/22 23:36:05 - mmengine - INFO - paramwise_options -- head.predictor.bn0.weight:decay_mult=0
01/22 23:36:05 - mmengine - INFO - paramwise_options -- head.predictor.bn0.weight:lars_exclude=True
01/22 23:36:05 - mmengine - INFO - paramwise_options -- head.predictor.bn0.bias:lr=1.0
01/22 23:36:05 - mmengine - INFO - paramwise_options -- head.predictor.bn0.bias:weight_decay=0.0
01/22 23:36:05 - mmengine - INFO - paramwise_options -- head.predictor.bn0.bias:decay_mult=0
01/22 23:36:05 - mmengine - INFO - paramwise_options -- head.predictor.bn0.bias:lars_exclude=True
Loads checkpoint by local backend from path: /home/hkoc/UM/UM_SEM9/how-to-probe/outputs/byol_cifar100/epoch_10.pth
01/22 23:36:06 - mmengine - INFO - Auto resumed from the latest checkpoint /home/hkoc/UM/UM_SEM9/how-to-probe/outputs/byol_cifar100/epoch_10.pth.
Loads checkpoint by local backend from path: /home/hkoc/UM/UM_SEM9/how-to-probe/outputs/byol_cifar100/epoch_10.pth
01/22 23:36:07 - mmengine - INFO - Load checkpoint from /home/hkoc/UM/UM_SEM9/how-to-probe/outputs/byol_cifar100/epoch_10.pth
01/22 23:36:07 - mmengine - INFO - resumed epoch: 10, iter: 1960
01/22 23:36:07 - mmengine - WARNING - "FileClient" will be deprecated in future. Please use io functions in https://mmengine.readthedocs.io/en/latest/api/fileio.html#file-io
01/22 23:36:07 - mmengine - WARNING - "HardDiskBackend" is the alias of "LocalBackend" and the former will be deprecated in future.
01/22 23:36:07 - mmengine - INFO - Checkpoints will be saved to /home/hkoc/UM/UM_SEM9/how-to-probe/outputs/byol_cifar100.
/home/hkoc/UM/UM_SEM9/how-to-probe/.venv/lib/python3.11/site-packages/mmcv/image/photometric.py:134: UserWarning: Only use 'alpha' for pillow backend.
  warnings.warn("Only use 'alpha' for pillow backend.")
/home/hkoc/UM/UM_SEM9/how-to-probe/.venv/lib/python3.11/site-packages/mmcv/image/photometric.py:134: UserWarning: Only use 'alpha' for pillow backend.
  warnings.warn("Only use 'alpha' for pillow backend.")
/home/hkoc/UM/UM_SEM9/how-to-probe/.venv/lib/python3.11/site-packages/mmcv/image/photometric.py:134: UserWarning: Only use 'alpha' for pillow backend.
  warnings.warn("Only use 'alpha' for pillow backend.")
/home/hkoc/UM/UM_SEM9/how-to-probe/.venv/lib/python3.11/site-packages/mmcv/image/photometric.py:134: UserWarning: Only use 'alpha' for pillow backend.
  warnings.warn("Only use 'alpha' for pillow backend.")
/home/hkoc/UM/UM_SEM9/how-to-probe/.venv/lib/python3.11/site-packages/mmcv/image/photometric.py:134: UserWarning: Only use 'alpha' for pillow backend.
  warnings.warn("Only use 'alpha' for pillow backend.")
/home/hkoc/UM/UM_SEM9/how-to-probe/.venv/lib/python3.11/site-packages/mmcv/image/photometric.py:134: UserWarning: Only use 'alpha' for pillow backend.
  warnings.warn("Only use 'alpha' for pillow backend.")
/home/hkoc/UM/UM_SEM9/how-to-probe/.venv/lib/python3.11/site-packages/mmcv/image/photometric.py:134: UserWarning: Only use 'alpha' for pillow backend.
  warnings.warn("Only use 'alpha' for pillow backend.")
/home/hkoc/UM/UM_SEM9/how-to-probe/.venv/lib/python3.11/site-packages/mmcv/image/photometric.py:134: UserWarning: Only use 'alpha' for pillow backend.
  warnings.warn("Only use 'alpha' for pillow backend.")
01/22 23:37:01 - mmengine - INFO - Exp name: byol_resnet50_2xb128-coslr-50e_cifar100_20260122_233559
01/22 23:38:16 - mmengine - INFO - Epoch(train) [11][100/196]  base_lr: 9.6985e-01 lr: 9.6985e-01  eta: 2:46:01  time: 1.2489  data_time: 0.0025  memory: 7239  loss: -3.2501
01/22 23:40:15 - mmengine - INFO - Exp name: byol_resnet50_2xb128-coslr-50e_cifar100_20260122_233559
01/22 23:40:15 - mmengine - INFO - Saving checkpoint at 11 epochs
01/22 23:42:20 - mmengine - INFO - Epoch(train) [12][100/196]  base_lr: 9.5677e-01 lr: 9.5677e-01  eta: 2:38:03  time: 1.2424  data_time: 0.0016  memory: 7239  loss: -3.2946
01/22 23:44:19 - mmengine - INFO - Exp name: byol_resnet50_2xb128-coslr-50e_cifar100_20260122_233559
01/22 23:44:19 - mmengine - INFO - Saving checkpoint at 12 epochs
01/22 23:46:24 - mmengine - INFO - Epoch(train) [13][100/196]  base_lr: 9.4147e-01 lr: 9.4147e-01  eta: 2:33:15  time: 1.2788  data_time: 0.0017  memory: 7239  loss: -3.2826
01/22 23:48:23 - mmengine - INFO - Exp name: byol_resnet50_2xb128-coslr-50e_cifar100_20260122_233559
01/22 23:48:23 - mmengine - INFO - Saving checkpoint at 13 epochs
01/22 23:50:28 - mmengine - INFO - Epoch(train) [14][100/196]  base_lr: 9.2402e-01 lr: 9.2402e-01  eta: 2:28:51  time: 1.2719  data_time: 0.0020  memory: 7239  loss: -3.2963
01/22 23:52:27 - mmengine - INFO - Exp name: byol_resnet50_2xb128-coslr-50e_cifar100_20260122_233559
01/22 23:52:27 - mmengine - INFO - Saving checkpoint at 14 epochs
01/22 23:54:32 - mmengine - INFO - Epoch(train) [15][100/196]  base_lr: 9.0451e-01 lr: 9.0451e-01  eta: 2:24:30  time: 1.2481  data_time: 0.0021  memory: 7239  loss: -3.3399
01/22 23:56:31 - mmengine - INFO - Exp name: byol_resnet50_2xb128-coslr-50e_cifar100_20260122_233559
01/22 23:56:31 - mmengine - INFO - Saving checkpoint at 15 epochs
01/22 23:57:46 - mmengine - INFO - Exp name: byol_resnet50_2xb128-coslr-50e_cifar100_20260122_233559
01/22 23:58:36 - mmengine - INFO - Epoch(train) [16][100/196]  base_lr: 8.8302e-01 lr: 8.8302e-01  eta: 2:20:19  time: 1.2483  data_time: 0.0012  memory: 7239  loss: -3.3414
01/23 00:00:33 - mmengine - INFO - Exp name: byol_resnet50_2xb128-coslr-50e_cifar100_20260122_233559
01/23 00:00:33 - mmengine - INFO - Saving checkpoint at 16 epochs
01/23 00:02:38 - mmengine - INFO - Epoch(train) [17][100/196]  base_lr: 8.5967e-01 lr: 8.5967e-01  eta: 2:16:03  time: 1.2456  data_time: 0.0027  memory: 7239  loss: -3.3407
01/23 00:04:37 - mmengine - INFO - Exp name: byol_resnet50_2xb128-coslr-50e_cifar100_20260122_233559
01/23 00:04:37 - mmengine - INFO - Saving checkpoint at 17 epochs
01/23 00:06:42 - mmengine - INFO - Epoch(train) [18][100/196]  base_lr: 8.3457e-01 lr: 8.3457e-01  eta: 2:11:58  time: 1.2393  data_time: 0.0015  memory: 7239  loss: -3.3610
01/23 00:08:41 - mmengine - INFO - Exp name: byol_resnet50_2xb128-coslr-50e_cifar100_20260122_233559
01/23 00:08:41 - mmengine - INFO - Saving checkpoint at 18 epochs
01/23 00:10:46 - mmengine - INFO - Epoch(train) [19][100/196]  base_lr: 8.0783e-01 lr: 8.0783e-01  eta: 2:07:52  time: 1.2280  data_time: 0.0012  memory: 7239  loss: -3.3726
01/23 00:12:45 - mmengine - INFO - Exp name: byol_resnet50_2xb128-coslr-50e_cifar100_20260122_233559
01/23 00:12:45 - mmengine - INFO - Saving checkpoint at 19 epochs
01/23 00:14:54 - mmengine - INFO - Epoch(train) [20][100/196]  base_lr: 7.7960e-01 lr: 7.7960e-01  eta: 2:04:00  time: 1.2869  data_time: 0.0017  memory: 7239  loss: -3.3836
01/23 00:16:58 - mmengine - INFO - Exp name: byol_resnet50_2xb128-coslr-50e_cifar100_20260122_233559
01/23 00:16:58 - mmengine - INFO - Saving checkpoint at 20 epochs
01/23 00:18:42 - mmengine - INFO - Exp name: byol_resnet50_2xb128-coslr-50e_cifar100_20260122_233559
01/23 00:19:08 - mmengine - INFO - Epoch(train) [21][100/196]  base_lr: 7.5000e-01 lr: 7.5000e-01  eta: 2:00:23  time: 1.2881  data_time: 0.0018  memory: 7239  loss: -3.3935
01/23 00:21:12 - mmengine - INFO - Exp name: byol_resnet50_2xb128-coslr-50e_cifar100_20260122_233559
01/23 00:21:12 - mmengine - INFO - Saving checkpoint at 21 epochs
01/23 00:23:22 - mmengine - INFO - Epoch(train) [22][100/196]  base_lr: 7.1919e-01 lr: 7.1919e-01  eta: 1:56:39  time: 1.3415  data_time: 0.0012  memory: 7239  loss: -3.4113
01/23 00:25:26 - mmengine - INFO - Exp name: byol_resnet50_2xb128-coslr-50e_cifar100_20260122_233559
01/23 00:25:26 - mmengine - INFO - Saving checkpoint at 22 epochs
01/23 00:27:35 - mmengine - INFO - Epoch(train) [23][100/196]  base_lr: 6.8730e-01 lr: 6.8730e-01  eta: 1:52:48  time: 1.2879  data_time: 0.0021  memory: 7239  loss: -3.3898
01/23 00:29:39 - mmengine - INFO - Exp name: byol_resnet50_2xb128-coslr-50e_cifar100_20260122_233559
01/23 00:29:39 - mmengine - INFO - Saving checkpoint at 23 epochs
01/23 00:31:48 - mmengine - INFO - Epoch(train) [24][100/196]  base_lr: 6.5451e-01 lr: 6.5451e-01  eta: 1:48:54  time: 1.2868  data_time: 0.0016  memory: 7239  loss: -3.4048
01/23 00:33:52 - mmengine - INFO - Exp name: byol_resnet50_2xb128-coslr-50e_cifar100_20260122_233559
01/23 00:33:52 - mmengine - INFO - Saving checkpoint at 24 epochs
01/23 00:36:02 - mmengine - INFO - Epoch(train) [25][100/196]  base_lr: 6.2096e-01 lr: 6.2096e-01  eta: 1:44:59  time: 1.2870  data_time: 0.0016  memory: 7239  loss: -3.4425
01/23 00:38:06 - mmengine - INFO - Exp name: byol_resnet50_2xb128-coslr-50e_cifar100_20260122_233559
01/23 00:38:06 - mmengine - INFO - Saving checkpoint at 25 epochs
01/23 00:40:16 - mmengine - INFO - Exp name: byol_resnet50_2xb128-coslr-50e_cifar100_20260122_233559
01/23 00:40:16 - mmengine - INFO - Epoch(train) [26][100/196]  base_lr: 5.8682e-01 lr: 5.8682e-01  eta: 1:41:01  time: 1.2860  data_time: 0.0014  memory: 7239  loss: -3.4303
01/23 00:42:19 - mmengine - INFO - Exp name: byol_resnet50_2xb128-coslr-50e_cifar100_20260122_233559
01/23 00:42:19 - mmengine - INFO - Saving checkpoint at 26 epochs
01/23 00:44:30 - mmengine - INFO - Epoch(train) [27][100/196]  base_lr: 5.5226e-01 lr: 5.5226e-01  eta: 1:37:02  time: 1.2917  data_time: 0.0023  memory: 7239  loss: -3.4061
01/23 00:46:33 - mmengine - INFO - Exp name: byol_resnet50_2xb128-coslr-50e_cifar100_20260122_233559
01/23 00:46:33 - mmengine - INFO - Saving checkpoint at 27 epochs
01/23 00:48:43 - mmengine - INFO - Epoch(train) [28][100/196]  base_lr: 5.1745e-01 lr: 5.1745e-01  eta: 1:33:00  time: 1.2869  data_time: 0.0019  memory: 7239  loss: -3.4248
01/23 00:50:46 - mmengine - INFO - Exp name: byol_resnet50_2xb128-coslr-50e_cifar100_20260122_233559
01/23 00:50:46 - mmengine - INFO - Saving checkpoint at 28 epochs
01/23 00:52:56 - mmengine - INFO - Epoch(train) [29][100/196]  base_lr: 4.8255e-01 lr: 4.8255e-01  eta: 1:28:57  time: 1.2874  data_time: 0.0018  memory: 7239  loss: -3.4235
01/23 00:54:59 - mmengine - INFO - Exp name: byol_resnet50_2xb128-coslr-50e_cifar100_20260122_233559
01/23 00:54:59 - mmengine - INFO - Saving checkpoint at 29 epochs
01/23 00:57:09 - mmengine - INFO - Epoch(train) [30][100/196]  base_lr: 4.4774e-01 lr: 4.4774e-01  eta: 1:24:53  time: 1.2881  data_time: 0.0013  memory: 7239  loss: -3.4267
01/23 00:59:12 - mmengine - INFO - Exp name: byol_resnet50_2xb128-coslr-50e_cifar100_20260122_233559
01/23 00:59:12 - mmengine - INFO - Saving checkpoint at 30 epochs
01/23 01:01:22 - mmengine - INFO - Epoch(train) [31][100/196]  base_lr: 4.1318e-01 lr: 4.1318e-01  eta: 1:20:48  time: 1.2916  data_time: 0.0009  memory: 7239  loss: -3.4378
01/23 01:01:48 - mmengine - INFO - Exp name: byol_resnet50_2xb128-coslr-50e_cifar100_20260122_233559
01/23 01:03:26 - mmengine - INFO - Exp name: byol_resnet50_2xb128-coslr-50e_cifar100_20260122_233559
01/23 01:03:26 - mmengine - INFO - Saving checkpoint at 31 epochs
01/23 01:05:35 - mmengine - INFO - Epoch(train) [32][100/196]  base_lr: 3.7904e-01 lr: 3.7904e-01  eta: 1:16:42  time: 1.2845  data_time: 0.0026  memory: 7239  loss: -3.4347
01/23 01:07:39 - mmengine - INFO - Exp name: byol_resnet50_2xb128-coslr-50e_cifar100_20260122_233559
01/23 01:07:39 - mmengine - INFO - Saving checkpoint at 32 epochs
01/23 01:09:49 - mmengine - INFO - Epoch(train) [33][100/196]  base_lr: 3.4549e-01 lr: 3.4549e-01  eta: 1:12:37  time: 1.2881  data_time: 0.0021  memory: 7239  loss: -3.4207
01/23 01:11:53 - mmengine - INFO - Exp name: byol_resnet50_2xb128-coslr-50e_cifar100_20260122_233559
01/23 01:11:53 - mmengine - INFO - Saving checkpoint at 33 epochs
01/23 01:14:03 - mmengine - INFO - Epoch(train) [34][100/196]  base_lr: 3.1270e-01 lr: 3.1270e-01  eta: 1:08:31  time: 1.2881  data_time: 0.0015  memory: 7239  loss: -3.4422
01/23 01:16:06 - mmengine - INFO - Exp name: byol_resnet50_2xb128-coslr-50e_cifar100_20260122_233559
01/23 01:16:06 - mmengine - INFO - Saving checkpoint at 34 epochs
01/23 01:18:16 - mmengine - INFO - Epoch(train) [35][100/196]  base_lr: 2.8081e-01 lr: 2.8081e-01  eta: 1:04:24  time: 1.2865  data_time: 0.0010  memory: 7239  loss: -3.4512
01/23 01:20:20 - mmengine - INFO - Exp name: byol_resnet50_2xb128-coslr-50e_cifar100_20260122_233559
01/23 01:20:20 - mmengine - INFO - Saving checkpoint at 35 epochs
01/23 01:22:30 - mmengine - INFO - Epoch(train) [36][100/196]  base_lr: 2.5000e-01 lr: 2.5000e-01  eta: 1:00:16  time: 1.2866  data_time: 0.0020  memory: 7239  loss: -3.4429
01/23 01:23:21 - mmengine - INFO - Exp name: byol_resnet50_2xb128-coslr-50e_cifar100_20260122_233559
01/23 01:24:34 - mmengine - INFO - Exp name: byol_resnet50_2xb128-coslr-50e_cifar100_20260122_233559
01/23 01:24:34 - mmengine - INFO - Saving checkpoint at 36 epochs
01/23 01:26:44 - mmengine - INFO - Epoch(train) [37][100/196]  base_lr: 2.2040e-01 lr: 2.2040e-01  eta: 0:56:08  time: 1.2867  data_time: 0.0023  memory: 7239  loss: -3.4474
01/23 01:28:47 - mmengine - INFO - Exp name: byol_resnet50_2xb128-coslr-50e_cifar100_20260122_233559
01/23 01:28:47 - mmengine - INFO - Saving checkpoint at 37 epochs
01/23 01:30:57 - mmengine - INFO - Epoch(train) [38][100/196]  base_lr: 1.9217e-01 lr: 1.9217e-01  eta: 0:52:00  time: 1.2863  data_time: 0.0021  memory: 7239  loss: -3.4655
01/23 01:33:00 - mmengine - INFO - Exp name: byol_resnet50_2xb128-coslr-50e_cifar100_20260122_233559
01/23 01:33:00 - mmengine - INFO - Saving checkpoint at 38 epochs
01/23 01:35:10 - mmengine - INFO - Epoch(train) [39][100/196]  base_lr: 1.6543e-01 lr: 1.6543e-01  eta: 0:47:51  time: 1.2884  data_time: 0.0021  memory: 7239  loss: -3.4456
01/23 01:37:13 - mmengine - INFO - Exp name: byol_resnet50_2xb128-coslr-50e_cifar100_20260122_233559
01/23 01:37:13 - mmengine - INFO - Saving checkpoint at 39 epochs
01/23 01:39:23 - mmengine - INFO - Epoch(train) [40][100/196]  base_lr: 1.4033e-01 lr: 1.4033e-01  eta: 0:43:42  time: 1.2892  data_time: 0.0030  memory: 7239  loss: -3.4664
01/23 01:41:27 - mmengine - INFO - Exp name: byol_resnet50_2xb128-coslr-50e_cifar100_20260122_233559
01/23 01:41:27 - mmengine - INFO - Saving checkpoint at 40 epochs
01/23 01:43:38 - mmengine - INFO - Epoch(train) [41][100/196]  base_lr: 1.1698e-01 lr: 1.1698e-01  eta: 0:39:33  time: 1.3392  data_time: 0.0020  memory: 7239  loss: -3.4609
01/23 01:44:55 - mmengine - INFO - Exp name: byol_resnet50_2xb128-coslr-50e_cifar100_20260122_233559
01/23 01:45:41 - mmengine - INFO - Exp name: byol_resnet50_2xb128-coslr-50e_cifar100_20260122_233559
01/23 01:45:41 - mmengine - INFO - Saving checkpoint at 41 epochs
01/23 01:47:51 - mmengine - INFO - Epoch(train) [42][100/196]  base_lr: 9.5492e-02 lr: 9.5492e-02  eta: 0:35:24  time: 1.2879  data_time: 0.0017  memory: 7239  loss: -3.4449
01/23 01:49:54 - mmengine - INFO - Exp name: byol_resnet50_2xb128-coslr-50e_cifar100_20260122_233559
01/23 01:49:54 - mmengine - INFO - Saving checkpoint at 42 epochs
01/23 01:52:04 - mmengine - INFO - Epoch(train) [43][100/196]  base_lr: 7.5976e-02 lr: 7.5976e-02  eta: 0:31:14  time: 1.2866  data_time: 0.0020  memory: 7239  loss: -3.4594
01/23 01:54:07 - mmengine - INFO - Exp name: byol_resnet50_2xb128-coslr-50e_cifar100_20260122_233559
01/23 01:54:07 - mmengine - INFO - Saving checkpoint at 43 epochs
01/23 01:56:17 - mmengine - INFO - Epoch(train) [44][100/196]  base_lr: 5.8526e-02 lr: 5.8526e-02  eta: 0:27:04  time: 1.2868  data_time: 0.0022  memory: 7239  loss: -3.4694
01/23 01:58:21 - mmengine - INFO - Exp name: byol_resnet50_2xb128-coslr-50e_cifar100_20260122_233559
01/23 01:58:21 - mmengine - INFO - Saving checkpoint at 44 epochs
01/23 02:00:31 - mmengine - INFO - Epoch(train) [45][100/196]  base_lr: 4.3227e-02 lr: 4.3227e-02  eta: 0:22:54  time: 1.2874  data_time: 0.0023  memory: 7239  loss: -3.4672
01/23 02:02:34 - mmengine - INFO - Exp name: byol_resnet50_2xb128-coslr-50e_cifar100_20260122_233559
01/23 02:02:34 - mmengine - INFO - Saving checkpoint at 45 epochs
01/23 02:04:44 - mmengine - INFO - Epoch(train) [46][100/196]  base_lr: 3.0154e-02 lr: 3.0154e-02  eta: 0:18:44  time: 1.3154  data_time: 0.0018  memory: 7239  loss: -3.4661
01/23 02:06:28 - mmengine - INFO - Exp name: byol_resnet50_2xb128-coslr-50e_cifar100_20260122_233559
01/23 02:06:48 - mmengine - INFO - Exp name: byol_resnet50_2xb128-coslr-50e_cifar100_20260122_233559
01/23 02:06:48 - mmengine - INFO - Saving checkpoint at 46 epochs
01/23 02:08:57 - mmengine - INFO - Epoch(train) [47][100/196]  base_lr: 1.9369e-02 lr: 1.9369e-02  eta: 0:14:34  time: 1.2886  data_time: 0.0026  memory: 7239  loss: -3.4707
01/23 02:11:00 - mmengine - INFO - Exp name: byol_resnet50_2xb128-coslr-50e_cifar100_20260122_233559
01/23 02:11:00 - mmengine - INFO - Saving checkpoint at 47 epochs
01/23 02:13:10 - mmengine - INFO - Epoch(train) [48][100/196]  base_lr: 1.0926e-02 lr: 1.0926e-02  eta: 0:10:23  time: 1.2883  data_time: 0.0019  memory: 7239  loss: -3.4732
01/23 02:15:13 - mmengine - INFO - Exp name: byol_resnet50_2xb128-coslr-50e_cifar100_20260122_233559
01/23 02:15:13 - mmengine - INFO - Saving checkpoint at 48 epochs
01/23 02:17:23 - mmengine - INFO - Epoch(train) [49][100/196]  base_lr: 4.8660e-03 lr: 4.8660e-03  eta: 0:06:13  time: 1.2860  data_time: 0.0022  memory: 7239  loss: -3.4630
01/23 02:19:26 - mmengine - INFO - Exp name: byol_resnet50_2xb128-coslr-50e_cifar100_20260122_233559
01/23 02:19:26 - mmengine - INFO - Saving checkpoint at 49 epochs
01/23 02:21:36 - mmengine - INFO - Epoch(train) [50][100/196]  base_lr: 1.2180e-03 lr: 1.2180e-03  eta: 0:02:02  time: 1.2966  data_time: 0.0022  memory: 7239  loss: -3.4810
01/23 02:23:39 - mmengine - INFO - Exp name: byol_resnet50_2xb128-coslr-50e_cifar100_20260122_233559
01/23 02:23:39 - mmengine - INFO - Saving checkpoint at 50 epochs
=============================================
Training complete!
Checkpoints saved to: /home/hkoc/UM/UM_SEM9/how-to-probe/outputs/byol_cifar100
=============================================
