nohup: ignoring input
=============================================
Linear Probing on CIFAR100
=============================================
Model: byol
Config: /home/hkoc/UM/UM_SEM9/how-to-probe/probing/single_label_classification/byol_resnet50_linear-probe_cifar100.py
Work Directory: /home/hkoc/UM/UM_SEM9/how-to-probe/outputs/probing_byol_cifar100
GPUs: 2
=============================================
WARNING:torch.distributed.run:
*****************************************
Setting OMP_NUM_THREADS environment variable for each process to be 1 in default, to avoid your system being overloaded, please further tune the variable for optimal performance in your application as needed. 
*****************************************
/home/hkoc/UM/UM_SEM9/how-to-probe/.venv/lib/python3.11/site-packages/mmengine/utils/dl_utils/setup_env.py:56: UserWarning: Setting MKL_NUM_THREADS environment variable for each process to be 1 in default, to avoid your system being overloaded, please further tune the variable for optimal performance in your application as needed.
  warnings.warn(
/home/hkoc/UM/UM_SEM9/how-to-probe/.venv/lib/python3.11/site-packages/mmengine/utils/dl_utils/setup_env.py:56: UserWarning: Setting MKL_NUM_THREADS environment variable for each process to be 1 in default, to avoid your system being overloaded, please further tune the variable for optimal performance in your application as needed.
  warnings.warn(
01/23 13:18:56 - mmengine - INFO - 
------------------------------------------------------------
System environment:
    sys.platform: linux
    Python: 3.11.2 (main, Apr 28 2025, 14:11:48) [GCC 12.2.0]
    CUDA available: True
    numpy_random_seed: 952268868
    GPU 0,1: NVIDIA RTX A4000
    CUDA_HOME: /usr/local/cuda
    NVCC: Cuda compilation tools, release 13.1, V13.1.80
    GCC: x86_64-linux-gnu-gcc (Debian 12.2.0-14+deb12u1) 12.2.0
    PyTorch: 2.0.1+cu117
    PyTorch compiling details: PyTorch built with:
  - GCC 9.3
  - C++ Version: 201703
  - Intel(R) oneAPI Math Kernel Library Version 2022.2-Product Build 20220804 for Intel(R) 64 architecture applications
  - Intel(R) MKL-DNN v2.7.3 (Git Hash 6dbeffbae1f23cbbeae17adb7b5b13f1f37c080e)
  - OpenMP 201511 (a.k.a. OpenMP 4.5)
  - LAPACK is enabled (usually provided by MKL)
  - NNPACK is enabled
  - CPU capability usage: AVX2
  - CUDA Runtime 11.7
  - NVCC architecture flags: -gencode;arch=compute_37,code=sm_37;-gencode;arch=compute_50,code=sm_50;-gencode;arch=compute_60,code=sm_60;-gencode;arch=compute_70,code=sm_70;-gencode;arch=compute_75,code=sm_75;-gencode;arch=compute_80,code=sm_80;-gencode;arch=compute_86,code=sm_86
  - CuDNN 8.5
  - Magma 2.6.1
  - Build settings: BLAS_INFO=mkl, BUILD_TYPE=Release, CUDA_VERSION=11.7, CUDNN_VERSION=8.5.0, CXX_COMPILER=/opt/rh/devtoolset-9/root/usr/bin/c++, CXX_FLAGS= -D_GLIBCXX_USE_CXX11_ABI=0 -fabi-version=11 -Wno-deprecated -fvisibility-inlines-hidden -DUSE_PTHREADPOOL -DNDEBUG -DUSE_KINETO -DLIBKINETO_NOROCTRACER -DUSE_FBGEMM -DUSE_QNNPACK -DUSE_PYTORCH_QNNPACK -DUSE_XNNPACK -DSYMBOLICATE_MOBILE_DEBUG_HANDLE -O2 -fPIC -Wall -Wextra -Werror=return-type -Werror=non-virtual-dtor -Werror=bool-operation -Wnarrowing -Wno-missing-field-initializers -Wno-type-limits -Wno-array-bounds -Wno-unknown-pragmas -Wunused-local-typedefs -Wno-unused-parameter -Wno-unused-function -Wno-unused-result -Wno-strict-overflow -Wno-strict-aliasing -Wno-error=deprecated-declarations -Wno-stringop-overflow -Wno-psabi -Wno-error=pedantic -Wno-error=redundant-decls -Wno-error=old-style-cast -fdiagnostics-color=always -faligned-new -Wno-unused-but-set-variable -Wno-maybe-uninitialized -fno-math-errno -fno-trapping-math -Werror=format -Werror=cast-function-type -Wno-stringop-overflow, LAPACK_INFO=mkl, PERF_WITH_AVX=1, PERF_WITH_AVX2=1, PERF_WITH_AVX512=1, TORCH_DISABLE_GPU_ASSERTS=ON, TORCH_VERSION=2.0.1, USE_CUDA=ON, USE_CUDNN=ON, USE_EXCEPTION_PTR=1, USE_GFLAGS=OFF, USE_GLOG=OFF, USE_MKL=ON, USE_MKLDNN=ON, USE_MPI=OFF, USE_NCCL=1, USE_NNPACK=ON, USE_OPENMP=ON, USE_ROCM=OFF, 

    TorchVision: 0.15.2+cu117
    OpenCV: 4.8.0
    MMEngine: 0.8.4

Runtime environment:
    cudnn_benchmark: False
    mp_cfg: {'mp_start_method': 'fork', 'opencv_num_threads': 0}
    dist_cfg: {'backend': 'nccl'}
    seed: 952268868
    deterministic: False
    Distributed launcher: pytorch
    Distributed training: True
    GPU number: 2
------------------------------------------------------------

01/23 13:18:56 - mmengine - INFO - Config:
auto_scale_lr = dict(base_batch_size=256)
data_preprocessor = dict(
    mean=[
        129.304,
        124.07,
        112.434,
    ],
    num_classes=100,
    std=[
        68.17,
        65.392,
        70.418,
    ],
    to_rgb=False)
data_root = 'data/cifar100'
dataset_type = 'CIFAR100'
default_hooks = dict(
    checkpoint=dict(interval=10, max_keep_ckpts=3, type='CheckpointHook'),
    logger=dict(interval=100, type='LoggerHook'),
    param_scheduler=dict(type='ParamSchedulerHook'),
    sampler_seed=dict(type='DistSamplerSeedHook'),
    timer=dict(type='IterTimerHook'),
    visualization=dict(enable=False, type='VisualizationHook'))
default_scope = 'mmpretrain'
env_cfg = dict(
    cudnn_benchmark=False,
    dist_cfg=dict(backend='nccl'),
    mp_cfg=dict(mp_start_method='fork', opencv_num_threads=0))
launcher = 'pytorch'
load_from = None
log_level = 'INFO'
model = dict(
    backbone=dict(
        depth=50,
        frozen_stages=4,
        init_cfg=dict(
            checkpoint='../../outputs/byol_cifar100/epoch_50.pth',
            prefix='backbone.',
            type='Pretrained'),
        num_stages=4,
        out_indices=(3, ),
        style='pytorch',
        type='ResNet_CIFAR'),
    head=dict(
        in_channels=2048,
        loss=dict(type='CrossEntropyLoss'),
        num_classes=100,
        topk=(
            1,
            5,
        ),
        type='LinearClsHead',
        with_avg_pool=True),
    neck=None,
    type='ImageClassifier')
optim_wrapper = dict(
    optimizer=dict(lr=0.1, momentum=0.9, type='SGD', weight_decay=0.0))
param_scheduler = [
    dict(
        begin=0,
        by_epoch=True,
        convert_to_iter_based=True,
        end=5,
        start_factor=0.01,
        type='LinearLR'),
    dict(T_max=95, begin=5, by_epoch=True, end=100, type='CosineAnnealingLR'),
]
randomness = dict(deterministic=False, seed=None)
resume = True
test_cfg = dict()
test_dataloader = dict(
    batch_size=128,
    collate_fn=dict(type='default_collate'),
    dataset=dict(
        data_root='data/cifar100',
        pipeline=[
            dict(type='PackInputs'),
        ],
        split='test',
        type='CIFAR100'),
    num_workers=4,
    persistent_workers=True,
    pin_memory=True,
    sampler=dict(shuffle=False, type='DefaultSampler'))
test_evaluator = dict(
    topk=(
        1,
        5,
    ), type='Accuracy')
test_pipeline = [
    dict(type='PackInputs'),
]
train_cfg = dict(by_epoch=True, max_epochs=100, val_interval=1)
train_dataloader = dict(
    batch_size=128,
    collate_fn=dict(type='default_collate'),
    dataset=dict(
        data_root='data/cifar100',
        pipeline=[
            dict(crop_size=32, padding=4, type='RandomCrop'),
            dict(direction='horizontal', prob=0.5, type='RandomFlip'),
            dict(type='PackInputs'),
        ],
        split='train',
        type='CIFAR100'),
    num_workers=4,
    persistent_workers=True,
    pin_memory=True,
    sampler=dict(shuffle=True, type='DefaultSampler'))
train_pipeline = [
    dict(crop_size=32, padding=4, type='RandomCrop'),
    dict(direction='horizontal', prob=0.5, type='RandomFlip'),
    dict(type='PackInputs'),
]
val_cfg = dict()
val_dataloader = dict(
    batch_size=128,
    collate_fn=dict(type='default_collate'),
    dataset=dict(
        data_root='data/cifar100',
        pipeline=[
            dict(type='PackInputs'),
        ],
        split='test',
        type='CIFAR100'),
    num_workers=4,
    persistent_workers=True,
    pin_memory=True,
    sampler=dict(shuffle=False, type='DefaultSampler'))
val_evaluator = dict(
    topk=(
        1,
        5,
    ), type='Accuracy')
vis_backends = [
    dict(type='LocalVisBackend'),
]
visualizer = dict(
    type='UniversalVisualizer', vis_backends=[
        dict(type='LocalVisBackend'),
    ])
work_dir = '/home/hkoc/UM/UM_SEM9/how-to-probe/outputs/probing_byol_cifar100'

/home/hkoc/UM/UM_SEM9/how-to-probe/.venv/lib/python3.11/site-packages/mmcv/cnn/bricks/transformer.py:33: UserWarning: Fail to import ``MultiScaleDeformableAttention`` from ``mmcv.ops.multi_scale_deform_attn``, You should install ``mmcv`` rather than ``mmcv-lite`` if you need this module. 
  warnings.warn('Fail to import ``MultiScaleDeformableAttention`` from '
/home/hkoc/UM/UM_SEM9/how-to-probe/.venv/lib/python3.11/site-packages/mmcv/cnn/bricks/transformer.py:33: UserWarning: Fail to import ``MultiScaleDeformableAttention`` from ``mmcv.ops.multi_scale_deform_attn``, You should install ``mmcv`` rather than ``mmcv-lite`` if you need this module. 
  warnings.warn('Fail to import ``MultiScaleDeformableAttention`` from '
01/23 13:18:56 - mmengine - INFO - Hooks will be executed in the following order:
before_run:
(VERY_HIGH   ) RuntimeInfoHook                    
(BELOW_NORMAL) LoggerHook                         
 -------------------- 
before_train:
(VERY_HIGH   ) RuntimeInfoHook                    
(NORMAL      ) IterTimerHook                      
(VERY_LOW    ) CheckpointHook                     
 -------------------- 
before_train_epoch:
(VERY_HIGH   ) RuntimeInfoHook                    
(NORMAL      ) IterTimerHook                      
(NORMAL      ) DistSamplerSeedHook                
 -------------------- 
before_train_iter:
(VERY_HIGH   ) RuntimeInfoHook                    
(NORMAL      ) IterTimerHook                      
 -------------------- 
after_train_iter:
(VERY_HIGH   ) RuntimeInfoHook                    
(NORMAL      ) IterTimerHook                      
(BELOW_NORMAL) LoggerHook                         
(LOW         ) ParamSchedulerHook                 
(VERY_LOW    ) CheckpointHook                     
 -------------------- 
after_train_epoch:
(NORMAL      ) IterTimerHook                      
(LOW         ) ParamSchedulerHook                 
(VERY_LOW    ) CheckpointHook                     
 -------------------- 
before_val:
(VERY_HIGH   ) RuntimeInfoHook                    
 -------------------- 
before_val_epoch:
(NORMAL      ) IterTimerHook                      
 -------------------- 
before_val_iter:
(NORMAL      ) IterTimerHook                      
 -------------------- 
after_val_iter:
(NORMAL      ) IterTimerHook                      
(NORMAL      ) VisualizationHook                  
(BELOW_NORMAL) LoggerHook                         
 -------------------- 
after_val_epoch:
(VERY_HIGH   ) RuntimeInfoHook                    
(NORMAL      ) IterTimerHook                      
(BELOW_NORMAL) LoggerHook                         
(LOW         ) ParamSchedulerHook                 
(VERY_LOW    ) CheckpointHook                     
 -------------------- 
after_val:
(VERY_HIGH   ) RuntimeInfoHook                    
 -------------------- 
after_train:
(VERY_HIGH   ) RuntimeInfoHook                    
(VERY_LOW    ) CheckpointHook                     
 -------------------- 
before_test:
(VERY_HIGH   ) RuntimeInfoHook                    
 -------------------- 
before_test_epoch:
(NORMAL      ) IterTimerHook                      
 -------------------- 
before_test_iter:
(NORMAL      ) IterTimerHook                      
 -------------------- 
after_test_iter:
(NORMAL      ) IterTimerHook                      
(NORMAL      ) VisualizationHook                  
(BELOW_NORMAL) LoggerHook                         
 -------------------- 
after_test_epoch:
(VERY_HIGH   ) RuntimeInfoHook                    
(NORMAL      ) IterTimerHook                      
(BELOW_NORMAL) LoggerHook                         
 -------------------- 
after_test:
(VERY_HIGH   ) RuntimeInfoHook                    
 -------------------- 
after_run:
(BELOW_NORMAL) LoggerHook                         
 -------------------- 
01/23 13:19:00 - mmengine - INFO - load backbone. in model from: ../../outputs/byol_cifar100/epoch_50.pth
Loads checkpoint by local backend from path: ../../outputs/byol_cifar100/epoch_50.pth
Loads checkpoint by local backend from path: ../../outputs/byol_cifar100/epoch_50.pth
Did not find last_checkpoint to be resumed.
Did not find last_checkpoint to be resumed.
01/23 13:19:00 - mmengine - INFO - Auto resumed from the latest checkpoint None.
01/23 13:19:00 - mmengine - WARNING - "FileClient" will be deprecated in future. Please use io functions in https://mmengine.readthedocs.io/en/latest/api/fileio.html#file-io
01/23 13:19:00 - mmengine - WARNING - "HardDiskBackend" is the alias of "LocalBackend" and the former will be deprecated in future.
01/23 13:19:00 - mmengine - INFO - Checkpoints will be saved to /home/hkoc/UM/UM_SEM9/how-to-probe/outputs/probing_byol_cifar100.
01/23 13:19:15 - mmengine - INFO - Epoch(train)   [1][100/196]  lr: 1.1011e-02  eta: 0:48:00  time: 0.1100  data_time: 0.0014  memory: 541  loss: 3.8442
01/23 13:19:26 - mmengine - INFO - Exp name: byol_resnet50_linear-probe_cifar100_20260123_131853
01/23 13:19:32 - mmengine - INFO - Epoch(val) [1][40/40]    accuracy/top1: 26.9600  accuracy/top5: 57.2000  data_time: 0.0051  time: 0.1040
01/23 13:19:43 - mmengine - INFO - Epoch(train)   [2][100/196]  lr: 3.0831e-02  eta: 0:39:30  time: 0.1102  data_time: 0.0014  memory: 541  loss: 2.8152
01/23 13:19:53 - mmengine - INFO - Exp name: byol_resnet50_linear-probe_cifar100_20260123_131853
01/23 13:19:59 - mmengine - INFO - Epoch(val) [2][40/40]    accuracy/top1: 32.8300  accuracy/top5: 64.1700  data_time: 0.0010  time: 0.0998
01/23 13:20:10 - mmengine - INFO - Epoch(train)   [3][100/196]  lr: 5.0652e-02  eta: 0:37:20  time: 0.1097  data_time: 0.0009  memory: 541  loss: 2.5883
01/23 13:20:20 - mmengine - INFO - Exp name: byol_resnet50_linear-probe_cifar100_20260123_131853
01/23 13:20:26 - mmengine - INFO - Epoch(val) [3][40/40]    accuracy/top1: 35.2300  accuracy/top5: 67.0500  data_time: 0.0010  time: 0.0981
01/23 13:20:37 - mmengine - INFO - Epoch(train)   [4][100/196]  lr: 7.0472e-02  eta: 0:36:18  time: 0.1098  data_time: 0.0011  memory: 541  loss: 2.5289
01/23 13:20:47 - mmengine - INFO - Exp name: byol_resnet50_linear-probe_cifar100_20260123_131853
01/23 13:20:53 - mmengine - INFO - Epoch(val) [4][40/40]    accuracy/top1: 36.3000  accuracy/top5: 67.0800  data_time: 0.0008  time: 0.0961
01/23 13:21:04 - mmengine - INFO - Epoch(train)   [5][100/196]  lr: 9.0292e-02  eta: 0:35:18  time: 0.1035  data_time: 0.0012  memory: 541  loss: 2.5852
01/23 13:21:14 - mmengine - INFO - Exp name: byol_resnet50_linear-probe_cifar100_20260123_131853
01/23 13:21:19 - mmengine - INFO - Epoch(val) [5][40/40]    accuracy/top1: 37.5900  accuracy/top5: 67.9500  data_time: 0.0009  time: 0.0958
01/23 13:21:21 - mmengine - INFO - Exp name: byol_resnet50_linear-probe_cifar100_20260123_131853
01/23 13:21:30 - mmengine - INFO - Epoch(train)   [6][100/196]  lr: 1.0000e-01  eta: 0:34:35  time: 0.1103  data_time: 0.0011  memory: 541  loss: 2.3997
01/23 13:21:41 - mmengine - INFO - Exp name: byol_resnet50_linear-probe_cifar100_20260123_131853
01/23 13:21:47 - mmengine - INFO - Epoch(val) [6][40/40]    accuracy/top1: 39.1300  accuracy/top5: 70.4900  data_time: 0.0009  time: 0.0963
01/23 13:21:57 - mmengine - INFO - Epoch(train)   [7][100/196]  lr: 9.9973e-02  eta: 0:34:00  time: 0.1052  data_time: 0.0015  memory: 541  loss: 2.3905
01/23 13:22:08 - mmengine - INFO - Exp name: byol_resnet50_linear-probe_cifar100_20260123_131853
01/23 13:22:13 - mmengine - INFO - Epoch(val) [7][40/40]    accuracy/top1: 39.7600  accuracy/top5: 70.7200  data_time: 0.0011  time: 0.0982
01/23 13:22:25 - mmengine - INFO - Epoch(train)   [8][100/196]  lr: 9.9891e-02  eta: 0:33:36  time: 0.1114  data_time: 0.0006  memory: 541  loss: 2.2242
01/23 13:22:35 - mmengine - INFO - Exp name: byol_resnet50_linear-probe_cifar100_20260123_131853
01/23 13:22:41 - mmengine - INFO - Epoch(val) [8][40/40]    accuracy/top1: 39.6200  accuracy/top5: 70.8200  data_time: 0.0011  time: 0.0976
01/23 13:22:52 - mmengine - INFO - Epoch(train)   [9][100/196]  lr: 9.9754e-02  eta: 0:33:08  time: 0.1099  data_time: 0.0012  memory: 541  loss: 2.1981
01/23 13:23:02 - mmengine - INFO - Exp name: byol_resnet50_linear-probe_cifar100_20260123_131853
01/23 13:23:08 - mmengine - INFO - Epoch(val) [9][40/40]    accuracy/top1: 39.5000  accuracy/top5: 71.5300  data_time: 0.0012  time: 0.0979
01/23 13:23:18 - mmengine - INFO - Epoch(train)  [10][100/196]  lr: 9.9563e-02  eta: 0:32:38  time: 0.1034  data_time: 0.0020  memory: 541  loss: 2.3359
01/23 13:23:28 - mmengine - INFO - Exp name: byol_resnet50_linear-probe_cifar100_20260123_131853
01/23 13:23:28 - mmengine - INFO - Saving checkpoint at 10 epochs
01/23 13:23:34 - mmengine - INFO - Epoch(val) [10][40/40]    accuracy/top1: 42.6900  accuracy/top5: 72.9100  data_time: 0.0008  time: 0.0975
01/23 13:23:38 - mmengine - INFO - Exp name: byol_resnet50_linear-probe_cifar100_20260123_131853
01/23 13:23:45 - mmengine - INFO - Epoch(train)  [11][100/196]  lr: 9.9318e-02  eta: 0:32:06  time: 0.1046  data_time: 0.0011  memory: 541  loss: 2.2667
01/23 13:23:55 - mmengine - INFO - Exp name: byol_resnet50_linear-probe_cifar100_20260123_131853
01/23 13:24:01 - mmengine - INFO - Epoch(val) [11][40/40]    accuracy/top1: 42.4800  accuracy/top5: 72.6100  data_time: 0.0014  time: 0.0987
01/23 13:24:12 - mmengine - INFO - Epoch(train)  [12][100/196]  lr: 9.9019e-02  eta: 0:31:42  time: 0.1109  data_time: 0.0018  memory: 541  loss: 2.1406
01/23 13:24:22 - mmengine - INFO - Exp name: byol_resnet50_linear-probe_cifar100_20260123_131853
01/23 13:24:27 - mmengine - INFO - Epoch(val) [12][40/40]    accuracy/top1: 43.3000  accuracy/top5: 74.8800  data_time: 0.0008  time: 0.0943
01/23 13:24:38 - mmengine - INFO - Epoch(train)  [13][100/196]  lr: 9.8666e-02  eta: 0:31:17  time: 0.1097  data_time: 0.0014  memory: 541  loss: 2.2582
01/23 13:24:49 - mmengine - INFO - Exp name: byol_resnet50_linear-probe_cifar100_20260123_131853
01/23 13:24:55 - mmengine - INFO - Epoch(val) [13][40/40]    accuracy/top1: 43.3100  accuracy/top5: 74.4200  data_time: 0.0009  time: 0.0963
01/23 13:25:06 - mmengine - INFO - Epoch(train)  [14][100/196]  lr: 9.8260e-02  eta: 0:30:59  time: 0.1176  data_time: 0.0010  memory: 541  loss: 2.1315
01/23 13:25:16 - mmengine - INFO - Exp name: byol_resnet50_linear-probe_cifar100_20260123_131853
01/23 13:25:22 - mmengine - INFO - Epoch(val) [14][40/40]    accuracy/top1: 43.0300  accuracy/top5: 74.0900  data_time: 0.0012  time: 0.0946
01/23 13:25:33 - mmengine - INFO - Epoch(train)  [15][100/196]  lr: 9.7802e-02  eta: 0:30:36  time: 0.1096  data_time: 0.0006  memory: 541  loss: 2.2051
01/23 13:25:43 - mmengine - INFO - Exp name: byol_resnet50_linear-probe_cifar100_20260123_131853
01/23 13:25:49 - mmengine - INFO - Epoch(val) [15][40/40]    accuracy/top1: 43.3100  accuracy/top5: 73.5800  data_time: 0.0011  time: 0.0969
01/23 13:25:55 - mmengine - INFO - Exp name: byol_resnet50_linear-probe_cifar100_20260123_131853
01/23 13:26:00 - mmengine - INFO - Epoch(train)  [16][100/196]  lr: 9.7291e-02  eta: 0:30:13  time: 0.1113  data_time: 0.0016  memory: 541  loss: 2.0927
01/23 13:26:10 - mmengine - INFO - Exp name: byol_resnet50_linear-probe_cifar100_20260123_131853
01/23 13:26:16 - mmengine - INFO - Epoch(val) [16][40/40]    accuracy/top1: 43.6500  accuracy/top5: 74.2800  data_time: 0.0010  time: 0.0983
01/23 13:26:27 - mmengine - INFO - Epoch(train)  [17][100/196]  lr: 9.6728e-02  eta: 0:29:54  time: 0.1118  data_time: 0.0014  memory: 541  loss: 2.0494
01/23 13:26:38 - mmengine - INFO - Exp name: byol_resnet50_linear-probe_cifar100_20260123_131853
01/23 13:26:44 - mmengine - INFO - Epoch(val) [17][40/40]    accuracy/top1: 42.8400  accuracy/top5: 74.2900  data_time: 0.0010  time: 0.0979
01/23 13:26:55 - mmengine - INFO - Epoch(train)  [18][100/196]  lr: 9.6114e-02  eta: 0:29:34  time: 0.1111  data_time: 0.0019  memory: 541  loss: 2.1240
01/23 13:27:05 - mmengine - INFO - Exp name: byol_resnet50_linear-probe_cifar100_20260123_131853
01/23 13:27:11 - mmengine - INFO - Epoch(val) [18][40/40]    accuracy/top1: 44.2300  accuracy/top5: 75.1700  data_time: 0.0012  time: 0.0979
01/23 13:27:22 - mmengine - INFO - Epoch(train)  [19][100/196]  lr: 9.5450e-02  eta: 0:29:13  time: 0.1113  data_time: 0.0015  memory: 541  loss: 1.9670
01/23 13:27:33 - mmengine - INFO - Exp name: byol_resnet50_linear-probe_cifar100_20260123_131853
01/23 13:27:39 - mmengine - INFO - Epoch(val) [19][40/40]    accuracy/top1: 45.6100  accuracy/top5: 75.1200  data_time: 0.0009  time: 0.0991
01/23 13:27:50 - mmengine - INFO - Epoch(train)  [20][100/196]  lr: 9.4736e-02  eta: 0:28:53  time: 0.1117  data_time: 0.0019  memory: 541  loss: 2.1380
01/23 13:28:01 - mmengine - INFO - Exp name: byol_resnet50_linear-probe_cifar100_20260123_131853
01/23 13:28:01 - mmengine - INFO - Saving checkpoint at 20 epochs
01/23 13:28:06 - mmengine - INFO - Epoch(val) [20][40/40]    accuracy/top1: 45.4200  accuracy/top5: 76.1000  data_time: 0.0009  time: 0.0965
01/23 13:28:15 - mmengine - INFO - Exp name: byol_resnet50_linear-probe_cifar100_20260123_131853
01/23 13:28:17 - mmengine - INFO - Epoch(train)  [21][100/196]  lr: 9.3974e-02  eta: 0:28:30  time: 0.1042  data_time: 0.0011  memory: 541  loss: 1.9897
01/23 13:28:27 - mmengine - INFO - Exp name: byol_resnet50_linear-probe_cifar100_20260123_131853
01/23 13:28:33 - mmengine - INFO - Epoch(val) [21][40/40]    accuracy/top1: 45.0100  accuracy/top5: 75.5900  data_time: 0.0007  time: 0.0964
01/23 13:28:44 - mmengine - INFO - Epoch(train)  [22][100/196]  lr: 9.3163e-02  eta: 0:28:06  time: 0.1046  data_time: 0.0011  memory: 541  loss: 1.9750
01/23 13:28:54 - mmengine - INFO - Exp name: byol_resnet50_linear-probe_cifar100_20260123_131853
01/23 13:28:59 - mmengine - INFO - Epoch(val) [22][40/40]    accuracy/top1: 44.9800  accuracy/top5: 75.5100  data_time: 0.0010  time: 0.0964
01/23 13:29:10 - mmengine - INFO - Epoch(train)  [23][100/196]  lr: 9.2305e-02  eta: 0:27:43  time: 0.1063  data_time: 0.0011  memory: 541  loss: 1.9778
01/23 13:29:20 - mmengine - INFO - Exp name: byol_resnet50_linear-probe_cifar100_20260123_131853
01/23 13:29:26 - mmengine - INFO - Epoch(val) [23][40/40]    accuracy/top1: 45.8100  accuracy/top5: 75.7700  data_time: 0.0010  time: 0.0986
01/23 13:29:37 - mmengine - INFO - Epoch(train)  [24][100/196]  lr: 9.1400e-02  eta: 0:27:19  time: 0.1027  data_time: 0.0021  memory: 541  loss: 1.9626
01/23 13:29:47 - mmengine - INFO - Exp name: byol_resnet50_linear-probe_cifar100_20260123_131853
01/23 13:29:53 - mmengine - INFO - Epoch(val) [24][40/40]    accuracy/top1: 45.7700  accuracy/top5: 76.4000  data_time: 0.0011  time: 0.0973
01/23 13:30:04 - mmengine - INFO - Epoch(train)  [25][100/196]  lr: 9.0451e-02  eta: 0:26:57  time: 0.1106  data_time: 0.0014  memory: 541  loss: 2.0793
01/23 13:30:14 - mmengine - INFO - Exp name: byol_resnet50_linear-probe_cifar100_20260123_131853
01/23 13:30:20 - mmengine - INFO - Epoch(val) [25][40/40]    accuracy/top1: 44.9200  accuracy/top5: 76.0600  data_time: 0.0012  time: 0.0967
01/23 13:30:31 - mmengine - INFO - Exp name: byol_resnet50_linear-probe_cifar100_20260123_131853
01/23 13:30:31 - mmengine - INFO - Epoch(train)  [26][100/196]  lr: 8.9457e-02  eta: 0:26:36  time: 0.1096  data_time: 0.0019  memory: 541  loss: 1.9143
01/23 13:30:41 - mmengine - INFO - Exp name: byol_resnet50_linear-probe_cifar100_20260123_131853
01/23 13:30:47 - mmengine - INFO - Epoch(val) [26][40/40]    accuracy/top1: 46.4300  accuracy/top5: 77.0100  data_time: 0.0012  time: 0.0983
01/23 13:30:58 - mmengine - INFO - Epoch(train)  [27][100/196]  lr: 8.8420e-02  eta: 0:26:14  time: 0.1035  data_time: 0.0012  memory: 541  loss: 1.9788
01/23 13:31:08 - mmengine - INFO - Exp name: byol_resnet50_linear-probe_cifar100_20260123_131853
01/23 13:31:13 - mmengine - INFO - Epoch(val) [27][40/40]    accuracy/top1: 46.7800  accuracy/top5: 77.0400  data_time: 0.0008  time: 0.0949
01/23 13:31:25 - mmengine - INFO - Epoch(train)  [28][100/196]  lr: 8.7341e-02  eta: 0:25:52  time: 0.1111  data_time: 0.0011  memory: 541  loss: 1.9857
01/23 13:31:35 - mmengine - INFO - Exp name: byol_resnet50_linear-probe_cifar100_20260123_131853
01/23 13:31:41 - mmengine - INFO - Epoch(val) [28][40/40]    accuracy/top1: 46.3400  accuracy/top5: 77.0100  data_time: 0.0009  time: 0.0977
01/23 13:31:52 - mmengine - INFO - Epoch(train)  [29][100/196]  lr: 8.6221e-02  eta: 0:25:31  time: 0.1107  data_time: 0.0012  memory: 541  loss: 1.8892
01/23 13:32:03 - mmengine - INFO - Exp name: byol_resnet50_linear-probe_cifar100_20260123_131853
01/23 13:32:09 - mmengine - INFO - Epoch(val) [29][40/40]    accuracy/top1: 47.8400  accuracy/top5: 77.1600  data_time: 0.0008  time: 0.0979
01/23 13:32:20 - mmengine - INFO - Epoch(train)  [30][100/196]  lr: 8.5062e-02  eta: 0:25:11  time: 0.1115  data_time: 0.0016  memory: 541  loss: 1.9117
01/23 13:32:30 - mmengine - INFO - Exp name: byol_resnet50_linear-probe_cifar100_20260123_131853
01/23 13:32:30 - mmengine - INFO - Saving checkpoint at 30 epochs
01/23 13:32:36 - mmengine - INFO - Epoch(val) [30][40/40]    accuracy/top1: 47.0400  accuracy/top5: 77.9500  data_time: 0.0013  time: 0.0989
01/23 13:32:48 - mmengine - INFO - Epoch(train)  [31][100/196]  lr: 8.3864e-02  eta: 0:24:50  time: 0.1092  data_time: 0.0012  memory: 541  loss: 1.8426
01/23 13:32:50 - mmengine - INFO - Exp name: byol_resnet50_linear-probe_cifar100_20260123_131853
01/23 13:32:58 - mmengine - INFO - Exp name: byol_resnet50_linear-probe_cifar100_20260123_131853
01/23 13:33:03 - mmengine - INFO - Epoch(val) [31][40/40]    accuracy/top1: 47.0200  accuracy/top5: 76.4600  data_time: 0.0009  time: 0.0962
01/23 13:33:14 - mmengine - INFO - Epoch(train)  [32][100/196]  lr: 8.2629e-02  eta: 0:24:28  time: 0.1110  data_time: 0.0015  memory: 541  loss: 1.8497
01/23 13:33:25 - mmengine - INFO - Exp name: byol_resnet50_linear-probe_cifar100_20260123_131853
01/23 13:33:31 - mmengine - INFO - Epoch(val) [32][40/40]    accuracy/top1: 47.2300  accuracy/top5: 77.8100  data_time: 0.0009  time: 0.0962
01/23 13:33:41 - mmengine - INFO - Epoch(train)  [33][100/196]  lr: 8.1359e-02  eta: 0:24:06  time: 0.1119  data_time: 0.0009  memory: 541  loss: 1.8563
01/23 13:33:51 - mmengine - INFO - Exp name: byol_resnet50_linear-probe_cifar100_20260123_131853
01/23 13:33:57 - mmengine - INFO - Epoch(val) [33][40/40]    accuracy/top1: 47.3300  accuracy/top5: 76.9600  data_time: 0.0011  time: 0.0992
01/23 13:34:08 - mmengine - INFO - Epoch(train)  [34][100/196]  lr: 8.0054e-02  eta: 0:23:42  time: 0.1035  data_time: 0.0019  memory: 541  loss: 1.8809
01/23 13:34:18 - mmengine - INFO - Exp name: byol_resnet50_linear-probe_cifar100_20260123_131853
01/23 13:34:24 - mmengine - INFO - Epoch(val) [34][40/40]    accuracy/top1: 46.9500  accuracy/top5: 76.6900  data_time: 0.0008  time: 0.0967
01/23 13:34:34 - mmengine - INFO - Epoch(train)  [35][100/196]  lr: 7.8716e-02  eta: 0:23:20  time: 0.1070  data_time: 0.0008  memory: 541  loss: 1.8863
01/23 13:34:45 - mmengine - INFO - Exp name: byol_resnet50_linear-probe_cifar100_20260123_131853
01/23 13:34:51 - mmengine - INFO - Epoch(val) [35][40/40]    accuracy/top1: 47.7800  accuracy/top5: 76.9700  data_time: 0.0011  time: 0.0979
01/23 13:35:01 - mmengine - INFO - Epoch(train)  [36][100/196]  lr: 7.7347e-02  eta: 0:22:58  time: 0.1015  data_time: 0.0011  memory: 541  loss: 1.8852
01/23 13:35:06 - mmengine - INFO - Exp name: byol_resnet50_linear-probe_cifar100_20260123_131853
01/23 13:35:12 - mmengine - INFO - Exp name: byol_resnet50_linear-probe_cifar100_20260123_131853
01/23 13:35:18 - mmengine - INFO - Epoch(val) [36][40/40]    accuracy/top1: 47.7100  accuracy/top5: 77.9800  data_time: 0.0009  time: 0.0966
01/23 13:35:28 - mmengine - INFO - Epoch(train)  [37][100/196]  lr: 7.5948e-02  eta: 0:22:37  time: 0.1110  data_time: 0.0014  memory: 541  loss: 1.8539
01/23 13:35:39 - mmengine - INFO - Exp name: byol_resnet50_linear-probe_cifar100_20260123_131853
01/23 13:35:45 - mmengine - INFO - Epoch(val) [37][40/40]    accuracy/top1: 48.5900  accuracy/top5: 78.1800  data_time: 0.0011  time: 0.1007
01/23 13:35:56 - mmengine - INFO - Epoch(train)  [38][100/196]  lr: 7.4521e-02  eta: 0:22:16  time: 0.1106  data_time: 0.0012  memory: 541  loss: 1.8486
01/23 13:36:06 - mmengine - INFO - Exp name: byol_resnet50_linear-probe_cifar100_20260123_131853
01/23 13:36:12 - mmengine - INFO - Epoch(val) [38][40/40]    accuracy/top1: 48.1200  accuracy/top5: 77.7300  data_time: 0.0010  time: 0.0978
01/23 13:36:23 - mmengine - INFO - Epoch(train)  [39][100/196]  lr: 7.3067e-02  eta: 0:21:55  time: 0.1104  data_time: 0.0019  memory: 541  loss: 1.8256
01/23 13:36:34 - mmengine - INFO - Exp name: byol_resnet50_linear-probe_cifar100_20260123_131853
01/23 13:36:39 - mmengine - INFO - Epoch(val) [39][40/40]    accuracy/top1: 48.0700  accuracy/top5: 77.6900  data_time: 0.0008  time: 0.0981
01/23 13:36:50 - mmengine - INFO - Epoch(train)  [40][100/196]  lr: 7.1588e-02  eta: 0:21:33  time: 0.1060  data_time: 0.0014  memory: 541  loss: 1.8135
01/23 13:37:01 - mmengine - INFO - Exp name: byol_resnet50_linear-probe_cifar100_20260123_131853
01/23 13:37:01 - mmengine - INFO - Saving checkpoint at 40 epochs
01/23 13:37:07 - mmengine - INFO - Epoch(val) [40][40/40]    accuracy/top1: 49.5600  accuracy/top5: 78.7700  data_time: 0.0009  time: 0.0979
01/23 13:37:18 - mmengine - INFO - Epoch(train)  [41][100/196]  lr: 7.0085e-02  eta: 0:21:13  time: 0.1108  data_time: 0.0012  memory: 541  loss: 1.8548
01/23 13:37:24 - mmengine - INFO - Exp name: byol_resnet50_linear-probe_cifar100_20260123_131853
01/23 13:37:28 - mmengine - INFO - Exp name: byol_resnet50_linear-probe_cifar100_20260123_131853
01/23 13:37:34 - mmengine - INFO - Epoch(val) [41][40/40]    accuracy/top1: 49.3400  accuracy/top5: 79.2700  data_time: 0.0009  time: 0.0980
01/23 13:37:45 - mmengine - INFO - Epoch(train)  [42][100/196]  lr: 6.8560e-02  eta: 0:20:51  time: 0.1028  data_time: 0.0012  memory: 541  loss: 1.7968
01/23 13:37:55 - mmengine - INFO - Exp name: byol_resnet50_linear-probe_cifar100_20260123_131853
01/23 13:38:01 - mmengine - INFO - Epoch(val) [42][40/40]    accuracy/top1: 48.8400  accuracy/top5: 78.8200  data_time: 0.0009  time: 0.0950
01/23 13:38:12 - mmengine - INFO - Epoch(train)  [43][100/196]  lr: 6.7015e-02  eta: 0:20:29  time: 0.1111  data_time: 0.0013  memory: 541  loss: 1.6728
01/23 13:38:22 - mmengine - INFO - Exp name: byol_resnet50_linear-probe_cifar100_20260123_131853
01/23 13:38:28 - mmengine - INFO - Epoch(val) [43][40/40]    accuracy/top1: 49.6300  accuracy/top5: 78.9400  data_time: 0.0008  time: 0.0976
01/23 13:38:39 - mmengine - INFO - Epoch(train)  [44][100/196]  lr: 6.5451e-02  eta: 0:20:08  time: 0.1103  data_time: 0.0011  memory: 541  loss: 1.7634
01/23 13:38:50 - mmengine - INFO - Exp name: byol_resnet50_linear-probe_cifar100_20260123_131853
01/23 13:38:55 - mmengine - INFO - Epoch(val) [44][40/40]    accuracy/top1: 48.7000  accuracy/top5: 77.9900  data_time: 0.0008  time: 0.0962
01/23 13:39:07 - mmengine - INFO - Epoch(train)  [45][100/196]  lr: 6.3870e-02  eta: 0:19:47  time: 0.1175  data_time: 0.0013  memory: 541  loss: 1.7364
01/23 13:39:17 - mmengine - INFO - Exp name: byol_resnet50_linear-probe_cifar100_20260123_131853
01/23 13:39:23 - mmengine - INFO - Epoch(val) [45][40/40]    accuracy/top1: 49.1200  accuracy/top5: 78.6500  data_time: 0.0008  time: 0.0965
01/23 13:39:33 - mmengine - INFO - Epoch(train)  [46][100/196]  lr: 6.2274e-02  eta: 0:19:25  time: 0.1022  data_time: 0.0015  memory: 541  loss: 1.7115
01/23 13:39:42 - mmengine - INFO - Exp name: byol_resnet50_linear-probe_cifar100_20260123_131853
01/23 13:39:44 - mmengine - INFO - Exp name: byol_resnet50_linear-probe_cifar100_20260123_131853
01/23 13:39:49 - mmengine - INFO - Epoch(val) [46][40/40]    accuracy/top1: 48.5200  accuracy/top5: 78.3000  data_time: 0.0009  time: 0.0966
01/23 13:40:00 - mmengine - INFO - Epoch(train)  [47][100/196]  lr: 6.0665e-02  eta: 0:19:03  time: 0.1033  data_time: 0.0019  memory: 541  loss: 1.6798
01/23 13:40:10 - mmengine - INFO - Exp name: byol_resnet50_linear-probe_cifar100_20260123_131853
01/23 13:40:16 - mmengine - INFO - Epoch(val) [47][40/40]    accuracy/top1: 48.2300  accuracy/top5: 78.5100  data_time: 0.0011  time: 0.0978
01/23 13:40:26 - mmengine - INFO - Epoch(train)  [48][100/196]  lr: 5.9044e-02  eta: 0:18:41  time: 0.1076  data_time: 0.0009  memory: 541  loss: 1.7078
01/23 13:40:36 - mmengine - INFO - Exp name: byol_resnet50_linear-probe_cifar100_20260123_131853
01/23 13:40:42 - mmengine - INFO - Epoch(val) [48][40/40]    accuracy/top1: 49.4400  accuracy/top5: 79.3900  data_time: 0.0009  time: 0.0967
01/23 13:40:53 - mmengine - INFO - Epoch(train)  [49][100/196]  lr: 5.7413e-02  eta: 0:18:20  time: 0.1102  data_time: 0.0019  memory: 541  loss: 1.6838
01/23 13:41:04 - mmengine - INFO - Exp name: byol_resnet50_linear-probe_cifar100_20260123_131853
01/23 13:41:09 - mmengine - INFO - Epoch(val) [49][40/40]    accuracy/top1: 49.0200  accuracy/top5: 78.6800  data_time: 0.0007  time: 0.0950
01/23 13:41:20 - mmengine - INFO - Epoch(train)  [50][100/196]  lr: 5.5774e-02  eta: 0:17:58  time: 0.1096  data_time: 0.0013  memory: 541  loss: 1.6908
01/23 13:41:31 - mmengine - INFO - Exp name: byol_resnet50_linear-probe_cifar100_20260123_131853
01/23 13:41:31 - mmengine - INFO - Saving checkpoint at 50 epochs
01/23 13:41:37 - mmengine - INFO - Epoch(val) [50][40/40]    accuracy/top1: 49.9500  accuracy/top5: 79.1400  data_time: 0.0010  time: 0.0975
01/23 13:41:48 - mmengine - INFO - Epoch(train)  [51][100/196]  lr: 5.4129e-02  eta: 0:17:37  time: 0.1099  data_time: 0.0011  memory: 541  loss: 1.7090
01/23 13:41:58 - mmengine - INFO - Exp name: byol_resnet50_linear-probe_cifar100_20260123_131853
01/23 13:42:04 - mmengine - INFO - Epoch(val) [51][40/40]    accuracy/top1: 50.1200  accuracy/top5: 79.4600  data_time: 0.0011  time: 0.0943
01/23 13:42:05 - mmengine - INFO - Exp name: byol_resnet50_linear-probe_cifar100_20260123_131853
01/23 13:42:15 - mmengine - INFO - Epoch(train)  [52][100/196]  lr: 5.2479e-02  eta: 0:17:16  time: 0.1164  data_time: 0.0011  memory: 541  loss: 1.7395
01/23 13:42:26 - mmengine - INFO - Exp name: byol_resnet50_linear-probe_cifar100_20260123_131853
01/23 13:42:32 - mmengine - INFO - Epoch(val) [52][40/40]    accuracy/top1: 50.4600  accuracy/top5: 79.7000  data_time: 0.0008  time: 0.0989
01/23 13:42:43 - mmengine - INFO - Epoch(train)  [53][100/196]  lr: 5.0827e-02  eta: 0:16:55  time: 0.1116  data_time: 0.0011  memory: 541  loss: 1.6620
01/23 13:42:53 - mmengine - INFO - Exp name: byol_resnet50_linear-probe_cifar100_20260123_131853
01/23 13:42:58 - mmengine - INFO - Epoch(val) [53][40/40]    accuracy/top1: 50.5400  accuracy/top5: 79.8700  data_time: 0.0009  time: 0.0960
01/23 13:43:10 - mmengine - INFO - Epoch(train)  [54][100/196]  lr: 4.9173e-02  eta: 0:16:34  time: 0.1101  data_time: 0.0016  memory: 541  loss: 1.6732
01/23 13:43:20 - mmengine - INFO - Exp name: byol_resnet50_linear-probe_cifar100_20260123_131853
01/23 13:43:26 - mmengine - INFO - Epoch(val) [54][40/40]    accuracy/top1: 49.9100  accuracy/top5: 79.0400  data_time: 0.0012  time: 0.0978
01/23 13:43:37 - mmengine - INFO - Epoch(train)  [55][100/196]  lr: 4.7521e-02  eta: 0:16:13  time: 0.1107  data_time: 0.0009  memory: 541  loss: 1.6785
01/23 13:43:48 - mmengine - INFO - Exp name: byol_resnet50_linear-probe_cifar100_20260123_131853
01/23 13:43:54 - mmengine - INFO - Epoch(val) [55][40/40]    accuracy/top1: 50.5200  accuracy/top5: 80.1600  data_time: 0.0010  time: 0.0982
01/23 13:44:04 - mmengine - INFO - Epoch(train)  [56][100/196]  lr: 4.5871e-02  eta: 0:15:51  time: 0.1032  data_time: 0.0009  memory: 541  loss: 1.6876
01/23 13:44:14 - mmengine - INFO - Exp name: byol_resnet50_linear-probe_cifar100_20260123_131853
01/23 13:44:20 - mmengine - INFO - Epoch(val) [56][40/40]    accuracy/top1: 50.6200  accuracy/top5: 79.9600  data_time: 0.0008  time: 0.0952
01/23 13:44:23 - mmengine - INFO - Exp name: byol_resnet50_linear-probe_cifar100_20260123_131853
01/23 13:44:31 - mmengine - INFO - Epoch(train)  [57][100/196]  lr: 4.4226e-02  eta: 0:15:29  time: 0.1089  data_time: 0.0019  memory: 541  loss: 1.7222
01/23 13:44:41 - mmengine - INFO - Exp name: byol_resnet50_linear-probe_cifar100_20260123_131853
01/23 13:44:47 - mmengine - INFO - Epoch(val) [57][40/40]    accuracy/top1: 49.9500  accuracy/top5: 79.4700  data_time: 0.0009  time: 0.0968
01/23 13:44:57 - mmengine - INFO - Epoch(train)  [58][100/196]  lr: 4.2587e-02  eta: 0:15:08  time: 0.1168  data_time: 0.0011  memory: 541  loss: 1.6651
01/23 13:45:07 - mmengine - INFO - Exp name: byol_resnet50_linear-probe_cifar100_20260123_131853
01/23 13:45:13 - mmengine - INFO - Epoch(val) [58][40/40]    accuracy/top1: 50.4900  accuracy/top5: 79.8900  data_time: 0.0008  time: 0.0943
01/23 13:45:24 - mmengine - INFO - Epoch(train)  [59][100/196]  lr: 4.0956e-02  eta: 0:14:46  time: 0.1104  data_time: 0.0018  memory: 541  loss: 1.6633
01/23 13:45:35 - mmengine - INFO - Exp name: byol_resnet50_linear-probe_cifar100_20260123_131853
01/23 13:45:40 - mmengine - INFO - Epoch(val) [59][40/40]    accuracy/top1: 50.7400  accuracy/top5: 79.9600  data_time: 0.0009  time: 0.0955
01/23 13:45:51 - mmengine - INFO - Epoch(train)  [60][100/196]  lr: 3.9335e-02  eta: 0:14:25  time: 0.1180  data_time: 0.0017  memory: 541  loss: 1.6093
01/23 13:46:01 - mmengine - INFO - Exp name: byol_resnet50_linear-probe_cifar100_20260123_131853
01/23 13:46:01 - mmengine - INFO - Saving checkpoint at 60 epochs
01/23 13:46:07 - mmengine - INFO - Epoch(val) [60][40/40]    accuracy/top1: 50.9800  accuracy/top5: 79.9600  data_time: 0.0008  time: 0.0963
01/23 13:46:18 - mmengine - INFO - Epoch(train)  [61][100/196]  lr: 3.7726e-02  eta: 0:14:03  time: 0.1117  data_time: 0.0017  memory: 541  loss: 1.6787
01/23 13:46:29 - mmengine - INFO - Exp name: byol_resnet50_linear-probe_cifar100_20260123_131853
01/23 13:46:34 - mmengine - INFO - Epoch(val) [61][40/40]    accuracy/top1: 50.8100  accuracy/top5: 80.1400  data_time: 0.0010  time: 0.0964
01/23 13:46:39 - mmengine - INFO - Exp name: byol_resnet50_linear-probe_cifar100_20260123_131853
01/23 13:46:45 - mmengine - INFO - Epoch(train)  [62][100/196]  lr: 3.6130e-02  eta: 0:13:42  time: 0.1107  data_time: 0.0017  memory: 541  loss: 1.6922
01/23 13:46:56 - mmengine - INFO - Exp name: byol_resnet50_linear-probe_cifar100_20260123_131853
01/23 13:47:01 - mmengine - INFO - Epoch(val) [62][40/40]    accuracy/top1: 50.9200  accuracy/top5: 80.2200  data_time: 0.0008  time: 0.0965
01/23 13:47:12 - mmengine - INFO - Epoch(train)  [63][100/196]  lr: 3.4549e-02  eta: 0:13:20  time: 0.1150  data_time: 0.0014  memory: 541  loss: 1.6693
01/23 13:47:22 - mmengine - INFO - Exp name: byol_resnet50_linear-probe_cifar100_20260123_131853
01/23 13:47:28 - mmengine - INFO - Epoch(val) [63][40/40]    accuracy/top1: 51.4100  accuracy/top5: 80.0100  data_time: 0.0009  time: 0.0966
01/23 13:47:39 - mmengine - INFO - Epoch(train)  [64][100/196]  lr: 3.2985e-02  eta: 0:12:59  time: 0.1119  data_time: 0.0020  memory: 541  loss: 1.6329
01/23 13:47:50 - mmengine - INFO - Exp name: byol_resnet50_linear-probe_cifar100_20260123_131853
01/23 13:47:55 - mmengine - INFO - Epoch(val) [64][40/40]    accuracy/top1: 51.0900  accuracy/top5: 80.1900  data_time: 0.0009  time: 0.0965
01/23 13:48:07 - mmengine - INFO - Epoch(train)  [65][100/196]  lr: 3.1440e-02  eta: 0:12:38  time: 0.1098  data_time: 0.0016  memory: 541  loss: 1.6761
01/23 13:48:17 - mmengine - INFO - Exp name: byol_resnet50_linear-probe_cifar100_20260123_131853
01/23 13:48:23 - mmengine - INFO - Epoch(val) [65][40/40]    accuracy/top1: 51.2800  accuracy/top5: 80.2700  data_time: 0.0009  time: 0.0982
01/23 13:48:34 - mmengine - INFO - Epoch(train)  [66][100/196]  lr: 2.9915e-02  eta: 0:12:17  time: 0.1107  data_time: 0.0019  memory: 541  loss: 1.6445
01/23 13:48:44 - mmengine - INFO - Exp name: byol_resnet50_linear-probe_cifar100_20260123_131853
01/23 13:48:50 - mmengine - INFO - Epoch(val) [66][40/40]    accuracy/top1: 51.7300  accuracy/top5: 80.5400  data_time: 0.0009  time: 0.0951
01/23 13:48:57 - mmengine - INFO - Exp name: byol_resnet50_linear-probe_cifar100_20260123_131853
01/23 13:49:01 - mmengine - INFO - Epoch(train)  [67][100/196]  lr: 2.8412e-02  eta: 0:11:55  time: 0.1105  data_time: 0.0010  memory: 541  loss: 1.5826
01/23 13:49:12 - mmengine - INFO - Exp name: byol_resnet50_linear-probe_cifar100_20260123_131853
01/23 13:49:17 - mmengine - INFO - Epoch(val) [67][40/40]    accuracy/top1: 51.1900  accuracy/top5: 80.2300  data_time: 0.0008  time: 0.0972
01/23 13:49:28 - mmengine - INFO - Epoch(train)  [68][100/196]  lr: 2.6933e-02  eta: 0:11:34  time: 0.1028  data_time: 0.0009  memory: 541  loss: 1.6888
01/23 13:49:38 - mmengine - INFO - Exp name: byol_resnet50_linear-probe_cifar100_20260123_131853
01/23 13:49:44 - mmengine - INFO - Epoch(val) [68][40/40]    accuracy/top1: 51.6600  accuracy/top5: 80.1900  data_time: 0.0009  time: 0.0965
01/23 13:49:55 - mmengine - INFO - Epoch(train)  [69][100/196]  lr: 2.5479e-02  eta: 0:11:12  time: 0.1074  data_time: 0.0012  memory: 541  loss: 1.4919
01/23 13:50:05 - mmengine - INFO - Exp name: byol_resnet50_linear-probe_cifar100_20260123_131853
01/23 13:50:11 - mmengine - INFO - Epoch(val) [69][40/40]    accuracy/top1: 51.0100  accuracy/top5: 80.1200  data_time: 0.0012  time: 0.0991
01/23 13:50:22 - mmengine - INFO - Epoch(train)  [70][100/196]  lr: 2.4052e-02  eta: 0:10:51  time: 0.1038  data_time: 0.0012  memory: 541  loss: 1.6027
01/23 13:50:32 - mmengine - INFO - Exp name: byol_resnet50_linear-probe_cifar100_20260123_131853
01/23 13:50:32 - mmengine - INFO - Saving checkpoint at 70 epochs
01/23 13:50:38 - mmengine - INFO - Epoch(val) [70][40/40]    accuracy/top1: 51.8300  accuracy/top5: 80.1800  data_time: 0.0009  time: 0.0986
01/23 13:50:49 - mmengine - INFO - Epoch(train)  [71][100/196]  lr: 2.2653e-02  eta: 0:10:29  time: 0.1066  data_time: 0.0012  memory: 541  loss: 1.5781
01/23 13:50:59 - mmengine - INFO - Exp name: byol_resnet50_linear-probe_cifar100_20260123_131853
01/23 13:51:05 - mmengine - INFO - Epoch(val) [71][40/40]    accuracy/top1: 51.5100  accuracy/top5: 80.5500  data_time: 0.0010  time: 0.0966
01/23 13:51:14 - mmengine - INFO - Exp name: byol_resnet50_linear-probe_cifar100_20260123_131853
01/23 13:51:16 - mmengine - INFO - Epoch(train)  [72][100/196]  lr: 2.1284e-02  eta: 0:10:08  time: 0.1104  data_time: 0.0007  memory: 541  loss: 1.6472
01/23 13:51:26 - mmengine - INFO - Exp name: byol_resnet50_linear-probe_cifar100_20260123_131853
01/23 13:51:32 - mmengine - INFO - Epoch(val) [72][40/40]    accuracy/top1: 51.4900  accuracy/top5: 80.2400  data_time: 0.0010  time: 0.0993
01/23 13:51:43 - mmengine - INFO - Epoch(train)  [73][100/196]  lr: 1.9946e-02  eta: 0:09:46  time: 0.1096  data_time: 0.0016  memory: 541  loss: 1.6372
01/23 13:51:53 - mmengine - INFO - Exp name: byol_resnet50_linear-probe_cifar100_20260123_131853
01/23 13:51:59 - mmengine - INFO - Epoch(val) [73][40/40]    accuracy/top1: 51.5100  accuracy/top5: 80.3300  data_time: 0.0013  time: 0.0987
01/23 13:52:10 - mmengine - INFO - Epoch(train)  [74][100/196]  lr: 1.8641e-02  eta: 0:09:25  time: 0.1095  data_time: 0.0017  memory: 541  loss: 1.5815
01/23 13:52:21 - mmengine - INFO - Exp name: byol_resnet50_linear-probe_cifar100_20260123_131853
01/23 13:52:27 - mmengine - INFO - Epoch(val) [74][40/40]    accuracy/top1: 51.9200  accuracy/top5: 80.5500  data_time: 0.0010  time: 0.0979
01/23 13:52:38 - mmengine - INFO - Epoch(train)  [75][100/196]  lr: 1.7371e-02  eta: 0:09:04  time: 0.1107  data_time: 0.0019  memory: 541  loss: 1.6182
01/23 13:52:48 - mmengine - INFO - Exp name: byol_resnet50_linear-probe_cifar100_20260123_131853
01/23 13:52:54 - mmengine - INFO - Epoch(val) [75][40/40]    accuracy/top1: 51.7500  accuracy/top5: 80.5300  data_time: 0.0009  time: 0.0956
01/23 13:53:05 - mmengine - INFO - Epoch(train)  [76][100/196]  lr: 1.6136e-02  eta: 0:08:43  time: 0.1084  data_time: 0.0017  memory: 541  loss: 1.5518
01/23 13:53:15 - mmengine - INFO - Exp name: byol_resnet50_linear-probe_cifar100_20260123_131853
01/23 13:53:21 - mmengine - INFO - Epoch(val) [76][40/40]    accuracy/top1: 52.1600  accuracy/top5: 80.6100  data_time: 0.0014  time: 0.0952
01/23 13:53:32 - mmengine - INFO - Epoch(train)  [77][100/196]  lr: 1.4938e-02  eta: 0:08:21  time: 0.1043  data_time: 0.0011  memory: 541  loss: 1.6151
01/23 13:53:32 - mmengine - INFO - Exp name: byol_resnet50_linear-probe_cifar100_20260123_131853
01/23 13:53:42 - mmengine - INFO - Exp name: byol_resnet50_linear-probe_cifar100_20260123_131853
01/23 13:53:48 - mmengine - INFO - Epoch(val) [77][40/40]    accuracy/top1: 52.0600  accuracy/top5: 80.5600  data_time: 0.0009  time: 0.0967
01/23 13:53:59 - mmengine - INFO - Epoch(train)  [78][100/196]  lr: 1.3779e-02  eta: 0:08:00  time: 0.1175  data_time: 0.0013  memory: 541  loss: 1.5813
01/23 13:54:09 - mmengine - INFO - Exp name: byol_resnet50_linear-probe_cifar100_20260123_131853
01/23 13:54:15 - mmengine - INFO - Epoch(val) [78][40/40]    accuracy/top1: 52.0800  accuracy/top5: 80.4600  data_time: 0.0008  time: 0.0975
01/23 13:54:25 - mmengine - INFO - Epoch(train)  [79][100/196]  lr: 1.2659e-02  eta: 0:07:38  time: 0.1098  data_time: 0.0011  memory: 541  loss: 1.5436
01/23 13:54:36 - mmengine - INFO - Exp name: byol_resnet50_linear-probe_cifar100_20260123_131853
01/23 13:54:42 - mmengine - INFO - Epoch(val) [79][40/40]    accuracy/top1: 51.9600  accuracy/top5: 80.5900  data_time: 0.0009  time: 0.0977
01/23 13:54:53 - mmengine - INFO - Epoch(train)  [80][100/196]  lr: 1.1580e-02  eta: 0:07:17  time: 0.0986  data_time: 0.0012  memory: 541  loss: 1.6057
01/23 13:55:03 - mmengine - INFO - Exp name: byol_resnet50_linear-probe_cifar100_20260123_131853
01/23 13:55:03 - mmengine - INFO - Saving checkpoint at 80 epochs
01/23 13:55:09 - mmengine - INFO - Epoch(val) [80][40/40]    accuracy/top1: 52.4200  accuracy/top5: 80.6500  data_time: 0.0009  time: 0.0977
01/23 13:55:20 - mmengine - INFO - Epoch(train)  [81][100/196]  lr: 1.0543e-02  eta: 0:06:56  time: 0.1106  data_time: 0.0018  memory: 541  loss: 1.6479
01/23 13:55:30 - mmengine - INFO - Exp name: byol_resnet50_linear-probe_cifar100_20260123_131853
01/23 13:55:36 - mmengine - INFO - Epoch(val) [81][40/40]    accuracy/top1: 52.4500  accuracy/top5: 80.8500  data_time: 0.0012  time: 0.1001
01/23 13:55:47 - mmengine - INFO - Epoch(train)  [82][100/196]  lr: 9.5492e-03  eta: 0:06:34  time: 0.1113  data_time: 0.0015  memory: 541  loss: 1.5046
01/23 13:55:50 - mmengine - INFO - Exp name: byol_resnet50_linear-probe_cifar100_20260123_131853
01/23 13:55:58 - mmengine - INFO - Exp name: byol_resnet50_linear-probe_cifar100_20260123_131853
01/23 13:56:03 - mmengine - INFO - Epoch(val) [82][40/40]    accuracy/top1: 52.3700  accuracy/top5: 80.7900  data_time: 0.0009  time: 0.0964
01/23 13:56:14 - mmengine - INFO - Epoch(train)  [83][100/196]  lr: 8.5996e-03  eta: 0:06:13  time: 0.1082  data_time: 0.0012  memory: 541  loss: 1.6318
01/23 13:56:24 - mmengine - INFO - Exp name: byol_resnet50_linear-probe_cifar100_20260123_131853
01/23 13:56:30 - mmengine - INFO - Epoch(val) [83][40/40]    accuracy/top1: 52.4400  accuracy/top5: 80.7900  data_time: 0.0008  time: 0.0954
01/23 13:56:41 - mmengine - INFO - Epoch(train)  [84][100/196]  lr: 7.6952e-03  eta: 0:05:52  time: 0.1110  data_time: 0.0015  memory: 541  loss: 1.5794
01/23 13:56:52 - mmengine - INFO - Exp name: byol_resnet50_linear-probe_cifar100_20260123_131853
01/23 13:56:57 - mmengine - INFO - Epoch(val) [84][40/40]    accuracy/top1: 52.6300  accuracy/top5: 80.9500  data_time: 0.0008  time: 0.0963
01/23 13:57:09 - mmengine - INFO - Epoch(train)  [85][100/196]  lr: 6.8372e-03  eta: 0:05:30  time: 0.1100  data_time: 0.0013  memory: 541  loss: 1.5506
01/23 13:57:19 - mmengine - INFO - Exp name: byol_resnet50_linear-probe_cifar100_20260123_131853
01/23 13:57:25 - mmengine - INFO - Epoch(val) [85][40/40]    accuracy/top1: 52.5000  accuracy/top5: 80.9900  data_time: 0.0010  time: 0.0964
01/23 13:57:36 - mmengine - INFO - Epoch(train)  [86][100/196]  lr: 6.0263e-03  eta: 0:05:09  time: 0.1105  data_time: 0.0020  memory: 541  loss: 1.5000
01/23 13:57:46 - mmengine - INFO - Exp name: byol_resnet50_linear-probe_cifar100_20260123_131853
01/23 13:57:52 - mmengine - INFO - Epoch(val) [86][40/40]    accuracy/top1: 52.3100  accuracy/top5: 80.9500  data_time: 0.0010  time: 0.0970
01/23 13:58:03 - mmengine - INFO - Epoch(train)  [87][100/196]  lr: 5.2635e-03  eta: 0:04:48  time: 0.1190  data_time: 0.0017  memory: 541  loss: 1.6034
01/23 13:58:08 - mmengine - INFO - Exp name: byol_resnet50_linear-probe_cifar100_20260123_131853
01/23 13:58:13 - mmengine - INFO - Exp name: byol_resnet50_linear-probe_cifar100_20260123_131853
01/23 13:58:19 - mmengine - INFO - Epoch(val) [87][40/40]    accuracy/top1: 52.7000  accuracy/top5: 81.0900  data_time: 0.0013  time: 0.0952
01/23 13:58:30 - mmengine - INFO - Epoch(train)  [88][100/196]  lr: 4.5497e-03  eta: 0:04:26  time: 0.1105  data_time: 0.0019  memory: 541  loss: 1.5321
01/23 13:58:40 - mmengine - INFO - Exp name: byol_resnet50_linear-probe_cifar100_20260123_131853
01/23 13:58:46 - mmengine - INFO - Epoch(val) [88][40/40]    accuracy/top1: 52.8000  accuracy/top5: 81.0500  data_time: 0.0008  time: 0.0961
01/23 13:58:57 - mmengine - INFO - Epoch(train)  [89][100/196]  lr: 3.8855e-03  eta: 0:04:05  time: 0.1105  data_time: 0.0015  memory: 541  loss: 1.5866
01/23 13:59:08 - mmengine - INFO - Exp name: byol_resnet50_linear-probe_cifar100_20260123_131853
01/23 13:59:14 - mmengine - INFO - Epoch(val) [89][40/40]    accuracy/top1: 52.6100  accuracy/top5: 81.0500  data_time: 0.0009  time: 0.0972
01/23 13:59:24 - mmengine - INFO - Epoch(train)  [90][100/196]  lr: 3.2718e-03  eta: 0:03:44  time: 0.1021  data_time: 0.0017  memory: 541  loss: 1.5874
01/23 13:59:34 - mmengine - INFO - Exp name: byol_resnet50_linear-probe_cifar100_20260123_131853
01/23 13:59:34 - mmengine - INFO - Saving checkpoint at 90 epochs
01/23 13:59:40 - mmengine - INFO - Epoch(val) [90][40/40]    accuracy/top1: 52.5900  accuracy/top5: 81.0300  data_time: 0.0010  time: 0.0991
01/23 13:59:51 - mmengine - INFO - Epoch(train)  [91][100/196]  lr: 2.7091e-03  eta: 0:03:22  time: 0.1110  data_time: 0.0018  memory: 541  loss: 1.5261
01/23 14:00:02 - mmengine - INFO - Exp name: byol_resnet50_linear-probe_cifar100_20260123_131853
01/23 14:00:07 - mmengine - INFO - Epoch(val) [91][40/40]    accuracy/top1: 52.5800  accuracy/top5: 80.9400  data_time: 0.0010  time: 0.0987
01/23 14:00:19 - mmengine - INFO - Epoch(train)  [92][100/196]  lr: 2.1982e-03  eta: 0:03:01  time: 0.1106  data_time: 0.0017  memory: 541  loss: 1.5212
01/23 14:00:26 - mmengine - INFO - Exp name: byol_resnet50_linear-probe_cifar100_20260123_131853
01/23 14:00:29 - mmengine - INFO - Exp name: byol_resnet50_linear-probe_cifar100_20260123_131853
01/23 14:00:35 - mmengine - INFO - Epoch(val) [92][40/40]    accuracy/top1: 52.5500  accuracy/top5: 81.0800  data_time: 0.0008  time: 0.0967
01/23 14:00:46 - mmengine - INFO - Epoch(train)  [93][100/196]  lr: 1.7396e-03  eta: 0:02:40  time: 0.1106  data_time: 0.0023  memory: 541  loss: 1.5614
01/23 14:00:56 - mmengine - INFO - Exp name: byol_resnet50_linear-probe_cifar100_20260123_131853
01/23 14:01:02 - mmengine - INFO - Epoch(val) [93][40/40]    accuracy/top1: 52.6200  accuracy/top5: 81.0100  data_time: 0.0016  time: 0.0945
01/23 14:01:13 - mmengine - INFO - Epoch(train)  [94][100/196]  lr: 1.3337e-03  eta: 0:02:18  time: 0.1095  data_time: 0.0020  memory: 541  loss: 1.5792
01/23 14:01:23 - mmengine - INFO - Exp name: byol_resnet50_linear-probe_cifar100_20260123_131853
01/23 14:01:28 - mmengine - INFO - Epoch(val) [94][40/40]    accuracy/top1: 52.5500  accuracy/top5: 81.1600  data_time: 0.0008  time: 0.0948
01/23 14:01:40 - mmengine - INFO - Epoch(train)  [95][100/196]  lr: 9.8100e-04  eta: 0:01:57  time: 0.1109  data_time: 0.0007  memory: 541  loss: 1.5231
01/23 14:01:50 - mmengine - INFO - Exp name: byol_resnet50_linear-probe_cifar100_20260123_131853
01/23 14:01:56 - mmengine - INFO - Epoch(val) [95][40/40]    accuracy/top1: 52.7300  accuracy/top5: 81.0600  data_time: 0.0011  time: 0.0964
01/23 14:02:07 - mmengine - INFO - Epoch(train)  [96][100/196]  lr: 6.8193e-04  eta: 0:01:35  time: 0.1111  data_time: 0.0024  memory: 541  loss: 1.5383
01/23 14:02:18 - mmengine - INFO - Exp name: byol_resnet50_linear-probe_cifar100_20260123_131853
01/23 14:02:23 - mmengine - INFO - Epoch(val) [96][40/40]    accuracy/top1: 52.7300  accuracy/top5: 81.0300  data_time: 0.0009  time: 0.0964
01/23 14:02:35 - mmengine - INFO - Epoch(train)  [97][100/196]  lr: 4.3680e-04  eta: 0:01:14  time: 0.1105  data_time: 0.0020  memory: 541  loss: 1.5540
01/23 14:02:44 - mmengine - INFO - Exp name: byol_resnet50_linear-probe_cifar100_20260123_131853
01/23 14:02:45 - mmengine - INFO - Exp name: byol_resnet50_linear-probe_cifar100_20260123_131853
01/23 14:02:51 - mmengine - INFO - Epoch(val) [97][40/40]    accuracy/top1: 52.7300  accuracy/top5: 81.1900  data_time: 0.0010  time: 0.0947
01/23 14:03:02 - mmengine - INFO - Epoch(train)  [98][100/196]  lr: 2.4585e-04  eta: 0:00:53  time: 0.1206  data_time: 0.0014  memory: 541  loss: 1.5463
01/23 14:03:12 - mmengine - INFO - Exp name: byol_resnet50_linear-probe_cifar100_20260123_131853
01/23 14:03:18 - mmengine - INFO - Epoch(val) [98][40/40]    accuracy/top1: 52.6000  accuracy/top5: 81.1300  data_time: 0.0009  time: 0.0943
01/23 14:03:29 - mmengine - INFO - Epoch(train)  [99][100/196]  lr: 1.0932e-04  eta: 0:00:31  time: 0.1099  data_time: 0.0016  memory: 541  loss: 1.5745
01/23 14:03:39 - mmengine - INFO - Exp name: byol_resnet50_linear-probe_cifar100_20260123_131853
01/23 14:03:45 - mmengine - INFO - Epoch(val) [99][40/40]    accuracy/top1: 52.6300  accuracy/top5: 81.1800  data_time: 0.0012  time: 0.0960
01/23 14:03:56 - mmengine - INFO - Epoch(train) [100][100/196]  lr: 2.7337e-05  eta: 0:00:10  time: 0.1094  data_time: 0.0014  memory: 541  loss: 1.5869
01/23 14:04:06 - mmengine - INFO - Exp name: byol_resnet50_linear-probe_cifar100_20260123_131853
01/23 14:04:06 - mmengine - INFO - Saving checkpoint at 100 epochs
01/23 14:04:12 - mmengine - INFO - Epoch(val) [100][40/40]    accuracy/top1: 52.6300  accuracy/top5: 81.1800  data_time: 0.0008  time: 0.0965
