nohup: ignoring input
=============================================
Linear Probing on CIFAR100
=============================================
Model: dino
Config: /home/hkoc/UM/UM_SEM9/how-to-probe/probing/single_label_classification/dino_resnet50_linear-probe_cifar100.py
Work Directory: /home/hkoc/UM/UM_SEM9/how-to-probe/outputs/probing_dino_cifar100
GPUs: 2
=============================================
WARNING:torch.distributed.run:
*****************************************
Setting OMP_NUM_THREADS environment variable for each process to be 1 in default, to avoid your system being overloaded, please further tune the variable for optimal performance in your application as needed. 
*****************************************
/home/hkoc/UM/UM_SEM9/how-to-probe/.venv/lib/python3.11/site-packages/mmengine/utils/dl_utils/setup_env.py:56: UserWarning: Setting MKL_NUM_THREADS environment variable for each process to be 1 in default, to avoid your system being overloaded, please further tune the variable for optimal performance in your application as needed.
  warnings.warn(
/home/hkoc/UM/UM_SEM9/how-to-probe/.venv/lib/python3.11/site-packages/mmengine/utils/dl_utils/setup_env.py:56: UserWarning: Setting MKL_NUM_THREADS environment variable for each process to be 1 in default, to avoid your system being overloaded, please further tune the variable for optimal performance in your application as needed.
  warnings.warn(
01/23 15:58:47 - mmengine - INFO - 
------------------------------------------------------------
System environment:
    sys.platform: linux
    Python: 3.11.2 (main, Apr 28 2025, 14:11:48) [GCC 12.2.0]
    CUDA available: True
    numpy_random_seed: 705932598
    GPU 0,1: NVIDIA RTX A4000
    CUDA_HOME: /usr/local/cuda
    NVCC: Cuda compilation tools, release 13.1, V13.1.80
    GCC: x86_64-linux-gnu-gcc (Debian 12.2.0-14+deb12u1) 12.2.0
    PyTorch: 2.0.1+cu117
    PyTorch compiling details: PyTorch built with:
  - GCC 9.3
  - C++ Version: 201703
  - Intel(R) oneAPI Math Kernel Library Version 2022.2-Product Build 20220804 for Intel(R) 64 architecture applications
  - Intel(R) MKL-DNN v2.7.3 (Git Hash 6dbeffbae1f23cbbeae17adb7b5b13f1f37c080e)
  - OpenMP 201511 (a.k.a. OpenMP 4.5)
  - LAPACK is enabled (usually provided by MKL)
  - NNPACK is enabled
  - CPU capability usage: AVX2
  - CUDA Runtime 11.7
  - NVCC architecture flags: -gencode;arch=compute_37,code=sm_37;-gencode;arch=compute_50,code=sm_50;-gencode;arch=compute_60,code=sm_60;-gencode;arch=compute_70,code=sm_70;-gencode;arch=compute_75,code=sm_75;-gencode;arch=compute_80,code=sm_80;-gencode;arch=compute_86,code=sm_86
  - CuDNN 8.5
  - Magma 2.6.1
  - Build settings: BLAS_INFO=mkl, BUILD_TYPE=Release, CUDA_VERSION=11.7, CUDNN_VERSION=8.5.0, CXX_COMPILER=/opt/rh/devtoolset-9/root/usr/bin/c++, CXX_FLAGS= -D_GLIBCXX_USE_CXX11_ABI=0 -fabi-version=11 -Wno-deprecated -fvisibility-inlines-hidden -DUSE_PTHREADPOOL -DNDEBUG -DUSE_KINETO -DLIBKINETO_NOROCTRACER -DUSE_FBGEMM -DUSE_QNNPACK -DUSE_PYTORCH_QNNPACK -DUSE_XNNPACK -DSYMBOLICATE_MOBILE_DEBUG_HANDLE -O2 -fPIC -Wall -Wextra -Werror=return-type -Werror=non-virtual-dtor -Werror=bool-operation -Wnarrowing -Wno-missing-field-initializers -Wno-type-limits -Wno-array-bounds -Wno-unknown-pragmas -Wunused-local-typedefs -Wno-unused-parameter -Wno-unused-function -Wno-unused-result -Wno-strict-overflow -Wno-strict-aliasing -Wno-error=deprecated-declarations -Wno-stringop-overflow -Wno-psabi -Wno-error=pedantic -Wno-error=redundant-decls -Wno-error=old-style-cast -fdiagnostics-color=always -faligned-new -Wno-unused-but-set-variable -Wno-maybe-uninitialized -fno-math-errno -fno-trapping-math -Werror=format -Werror=cast-function-type -Wno-stringop-overflow, LAPACK_INFO=mkl, PERF_WITH_AVX=1, PERF_WITH_AVX2=1, PERF_WITH_AVX512=1, TORCH_DISABLE_GPU_ASSERTS=ON, TORCH_VERSION=2.0.1, USE_CUDA=ON, USE_CUDNN=ON, USE_EXCEPTION_PTR=1, USE_GFLAGS=OFF, USE_GLOG=OFF, USE_MKL=ON, USE_MKLDNN=ON, USE_MPI=OFF, USE_NCCL=1, USE_NNPACK=ON, USE_OPENMP=ON, USE_ROCM=OFF, 

    TorchVision: 0.15.2+cu117
    OpenCV: 4.8.0
    MMEngine: 0.8.4

Runtime environment:
    cudnn_benchmark: False
    mp_cfg: {'mp_start_method': 'fork', 'opencv_num_threads': 0}
    dist_cfg: {'backend': 'nccl'}
    seed: 705932598
    deterministic: False
    Distributed launcher: pytorch
    Distributed training: True
    GPU number: 2
------------------------------------------------------------

01/23 15:58:47 - mmengine - INFO - Config:
auto_scale_lr = dict(base_batch_size=256)
data_preprocessor = dict(
    mean=[
        129.304,
        124.07,
        112.434,
    ],
    num_classes=100,
    std=[
        68.17,
        65.392,
        70.418,
    ],
    to_rgb=False)
data_root = 'data/cifar100'
dataset_type = 'CIFAR100'
default_hooks = dict(
    checkpoint=dict(interval=10, max_keep_ckpts=3, type='CheckpointHook'),
    logger=dict(interval=100, type='LoggerHook'),
    param_scheduler=dict(type='ParamSchedulerHook'),
    sampler_seed=dict(type='DistSamplerSeedHook'),
    timer=dict(type='IterTimerHook'),
    visualization=dict(enable=False, type='VisualizationHook'))
default_scope = 'mmpretrain'
env_cfg = dict(
    cudnn_benchmark=False,
    dist_cfg=dict(backend='nccl'),
    mp_cfg=dict(mp_start_method='fork', opencv_num_threads=0))
launcher = 'pytorch'
load_from = None
log_level = 'INFO'
model = dict(
    backbone=dict(
        depth=50,
        frozen_stages=4,
        init_cfg=dict(
            checkpoint='../../outputs/dino_cifar100/checkpoint_converted.pth',
            prefix='backbone.',
            type='Pretrained'),
        num_stages=4,
        out_indices=(3, ),
        style='pytorch',
        type='ResNet_CIFAR'),
    head=dict(
        in_channels=2048,
        loss=dict(type='CrossEntropyLoss'),
        num_classes=100,
        topk=(
            1,
            5,
        ),
        type='LinearClsHead',
        with_avg_pool=True),
    neck=None,
    type='ImageClassifier')
optim_wrapper = dict(
    optimizer=dict(lr=0.1, momentum=0.9, type='SGD', weight_decay=0.0))
param_scheduler = [
    dict(
        begin=0,
        by_epoch=True,
        convert_to_iter_based=True,
        end=5,
        start_factor=0.01,
        type='LinearLR'),
    dict(T_max=95, begin=5, by_epoch=True, end=100, type='CosineAnnealingLR'),
]
randomness = dict(deterministic=False, seed=None)
resume = True
test_cfg = dict()
test_dataloader = dict(
    batch_size=128,
    collate_fn=dict(type='default_collate'),
    dataset=dict(
        data_root='data/cifar100',
        pipeline=[
            dict(type='PackInputs'),
        ],
        split='test',
        type='CIFAR100'),
    num_workers=4,
    persistent_workers=True,
    pin_memory=True,
    sampler=dict(shuffle=False, type='DefaultSampler'))
test_evaluator = dict(
    topk=(
        1,
        5,
    ), type='Accuracy')
test_pipeline = [
    dict(type='PackInputs'),
]
train_cfg = dict(by_epoch=True, max_epochs=100, val_interval=1)
train_dataloader = dict(
    batch_size=128,
    collate_fn=dict(type='default_collate'),
    dataset=dict(
        data_root='data/cifar100',
        pipeline=[
            dict(crop_size=32, padding=4, type='RandomCrop'),
            dict(direction='horizontal', prob=0.5, type='RandomFlip'),
            dict(type='PackInputs'),
        ],
        split='train',
        type='CIFAR100'),
    num_workers=4,
    persistent_workers=True,
    pin_memory=True,
    sampler=dict(shuffle=True, type='DefaultSampler'))
train_pipeline = [
    dict(crop_size=32, padding=4, type='RandomCrop'),
    dict(direction='horizontal', prob=0.5, type='RandomFlip'),
    dict(type='PackInputs'),
]
val_cfg = dict()
val_dataloader = dict(
    batch_size=128,
    collate_fn=dict(type='default_collate'),
    dataset=dict(
        data_root='data/cifar100',
        pipeline=[
            dict(type='PackInputs'),
        ],
        split='test',
        type='CIFAR100'),
    num_workers=4,
    persistent_workers=True,
    pin_memory=True,
    sampler=dict(shuffle=False, type='DefaultSampler'))
val_evaluator = dict(
    topk=(
        1,
        5,
    ), type='Accuracy')
vis_backends = [
    dict(type='LocalVisBackend'),
]
visualizer = dict(
    type='UniversalVisualizer', vis_backends=[
        dict(type='LocalVisBackend'),
    ])
work_dir = '/home/hkoc/UM/UM_SEM9/how-to-probe/outputs/probing_dino_cifar100'

/home/hkoc/UM/UM_SEM9/how-to-probe/.venv/lib/python3.11/site-packages/mmcv/cnn/bricks/transformer.py:33: UserWarning: Fail to import ``MultiScaleDeformableAttention`` from ``mmcv.ops.multi_scale_deform_attn``, You should install ``mmcv`` rather than ``mmcv-lite`` if you need this module. 
  warnings.warn('Fail to import ``MultiScaleDeformableAttention`` from '
/home/hkoc/UM/UM_SEM9/how-to-probe/.venv/lib/python3.11/site-packages/mmcv/cnn/bricks/transformer.py:33: UserWarning: Fail to import ``MultiScaleDeformableAttention`` from ``mmcv.ops.multi_scale_deform_attn``, You should install ``mmcv`` rather than ``mmcv-lite`` if you need this module. 
  warnings.warn('Fail to import ``MultiScaleDeformableAttention`` from '
01/23 15:58:48 - mmengine - INFO - Hooks will be executed in the following order:
before_run:
(VERY_HIGH   ) RuntimeInfoHook                    
(BELOW_NORMAL) LoggerHook                         
 -------------------- 
before_train:
(VERY_HIGH   ) RuntimeInfoHook                    
(NORMAL      ) IterTimerHook                      
(VERY_LOW    ) CheckpointHook                     
 -------------------- 
before_train_epoch:
(VERY_HIGH   ) RuntimeInfoHook                    
(NORMAL      ) IterTimerHook                      
(NORMAL      ) DistSamplerSeedHook                
 -------------------- 
before_train_iter:
(VERY_HIGH   ) RuntimeInfoHook                    
(NORMAL      ) IterTimerHook                      
 -------------------- 
after_train_iter:
(VERY_HIGH   ) RuntimeInfoHook                    
(NORMAL      ) IterTimerHook                      
(BELOW_NORMAL) LoggerHook                         
(LOW         ) ParamSchedulerHook                 
(VERY_LOW    ) CheckpointHook                     
 -------------------- 
after_train_epoch:
(NORMAL      ) IterTimerHook                      
(LOW         ) ParamSchedulerHook                 
(VERY_LOW    ) CheckpointHook                     
 -------------------- 
before_val:
(VERY_HIGH   ) RuntimeInfoHook                    
 -------------------- 
before_val_epoch:
(NORMAL      ) IterTimerHook                      
 -------------------- 
before_val_iter:
(NORMAL      ) IterTimerHook                      
 -------------------- 
after_val_iter:
(NORMAL      ) IterTimerHook                      
(NORMAL      ) VisualizationHook                  
(BELOW_NORMAL) LoggerHook                         
 -------------------- 
after_val_epoch:
(VERY_HIGH   ) RuntimeInfoHook                    
(NORMAL      ) IterTimerHook                      
(BELOW_NORMAL) LoggerHook                         
(LOW         ) ParamSchedulerHook                 
(VERY_LOW    ) CheckpointHook                     
 -------------------- 
after_val:
(VERY_HIGH   ) RuntimeInfoHook                    
 -------------------- 
after_train:
(VERY_HIGH   ) RuntimeInfoHook                    
(VERY_LOW    ) CheckpointHook                     
 -------------------- 
before_test:
(VERY_HIGH   ) RuntimeInfoHook                    
 -------------------- 
before_test_epoch:
(NORMAL      ) IterTimerHook                      
 -------------------- 
before_test_iter:
(NORMAL      ) IterTimerHook                      
 -------------------- 
after_test_iter:
(NORMAL      ) IterTimerHook                      
(NORMAL      ) VisualizationHook                  
(BELOW_NORMAL) LoggerHook                         
 -------------------- 
after_test_epoch:
(VERY_HIGH   ) RuntimeInfoHook                    
(NORMAL      ) IterTimerHook                      
(BELOW_NORMAL) LoggerHook                         
 -------------------- 
after_test:
(VERY_HIGH   ) RuntimeInfoHook                    
 -------------------- 
after_run:
(BELOW_NORMAL) LoggerHook                         
 -------------------- 
Loads checkpoint by local backend from path: ../../outputs/dino_cifar100/checkpoint_converted.pth
01/23 15:58:52 - mmengine - INFO - load backbone. in model from: ../../outputs/dino_cifar100/checkpoint_converted.pth
Loads checkpoint by local backend from path: ../../outputs/dino_cifar100/checkpoint_converted.pth
01/23 15:58:52 - mmengine - WARNING - The model and loaded state dict do not match exactly

size mismatch for conv1.weight: copying a param with shape torch.Size([64, 3, 7, 7]) from checkpoint, the shape in current model is torch.Size([64, 3, 3, 3]).
Did not find last_checkpoint to be resumed.
Did not find last_checkpoint to be resumed.
01/23 15:58:52 - mmengine - INFO - Auto resumed from the latest checkpoint None.
01/23 15:58:52 - mmengine - WARNING - "FileClient" will be deprecated in future. Please use io functions in https://mmengine.readthedocs.io/en/latest/api/fileio.html#file-io
01/23 15:58:52 - mmengine - WARNING - "HardDiskBackend" is the alias of "LocalBackend" and the former will be deprecated in future.
01/23 15:58:52 - mmengine - INFO - Checkpoints will be saved to /home/hkoc/UM/UM_SEM9/how-to-probe/outputs/probing_dino_cifar100.
01/23 15:59:07 - mmengine - INFO - Epoch(train)   [1][100/196]  lr: 1.1011e-02  eta: 0:47:37  time: 0.1066  data_time: 0.0015  memory: 541  loss: 1012.3646
01/23 15:59:17 - mmengine - INFO - Exp name: dino_resnet50_linear-probe_cifar100_20260123_155845
01/23 15:59:23 - mmengine - INFO - Epoch(val) [1][40/40]    accuracy/top1: 1.0200  accuracy/top5: 5.0800  data_time: 0.0050  time: 0.1040
01/23 15:59:34 - mmengine - INFO - Epoch(train)   [2][100/196]  lr: 3.0831e-02  eta: 0:39:06  time: 0.1024  data_time: 0.0015  memory: 541  loss: 2483.7237
01/23 15:59:44 - mmengine - INFO - Exp name: dino_resnet50_linear-probe_cifar100_20260123_155845
01/23 15:59:50 - mmengine - INFO - Epoch(val) [2][40/40]    accuracy/top1: 1.2500  accuracy/top5: 3.5500  data_time: 0.0008  time: 0.0978
01/23 16:00:01 - mmengine - INFO - Epoch(train)   [3][100/196]  lr: 5.0652e-02  eta: 0:36:59  time: 0.1094  data_time: 0.0016  memory: 541  loss: 4327.9477
01/23 16:00:11 - mmengine - INFO - Exp name: dino_resnet50_linear-probe_cifar100_20260123_155845
01/23 16:00:17 - mmengine - INFO - Epoch(val) [3][40/40]    accuracy/top1: 1.2500  accuracy/top5: 3.5000  data_time: 0.0009  time: 0.0976
01/23 16:00:28 - mmengine - INFO - Epoch(train)   [4][100/196]  lr: 7.0472e-02  eta: 0:36:06  time: 0.1101  data_time: 0.0012  memory: 541  loss: 5825.8765
01/23 16:00:39 - mmengine - INFO - Exp name: dino_resnet50_linear-probe_cifar100_20260123_155845
01/23 16:00:44 - mmengine - INFO - Epoch(val) [4][40/40]    accuracy/top1: 1.7700  accuracy/top5: 4.6700  data_time: 0.0008  time: 0.0967
01/23 16:00:56 - mmengine - INFO - Epoch(train)   [5][100/196]  lr: 9.0292e-02  eta: 0:35:30  time: 0.1096  data_time: 0.0013  memory: 541  loss: 6018.4095
01/23 16:01:06 - mmengine - INFO - Exp name: dino_resnet50_linear-probe_cifar100_20260123_155845
01/23 16:01:12 - mmengine - INFO - Epoch(val) [5][40/40]    accuracy/top1: 1.7900  accuracy/top5: 4.0900  data_time: 0.0009  time: 0.0997
01/23 16:01:14 - mmengine - INFO - Exp name: dino_resnet50_linear-probe_cifar100_20260123_155845
01/23 16:01:23 - mmengine - INFO - Epoch(train)   [6][100/196]  lr: 1.0000e-01  eta: 0:34:55  time: 0.1096  data_time: 0.0013  memory: 541  loss: 5602.5175
01/23 16:01:33 - mmengine - INFO - Exp name: dino_resnet50_linear-probe_cifar100_20260123_155845
01/23 16:01:39 - mmengine - INFO - Epoch(val) [6][40/40]    accuracy/top1: 1.6400  accuracy/top5: 4.2900  data_time: 0.0009  time: 0.0980
01/23 16:01:50 - mmengine - INFO - Epoch(train)   [7][100/196]  lr: 9.9973e-02  eta: 0:34:19  time: 0.1015  data_time: 0.0016  memory: 541  loss: 5807.0739
01/23 16:02:00 - mmengine - INFO - Exp name: dino_resnet50_linear-probe_cifar100_20260123_155845
01/23 16:02:05 - mmengine - INFO - Epoch(val) [7][40/40]    accuracy/top1: 1.5800  accuracy/top5: 3.5800  data_time: 0.0008  time: 0.0936
01/23 16:02:16 - mmengine - INFO - Epoch(train)   [8][100/196]  lr: 9.9891e-02  eta: 0:33:45  time: 0.1091  data_time: 0.0011  memory: 541  loss: 6712.7838
01/23 16:02:26 - mmengine - INFO - Exp name: dino_resnet50_linear-probe_cifar100_20260123_155845
01/23 16:02:32 - mmengine - INFO - Epoch(val) [8][40/40]    accuracy/top1: 1.9400  accuracy/top5: 3.1400  data_time: 0.0007  time: 0.0976
01/23 16:02:43 - mmengine - INFO - Epoch(train)   [9][100/196]  lr: 9.9754e-02  eta: 0:33:12  time: 0.1037  data_time: 0.0010  memory: 541  loss: 6379.5812
01/23 16:02:53 - mmengine - INFO - Exp name: dino_resnet50_linear-probe_cifar100_20260123_155845
01/23 16:02:59 - mmengine - INFO - Epoch(val) [9][40/40]    accuracy/top1: 3.1400  accuracy/top5: 5.5500  data_time: 0.0009  time: 0.0966
01/23 16:03:10 - mmengine - INFO - Epoch(train)  [10][100/196]  lr: 9.9563e-02  eta: 0:32:44  time: 0.1117  data_time: 0.0008  memory: 541  loss: 6012.3056
01/23 16:03:21 - mmengine - INFO - Exp name: dino_resnet50_linear-probe_cifar100_20260123_155845
01/23 16:03:21 - mmengine - INFO - Saving checkpoint at 10 epochs
01/23 16:03:26 - mmengine - INFO - Epoch(val) [10][40/40]    accuracy/top1: 1.1600  accuracy/top5: 2.6800  data_time: 0.0008  time: 0.0949
01/23 16:03:31 - mmengine - INFO - Exp name: dino_resnet50_linear-probe_cifar100_20260123_155845
01/23 16:03:37 - mmengine - INFO - Epoch(train)  [11][100/196]  lr: 9.9318e-02  eta: 0:32:22  time: 0.1100  data_time: 0.0012  memory: 541  loss: 4600.2110
01/23 16:03:48 - mmengine - INFO - Exp name: dino_resnet50_linear-probe_cifar100_20260123_155845
01/23 16:03:54 - mmengine - INFO - Epoch(val) [11][40/40]    accuracy/top1: 2.2300  accuracy/top5: 5.3200  data_time: 0.0014  time: 0.0972
01/23 16:04:05 - mmengine - INFO - Epoch(train)  [12][100/196]  lr: 9.9019e-02  eta: 0:32:01  time: 0.1113  data_time: 0.0014  memory: 541  loss: 4875.4564
01/23 16:04:15 - mmengine - INFO - Exp name: dino_resnet50_linear-probe_cifar100_20260123_155845
01/23 16:04:21 - mmengine - INFO - Epoch(val) [12][40/40]    accuracy/top1: 1.7100  accuracy/top5: 4.5400  data_time: 0.0009  time: 0.0984
01/23 16:04:32 - mmengine - INFO - Epoch(train)  [13][100/196]  lr: 9.8666e-02  eta: 0:31:40  time: 0.1103  data_time: 0.0011  memory: 541  loss: 4588.2604
01/23 16:04:43 - mmengine - INFO - Exp name: dino_resnet50_linear-probe_cifar100_20260123_155845
01/23 16:04:48 - mmengine - INFO - Epoch(val) [13][40/40]    accuracy/top1: 3.2700  accuracy/top5: 6.5200  data_time: 0.0009  time: 0.0974
01/23 16:04:59 - mmengine - INFO - Epoch(train)  [14][100/196]  lr: 9.8260e-02  eta: 0:31:16  time: 0.1105  data_time: 0.0012  memory: 541  loss: 5332.8677
01/23 16:05:10 - mmengine - INFO - Exp name: dino_resnet50_linear-probe_cifar100_20260123_155845
01/23 16:05:15 - mmengine - INFO - Epoch(val) [14][40/40]    accuracy/top1: 2.4600  accuracy/top5: 5.3100  data_time: 0.0009  time: 0.0991
01/23 16:05:27 - mmengine - INFO - Epoch(train)  [15][100/196]  lr: 9.7802e-02  eta: 0:30:54  time: 0.1103  data_time: 0.0011  memory: 541  loss: 5437.7113
01/23 16:05:37 - mmengine - INFO - Exp name: dino_resnet50_linear-probe_cifar100_20260123_155845
01/23 16:05:43 - mmengine - INFO - Epoch(val) [15][40/40]    accuracy/top1: 3.2300  accuracy/top5: 7.1900  data_time: 0.0008  time: 0.0964
01/23 16:05:49 - mmengine - INFO - Exp name: dino_resnet50_linear-probe_cifar100_20260123_155845
01/23 16:05:54 - mmengine - INFO - Epoch(train)  [16][100/196]  lr: 9.7291e-02  eta: 0:30:31  time: 0.1105  data_time: 0.0011  memory: 541  loss: 3864.1760
01/23 16:06:04 - mmengine - INFO - Exp name: dino_resnet50_linear-probe_cifar100_20260123_155845
01/23 16:06:10 - mmengine - INFO - Epoch(val) [16][40/40]    accuracy/top1: 1.7800  accuracy/top5: 5.7100  data_time: 0.0010  time: 0.0973
01/23 16:06:21 - mmengine - INFO - Epoch(train)  [17][100/196]  lr: 9.6728e-02  eta: 0:30:09  time: 0.1101  data_time: 0.0015  memory: 541  loss: 4135.8544
01/23 16:06:32 - mmengine - INFO - Exp name: dino_resnet50_linear-probe_cifar100_20260123_155845
01/23 16:06:37 - mmengine - INFO - Epoch(val) [17][40/40]    accuracy/top1: 2.6400  accuracy/top5: 5.8400  data_time: 0.0011  time: 0.1003
01/23 16:06:49 - mmengine - INFO - Epoch(train)  [18][100/196]  lr: 9.6114e-02  eta: 0:29:48  time: 0.1099  data_time: 0.0011  memory: 541  loss: 4764.0428
01/23 16:06:59 - mmengine - INFO - Exp name: dino_resnet50_linear-probe_cifar100_20260123_155845
01/23 16:07:05 - mmengine - INFO - Epoch(val) [18][40/40]    accuracy/top1: 2.6300  accuracy/top5: 7.4300  data_time: 0.0007  time: 0.0962
01/23 16:07:16 - mmengine - INFO - Epoch(train)  [19][100/196]  lr: 9.5450e-02  eta: 0:29:26  time: 0.1101  data_time: 0.0008  memory: 541  loss: 3892.7240
01/23 16:07:26 - mmengine - INFO - Exp name: dino_resnet50_linear-probe_cifar100_20260123_155845
01/23 16:07:32 - mmengine - INFO - Epoch(val) [19][40/40]    accuracy/top1: 3.0300  accuracy/top5: 7.4200  data_time: 0.0009  time: 0.0987
01/23 16:07:43 - mmengine - INFO - Epoch(train)  [20][100/196]  lr: 9.4736e-02  eta: 0:29:03  time: 0.1190  data_time: 0.0012  memory: 541  loss: 4137.7207
01/23 16:07:53 - mmengine - INFO - Exp name: dino_resnet50_linear-probe_cifar100_20260123_155845
01/23 16:07:53 - mmengine - INFO - Saving checkpoint at 20 epochs
01/23 16:07:59 - mmengine - INFO - Epoch(val) [20][40/40]    accuracy/top1: 2.4400  accuracy/top5: 5.0500  data_time: 0.0012  time: 0.0981
01/23 16:08:07 - mmengine - INFO - Exp name: dino_resnet50_linear-probe_cifar100_20260123_155845
01/23 16:08:10 - mmengine - INFO - Epoch(train)  [21][100/196]  lr: 9.3974e-02  eta: 0:28:38  time: 0.1052  data_time: 0.0010  memory: 541  loss: 4355.0056
01/23 16:08:20 - mmengine - INFO - Exp name: dino_resnet50_linear-probe_cifar100_20260123_155845
01/23 16:08:25 - mmengine - INFO - Epoch(val) [21][40/40]    accuracy/top1: 3.0300  accuracy/top5: 7.0400  data_time: 0.0008  time: 0.0994
01/23 16:08:36 - mmengine - INFO - Epoch(train)  [22][100/196]  lr: 9.3163e-02  eta: 0:28:14  time: 0.1113  data_time: 0.0009  memory: 541  loss: 3837.1607
01/23 16:08:47 - mmengine - INFO - Exp name: dino_resnet50_linear-probe_cifar100_20260123_155845
01/23 16:08:53 - mmengine - INFO - Epoch(val) [22][40/40]    accuracy/top1: 3.4900  accuracy/top5: 7.4200  data_time: 0.0009  time: 0.0965
01/23 16:09:04 - mmengine - INFO - Epoch(train)  [23][100/196]  lr: 9.2305e-02  eta: 0:27:52  time: 0.1030  data_time: 0.0010  memory: 541  loss: 4240.1156
01/23 16:09:14 - mmengine - INFO - Exp name: dino_resnet50_linear-probe_cifar100_20260123_155845
01/23 16:09:20 - mmengine - INFO - Epoch(val) [23][40/40]    accuracy/top1: 2.4500  accuracy/top5: 5.9400  data_time: 0.0012  time: 0.0981
01/23 16:09:30 - mmengine - INFO - Epoch(train)  [24][100/196]  lr: 9.1400e-02  eta: 0:27:28  time: 0.1070  data_time: 0.0014  memory: 541  loss: 3610.8238
01/23 16:09:41 - mmengine - INFO - Exp name: dino_resnet50_linear-probe_cifar100_20260123_155845
01/23 16:09:46 - mmengine - INFO - Epoch(val) [24][40/40]    accuracy/top1: 2.0700  accuracy/top5: 4.4400  data_time: 0.0009  time: 0.0968
01/23 16:09:57 - mmengine - INFO - Epoch(train)  [25][100/196]  lr: 9.0451e-02  eta: 0:27:06  time: 0.1137  data_time: 0.0010  memory: 541  loss: 3220.8304
01/23 16:10:07 - mmengine - INFO - Exp name: dino_resnet50_linear-probe_cifar100_20260123_155845
01/23 16:10:13 - mmengine - INFO - Epoch(val) [25][40/40]    accuracy/top1: 2.6800  accuracy/top5: 5.8100  data_time: 0.0009  time: 0.0952
01/23 16:10:24 - mmengine - INFO - Exp name: dino_resnet50_linear-probe_cifar100_20260123_155845
01/23 16:10:24 - mmengine - INFO - Epoch(train)  [26][100/196]  lr: 8.9457e-02  eta: 0:26:44  time: 0.1095  data_time: 0.0010  memory: 541  loss: 4336.4351
01/23 16:10:35 - mmengine - INFO - Exp name: dino_resnet50_linear-probe_cifar100_20260123_155845
01/23 16:10:41 - mmengine - INFO - Epoch(val) [26][40/40]    accuracy/top1: 3.0100  accuracy/top5: 7.6200  data_time: 0.0009  time: 0.1003
01/23 16:10:52 - mmengine - INFO - Epoch(train)  [27][100/196]  lr: 8.8420e-02  eta: 0:26:23  time: 0.1109  data_time: 0.0015  memory: 541  loss: 3447.6989
01/23 16:11:02 - mmengine - INFO - Exp name: dino_resnet50_linear-probe_cifar100_20260123_155845
01/23 16:11:08 - mmengine - INFO - Epoch(val) [27][40/40]    accuracy/top1: 3.9600  accuracy/top5: 7.6000  data_time: 0.0008  time: 0.0985
01/23 16:11:19 - mmengine - INFO - Epoch(train)  [28][100/196]  lr: 8.7341e-02  eta: 0:26:02  time: 0.1107  data_time: 0.0012  memory: 541  loss: 3949.5607
01/23 16:11:30 - mmengine - INFO - Exp name: dino_resnet50_linear-probe_cifar100_20260123_155845
01/23 16:11:35 - mmengine - INFO - Epoch(val) [28][40/40]    accuracy/top1: 3.3100  accuracy/top5: 7.2600  data_time: 0.0009  time: 0.0987
01/23 16:11:46 - mmengine - INFO - Epoch(train)  [29][100/196]  lr: 8.6221e-02  eta: 0:25:41  time: 0.1101  data_time: 0.0009  memory: 541  loss: 3690.1558
01/23 16:11:57 - mmengine - INFO - Exp name: dino_resnet50_linear-probe_cifar100_20260123_155845
01/23 16:12:02 - mmengine - INFO - Epoch(val) [29][40/40]    accuracy/top1: 3.0100  accuracy/top5: 6.3900  data_time: 0.0014  time: 0.0952
01/23 16:12:13 - mmengine - INFO - Epoch(train)  [30][100/196]  lr: 8.5062e-02  eta: 0:25:19  time: 0.1112  data_time: 0.0011  memory: 541  loss: 2704.5437
01/23 16:12:24 - mmengine - INFO - Exp name: dino_resnet50_linear-probe_cifar100_20260123_155845
01/23 16:12:24 - mmengine - INFO - Saving checkpoint at 30 epochs
01/23 16:12:30 - mmengine - INFO - Epoch(val) [30][40/40]    accuracy/top1: 3.2400  accuracy/top5: 8.1200  data_time: 0.0009  time: 0.0979
01/23 16:12:40 - mmengine - INFO - Epoch(train)  [31][100/196]  lr: 8.3864e-02  eta: 0:24:56  time: 0.1020  data_time: 0.0012  memory: 541  loss: 3302.3844
01/23 16:12:42 - mmengine - INFO - Exp name: dino_resnet50_linear-probe_cifar100_20260123_155845
01/23 16:12:50 - mmengine - INFO - Exp name: dino_resnet50_linear-probe_cifar100_20260123_155845
01/23 16:12:56 - mmengine - INFO - Epoch(val) [31][40/40]    accuracy/top1: 2.8900  accuracy/top5: 7.0300  data_time: 0.0012  time: 0.0984
01/23 16:13:07 - mmengine - INFO - Epoch(train)  [32][100/196]  lr: 8.2629e-02  eta: 0:24:34  time: 0.1105  data_time: 0.0015  memory: 541  loss: 3286.3397
01/23 16:13:17 - mmengine - INFO - Exp name: dino_resnet50_linear-probe_cifar100_20260123_155845
01/23 16:13:23 - mmengine - INFO - Epoch(val) [32][40/40]    accuracy/top1: 2.7100  accuracy/top5: 6.9500  data_time: 0.0015  time: 0.0978
01/23 16:13:34 - mmengine - INFO - Epoch(train)  [33][100/196]  lr: 8.1359e-02  eta: 0:24:11  time: 0.1126  data_time: 0.0009  memory: 541  loss: 2499.4668
01/23 16:13:44 - mmengine - INFO - Exp name: dino_resnet50_linear-probe_cifar100_20260123_155845
01/23 16:13:50 - mmengine - INFO - Epoch(val) [33][40/40]    accuracy/top1: 3.0600  accuracy/top5: 7.7500  data_time: 0.0010  time: 0.0964
01/23 16:14:01 - mmengine - INFO - Epoch(train)  [34][100/196]  lr: 8.0054e-02  eta: 0:23:49  time: 0.1096  data_time: 0.0009  memory: 541  loss: 2499.7901
01/23 16:14:11 - mmengine - INFO - Exp name: dino_resnet50_linear-probe_cifar100_20260123_155845
01/23 16:14:17 - mmengine - INFO - Epoch(val) [34][40/40]    accuracy/top1: 2.8100  accuracy/top5: 6.4200  data_time: 0.0007  time: 0.0949
01/23 16:14:28 - mmengine - INFO - Epoch(train)  [35][100/196]  lr: 7.8716e-02  eta: 0:23:27  time: 0.1109  data_time: 0.0013  memory: 541  loss: 2202.5700
01/23 16:14:38 - mmengine - INFO - Exp name: dino_resnet50_linear-probe_cifar100_20260123_155845
01/23 16:14:44 - mmengine - INFO - Epoch(val) [35][40/40]    accuracy/top1: 3.5300  accuracy/top5: 8.4500  data_time: 0.0010  time: 0.0983
01/23 16:14:55 - mmengine - INFO - Epoch(train)  [36][100/196]  lr: 7.7347e-02  eta: 0:23:06  time: 0.1107  data_time: 0.0010  memory: 541  loss: 3071.5250
01/23 16:14:59 - mmengine - INFO - Exp name: dino_resnet50_linear-probe_cifar100_20260123_155845
01/23 16:15:05 - mmengine - INFO - Exp name: dino_resnet50_linear-probe_cifar100_20260123_155845
01/23 16:15:11 - mmengine - INFO - Epoch(val) [36][40/40]    accuracy/top1: 3.4600  accuracy/top5: 7.1000  data_time: 0.0009  time: 0.0991
01/23 16:15:22 - mmengine - INFO - Epoch(train)  [37][100/196]  lr: 7.5948e-02  eta: 0:22:44  time: 0.1094  data_time: 0.0011  memory: 541  loss: 3317.2752
01/23 16:15:32 - mmengine - INFO - Exp name: dino_resnet50_linear-probe_cifar100_20260123_155845
01/23 16:15:38 - mmengine - INFO - Epoch(val) [37][40/40]    accuracy/top1: 3.0500  accuracy/top5: 7.8100  data_time: 0.0010  time: 0.0966
01/23 16:15:49 - mmengine - INFO - Epoch(train)  [38][100/196]  lr: 7.4521e-02  eta: 0:22:22  time: 0.1067  data_time: 0.0013  memory: 541  loss: 2344.7765
01/23 16:16:00 - mmengine - INFO - Exp name: dino_resnet50_linear-probe_cifar100_20260123_155845
01/23 16:16:05 - mmengine - INFO - Epoch(val) [38][40/40]    accuracy/top1: 3.5500  accuracy/top5: 9.1700  data_time: 0.0008  time: 0.0977
01/23 16:16:16 - mmengine - INFO - Epoch(train)  [39][100/196]  lr: 7.3067e-02  eta: 0:22:00  time: 0.1115  data_time: 0.0010  memory: 541  loss: 2640.0693
01/23 16:16:27 - mmengine - INFO - Exp name: dino_resnet50_linear-probe_cifar100_20260123_155845
01/23 16:16:32 - mmengine - INFO - Epoch(val) [39][40/40]    accuracy/top1: 3.1700  accuracy/top5: 7.9800  data_time: 0.0012  time: 0.0980
01/23 16:16:43 - mmengine - INFO - Epoch(train)  [40][100/196]  lr: 7.1588e-02  eta: 0:21:38  time: 0.1014  data_time: 0.0013  memory: 541  loss: 2463.9107
01/23 16:16:53 - mmengine - INFO - Exp name: dino_resnet50_linear-probe_cifar100_20260123_155845
01/23 16:16:53 - mmengine - INFO - Saving checkpoint at 40 epochs
01/23 16:16:59 - mmengine - INFO - Epoch(val) [40][40/40]    accuracy/top1: 3.3600  accuracy/top5: 8.8700  data_time: 0.0013  time: 0.0971
01/23 16:17:10 - mmengine - INFO - Epoch(train)  [41][100/196]  lr: 7.0085e-02  eta: 0:21:17  time: 0.1104  data_time: 0.0013  memory: 541  loss: 2845.8081
01/23 16:17:17 - mmengine - INFO - Exp name: dino_resnet50_linear-probe_cifar100_20260123_155845
01/23 16:17:21 - mmengine - INFO - Exp name: dino_resnet50_linear-probe_cifar100_20260123_155845
01/23 16:17:27 - mmengine - INFO - Epoch(val) [41][40/40]    accuracy/top1: 3.4600  accuracy/top5: 7.4700  data_time: 0.0008  time: 0.0964
01/23 16:17:38 - mmengine - INFO - Epoch(train)  [42][100/196]  lr: 6.8560e-02  eta: 0:20:56  time: 0.1116  data_time: 0.0011  memory: 541  loss: 1707.9738
01/23 16:17:48 - mmengine - INFO - Exp name: dino_resnet50_linear-probe_cifar100_20260123_155845
01/23 16:17:54 - mmengine - INFO - Epoch(val) [42][40/40]    accuracy/top1: 3.2400  accuracy/top5: 8.2700  data_time: 0.0011  time: 0.0981
01/23 16:18:05 - mmengine - INFO - Epoch(train)  [43][100/196]  lr: 6.7015e-02  eta: 0:20:35  time: 0.1113  data_time: 0.0021  memory: 541  loss: 2150.7832
01/23 16:18:16 - mmengine - INFO - Exp name: dino_resnet50_linear-probe_cifar100_20260123_155845
01/23 16:18:21 - mmengine - INFO - Epoch(val) [43][40/40]    accuracy/top1: 4.4800  accuracy/top5: 10.5600  data_time: 0.0009  time: 0.0968
01/23 16:18:32 - mmengine - INFO - Epoch(train)  [44][100/196]  lr: 6.5451e-02  eta: 0:20:12  time: 0.1015  data_time: 0.0010  memory: 541  loss: 2070.7831
01/23 16:18:42 - mmengine - INFO - Exp name: dino_resnet50_linear-probe_cifar100_20260123_155845
01/23 16:18:47 - mmengine - INFO - Epoch(val) [44][40/40]    accuracy/top1: 4.5100  accuracy/top5: 9.6900  data_time: 0.0008  time: 0.0948
01/23 16:18:59 - mmengine - INFO - Epoch(train)  [45][100/196]  lr: 6.3870e-02  eta: 0:19:51  time: 0.1106  data_time: 0.0012  memory: 541  loss: 1868.9092
01/23 16:19:09 - mmengine - INFO - Exp name: dino_resnet50_linear-probe_cifar100_20260123_155845
01/23 16:19:15 - mmengine - INFO - Epoch(val) [45][40/40]    accuracy/top1: 4.5900  accuracy/top5: 10.2800  data_time: 0.0011  time: 0.0978
01/23 16:19:26 - mmengine - INFO - Epoch(train)  [46][100/196]  lr: 6.2274e-02  eta: 0:19:29  time: 0.1105  data_time: 0.0013  memory: 541  loss: 1736.8702
01/23 16:19:35 - mmengine - INFO - Exp name: dino_resnet50_linear-probe_cifar100_20260123_155845
01/23 16:19:37 - mmengine - INFO - Exp name: dino_resnet50_linear-probe_cifar100_20260123_155845
01/23 16:19:42 - mmengine - INFO - Epoch(val) [46][40/40]    accuracy/top1: 5.3900  accuracy/top5: 12.2200  data_time: 0.0009  time: 0.0961
01/23 16:19:54 - mmengine - INFO - Epoch(train)  [47][100/196]  lr: 6.0665e-02  eta: 0:19:08  time: 0.1172  data_time: 0.0022  memory: 541  loss: 2130.2841
01/23 16:20:04 - mmengine - INFO - Exp name: dino_resnet50_linear-probe_cifar100_20260123_155845
01/23 16:20:10 - mmengine - INFO - Epoch(val) [47][40/40]    accuracy/top1: 4.8200  accuracy/top5: 9.5600  data_time: 0.0008  time: 0.0966
01/23 16:20:20 - mmengine - INFO - Epoch(train)  [48][100/196]  lr: 5.9044e-02  eta: 0:18:46  time: 0.1046  data_time: 0.0010  memory: 541  loss: 1896.0437
01/23 16:20:30 - mmengine - INFO - Exp name: dino_resnet50_linear-probe_cifar100_20260123_155845
01/23 16:20:36 - mmengine - INFO - Epoch(val) [48][40/40]    accuracy/top1: 4.3300  accuracy/top5: 10.1900  data_time: 0.0012  time: 0.0975
01/23 16:20:47 - mmengine - INFO - Epoch(train)  [49][100/196]  lr: 5.7413e-02  eta: 0:18:24  time: 0.1107  data_time: 0.0013  memory: 541  loss: 1637.6357
01/23 16:20:57 - mmengine - INFO - Exp name: dino_resnet50_linear-probe_cifar100_20260123_155845
01/23 16:21:03 - mmengine - INFO - Epoch(val) [49][40/40]    accuracy/top1: 3.4200  accuracy/top5: 9.7100  data_time: 0.0012  time: 0.0969
01/23 16:21:14 - mmengine - INFO - Epoch(train)  [50][100/196]  lr: 5.5774e-02  eta: 0:18:03  time: 0.1109  data_time: 0.0009  memory: 541  loss: 1768.0454
01/23 16:21:25 - mmengine - INFO - Exp name: dino_resnet50_linear-probe_cifar100_20260123_155845
01/23 16:21:25 - mmengine - INFO - Saving checkpoint at 50 epochs
01/23 16:21:31 - mmengine - INFO - Epoch(val) [50][40/40]    accuracy/top1: 4.7300  accuracy/top5: 10.6700  data_time: 0.0009  time: 0.0980
01/23 16:21:42 - mmengine - INFO - Epoch(train)  [51][100/196]  lr: 5.4129e-02  eta: 0:17:42  time: 0.1110  data_time: 0.0012  memory: 541  loss: 1659.3751
01/23 16:21:52 - mmengine - INFO - Exp name: dino_resnet50_linear-probe_cifar100_20260123_155845
01/23 16:21:58 - mmengine - INFO - Epoch(val) [51][40/40]    accuracy/top1: 4.8400  accuracy/top5: 12.1700  data_time: 0.0011  time: 0.0937
01/23 16:21:58 - mmengine - INFO - Exp name: dino_resnet50_linear-probe_cifar100_20260123_155845
01/23 16:22:09 - mmengine - INFO - Epoch(train)  [52][100/196]  lr: 5.2479e-02  eta: 0:17:20  time: 0.1108  data_time: 0.0015  memory: 541  loss: 1130.1453
01/23 16:22:19 - mmengine - INFO - Exp name: dino_resnet50_linear-probe_cifar100_20260123_155845
01/23 16:22:25 - mmengine - INFO - Epoch(val) [52][40/40]    accuracy/top1: 3.5200  accuracy/top5: 10.3700  data_time: 0.0012  time: 0.0953
01/23 16:22:36 - mmengine - INFO - Epoch(train)  [53][100/196]  lr: 5.0827e-02  eta: 0:16:59  time: 0.1139  data_time: 0.0012  memory: 541  loss: 1443.6771
01/23 16:22:46 - mmengine - INFO - Exp name: dino_resnet50_linear-probe_cifar100_20260123_155845
01/23 16:22:52 - mmengine - INFO - Epoch(val) [53][40/40]    accuracy/top1: 4.1000  accuracy/top5: 9.0500  data_time: 0.0012  time: 0.0972
01/23 16:23:03 - mmengine - INFO - Epoch(train)  [54][100/196]  lr: 4.9173e-02  eta: 0:16:38  time: 0.1193  data_time: 0.0016  memory: 541  loss: 856.6972
01/23 16:23:14 - mmengine - INFO - Exp name: dino_resnet50_linear-probe_cifar100_20260123_155845
01/23 16:23:19 - mmengine - INFO - Epoch(val) [54][40/40]    accuracy/top1: 4.4700  accuracy/top5: 12.4100  data_time: 0.0013  time: 0.0953
01/23 16:23:30 - mmengine - INFO - Epoch(train)  [55][100/196]  lr: 4.7521e-02  eta: 0:16:16  time: 0.1057  data_time: 0.0013  memory: 541  loss: 1188.7231
01/23 16:23:40 - mmengine - INFO - Exp name: dino_resnet50_linear-probe_cifar100_20260123_155845
01/23 16:23:46 - mmengine - INFO - Epoch(val) [55][40/40]    accuracy/top1: 3.6400  accuracy/top5: 10.2200  data_time: 0.0009  time: 0.0947
01/23 16:23:57 - mmengine - INFO - Epoch(train)  [56][100/196]  lr: 4.5871e-02  eta: 0:15:54  time: 0.1100  data_time: 0.0013  memory: 541  loss: 930.5072
01/23 16:24:07 - mmengine - INFO - Exp name: dino_resnet50_linear-probe_cifar100_20260123_155845
01/23 16:24:13 - mmengine - INFO - Epoch(val) [56][40/40]    accuracy/top1: 4.2200  accuracy/top5: 11.0400  data_time: 0.0013  time: 0.0980
01/23 16:24:16 - mmengine - INFO - Exp name: dino_resnet50_linear-probe_cifar100_20260123_155845
01/23 16:24:24 - mmengine - INFO - Epoch(train)  [57][100/196]  lr: 4.4226e-02  eta: 0:15:33  time: 0.1109  data_time: 0.0019  memory: 541  loss: 1005.1095
01/23 16:24:34 - mmengine - INFO - Exp name: dino_resnet50_linear-probe_cifar100_20260123_155845
01/23 16:24:40 - mmengine - INFO - Epoch(val) [57][40/40]    accuracy/top1: 4.6800  accuracy/top5: 11.9200  data_time: 0.0014  time: 0.0988
01/23 16:24:51 - mmengine - INFO - Epoch(train)  [58][100/196]  lr: 4.2587e-02  eta: 0:15:11  time: 0.1091  data_time: 0.0012  memory: 541  loss: 1063.8822
01/23 16:25:01 - mmengine - INFO - Exp name: dino_resnet50_linear-probe_cifar100_20260123_155845
01/23 16:25:06 - mmengine - INFO - Epoch(val) [58][40/40]    accuracy/top1: 4.9200  accuracy/top5: 12.6400  data_time: 0.0015  time: 0.1028
01/23 16:25:17 - mmengine - INFO - Epoch(train)  [59][100/196]  lr: 4.0956e-02  eta: 0:14:49  time: 0.1013  data_time: 0.0015  memory: 541  loss: 836.4103
01/23 16:25:27 - mmengine - INFO - Exp name: dino_resnet50_linear-probe_cifar100_20260123_155845
01/23 16:25:33 - mmengine - INFO - Epoch(val) [59][40/40]    accuracy/top1: 4.9200  accuracy/top5: 12.7100  data_time: 0.0010  time: 0.0994
01/23 16:25:44 - mmengine - INFO - Epoch(train)  [60][100/196]  lr: 3.9335e-02  eta: 0:14:27  time: 0.1044  data_time: 0.0008  memory: 541  loss: 718.7692
01/23 16:25:54 - mmengine - INFO - Exp name: dino_resnet50_linear-probe_cifar100_20260123_155845
01/23 16:25:54 - mmengine - INFO - Saving checkpoint at 60 epochs
01/23 16:26:00 - mmengine - INFO - Epoch(val) [60][40/40]    accuracy/top1: 4.1200  accuracy/top5: 11.3700  data_time: 0.0008  time: 0.0988
01/23 16:26:11 - mmengine - INFO - Epoch(train)  [61][100/196]  lr: 3.7726e-02  eta: 0:14:05  time: 0.1042  data_time: 0.0011  memory: 541  loss: 782.1897
01/23 16:26:21 - mmengine - INFO - Exp name: dino_resnet50_linear-probe_cifar100_20260123_155845
01/23 16:26:26 - mmengine - INFO - Epoch(val) [61][40/40]    accuracy/top1: 5.3600  accuracy/top5: 12.3400  data_time: 0.0010  time: 0.0963
01/23 16:26:31 - mmengine - INFO - Exp name: dino_resnet50_linear-probe_cifar100_20260123_155845
01/23 16:26:37 - mmengine - INFO - Epoch(train)  [62][100/196]  lr: 3.6130e-02  eta: 0:13:43  time: 0.1028  data_time: 0.0013  memory: 541  loss: 902.5148
01/23 16:26:47 - mmengine - INFO - Exp name: dino_resnet50_linear-probe_cifar100_20260123_155845
01/23 16:26:53 - mmengine - INFO - Epoch(val) [62][40/40]    accuracy/top1: 4.6400  accuracy/top5: 13.8900  data_time: 0.0009  time: 0.0944
01/23 16:27:04 - mmengine - INFO - Epoch(train)  [63][100/196]  lr: 3.4549e-02  eta: 0:13:22  time: 0.1101  data_time: 0.0009  memory: 541  loss: 747.0390
01/23 16:27:14 - mmengine - INFO - Exp name: dino_resnet50_linear-probe_cifar100_20260123_155845
01/23 16:27:20 - mmengine - INFO - Epoch(val) [63][40/40]    accuracy/top1: 5.9700  accuracy/top5: 13.8600  data_time: 0.0009  time: 0.0965
01/23 16:27:31 - mmengine - INFO - Epoch(train)  [64][100/196]  lr: 3.2985e-02  eta: 0:13:00  time: 0.1034  data_time: 0.0016  memory: 541  loss: 413.5024
01/23 16:27:41 - mmengine - INFO - Exp name: dino_resnet50_linear-probe_cifar100_20260123_155845
01/23 16:27:46 - mmengine - INFO - Epoch(val) [64][40/40]    accuracy/top1: 5.7200  accuracy/top5: 15.4000  data_time: 0.0011  time: 0.0952
01/23 16:27:57 - mmengine - INFO - Epoch(train)  [65][100/196]  lr: 3.1440e-02  eta: 0:12:39  time: 0.1107  data_time: 0.0014  memory: 541  loss: 511.3609
01/23 16:28:08 - mmengine - INFO - Exp name: dino_resnet50_linear-probe_cifar100_20260123_155845
01/23 16:28:14 - mmengine - INFO - Epoch(val) [65][40/40]    accuracy/top1: 7.2900  accuracy/top5: 16.1500  data_time: 0.0008  time: 0.0965
01/23 16:28:25 - mmengine - INFO - Epoch(train)  [66][100/196]  lr: 2.9915e-02  eta: 0:12:17  time: 0.1198  data_time: 0.0012  memory: 541  loss: 461.0920
01/23 16:28:35 - mmengine - INFO - Exp name: dino_resnet50_linear-probe_cifar100_20260123_155845
01/23 16:28:41 - mmengine - INFO - Epoch(val) [66][40/40]    accuracy/top1: 5.9600  accuracy/top5: 15.3300  data_time: 0.0012  time: 0.0984
01/23 16:28:48 - mmengine - INFO - Exp name: dino_resnet50_linear-probe_cifar100_20260123_155845
01/23 16:28:52 - mmengine - INFO - Epoch(train)  [67][100/196]  lr: 2.8412e-02  eta: 0:11:56  time: 0.1092  data_time: 0.0015  memory: 541  loss: 481.6352
01/23 16:29:02 - mmengine - INFO - Exp name: dino_resnet50_linear-probe_cifar100_20260123_155845
01/23 16:29:08 - mmengine - INFO - Epoch(val) [67][40/40]    accuracy/top1: 5.0000  accuracy/top5: 13.8600  data_time: 0.0008  time: 0.0950
01/23 16:29:19 - mmengine - INFO - Epoch(train)  [68][100/196]  lr: 2.6933e-02  eta: 0:11:35  time: 0.1109  data_time: 0.0009  memory: 541  loss: 338.6961
01/23 16:29:29 - mmengine - INFO - Exp name: dino_resnet50_linear-probe_cifar100_20260123_155845
01/23 16:29:35 - mmengine - INFO - Epoch(val) [68][40/40]    accuracy/top1: 6.2700  accuracy/top5: 16.3900  data_time: 0.0010  time: 0.0942
01/23 16:29:46 - mmengine - INFO - Epoch(train)  [69][100/196]  lr: 2.5479e-02  eta: 0:11:13  time: 0.1084  data_time: 0.0012  memory: 541  loss: 281.4953
01/23 16:29:56 - mmengine - INFO - Exp name: dino_resnet50_linear-probe_cifar100_20260123_155845
01/23 16:30:02 - mmengine - INFO - Epoch(val) [69][40/40]    accuracy/top1: 5.5900  accuracy/top5: 15.4700  data_time: 0.0010  time: 0.0943
01/23 16:30:13 - mmengine - INFO - Epoch(train)  [70][100/196]  lr: 2.4052e-02  eta: 0:10:52  time: 0.1031  data_time: 0.0010  memory: 541  loss: 336.2069
01/23 16:30:23 - mmengine - INFO - Exp name: dino_resnet50_linear-probe_cifar100_20260123_155845
01/23 16:30:23 - mmengine - INFO - Saving checkpoint at 70 epochs
01/23 16:30:29 - mmengine - INFO - Epoch(val) [70][40/40]    accuracy/top1: 6.3900  accuracy/top5: 16.7600  data_time: 0.0012  time: 0.0991
01/23 16:30:40 - mmengine - INFO - Epoch(train)  [71][100/196]  lr: 2.2653e-02  eta: 0:10:30  time: 0.1106  data_time: 0.0013  memory: 541  loss: 243.5483
01/23 16:30:50 - mmengine - INFO - Exp name: dino_resnet50_linear-probe_cifar100_20260123_155845
01/23 16:30:56 - mmengine - INFO - Epoch(val) [71][40/40]    accuracy/top1: 6.6500  accuracy/top5: 17.8200  data_time: 0.0009  time: 0.1005
01/23 16:31:05 - mmengine - INFO - Exp name: dino_resnet50_linear-probe_cifar100_20260123_155845
01/23 16:31:07 - mmengine - INFO - Epoch(train)  [72][100/196]  lr: 2.1284e-02  eta: 0:10:09  time: 0.1115  data_time: 0.0020  memory: 541  loss: 244.8837
01/23 16:31:18 - mmengine - INFO - Exp name: dino_resnet50_linear-probe_cifar100_20260123_155845
01/23 16:31:24 - mmengine - INFO - Epoch(val) [72][40/40]    accuracy/top1: 5.9300  accuracy/top5: 17.6000  data_time: 0.0009  time: 0.0965
01/23 16:31:34 - mmengine - INFO - Epoch(train)  [73][100/196]  lr: 1.9946e-02  eta: 0:09:48  time: 0.1101  data_time: 0.0012  memory: 541  loss: 245.9588
01/23 16:31:45 - mmengine - INFO - Exp name: dino_resnet50_linear-probe_cifar100_20260123_155845
01/23 16:31:51 - mmengine - INFO - Epoch(val) [73][40/40]    accuracy/top1: 7.9200  accuracy/top5: 19.4300  data_time: 0.0010  time: 0.0987
01/23 16:32:02 - mmengine - INFO - Epoch(train)  [74][100/196]  lr: 1.8641e-02  eta: 0:09:26  time: 0.1114  data_time: 0.0009  memory: 541  loss: 178.6025
01/23 16:32:12 - mmengine - INFO - Exp name: dino_resnet50_linear-probe_cifar100_20260123_155845
01/23 16:32:18 - mmengine - INFO - Epoch(val) [74][40/40]    accuracy/top1: 6.2100  accuracy/top5: 17.7400  data_time: 0.0012  time: 0.0963
01/23 16:32:29 - mmengine - INFO - Epoch(train)  [75][100/196]  lr: 1.7371e-02  eta: 0:09:05  time: 0.1047  data_time: 0.0011  memory: 541  loss: 145.6149
01/23 16:32:39 - mmengine - INFO - Exp name: dino_resnet50_linear-probe_cifar100_20260123_155845
01/23 16:32:45 - mmengine - INFO - Epoch(val) [75][40/40]    accuracy/top1: 7.6200  accuracy/top5: 19.6200  data_time: 0.0010  time: 0.1009
01/23 16:32:56 - mmengine - INFO - Epoch(train)  [76][100/196]  lr: 1.6136e-02  eta: 0:08:43  time: 0.1069  data_time: 0.0014  memory: 541  loss: 135.0582
01/23 16:33:07 - mmengine - INFO - Exp name: dino_resnet50_linear-probe_cifar100_20260123_155845
01/23 16:33:12 - mmengine - INFO - Epoch(val) [76][40/40]    accuracy/top1: 7.2000  accuracy/top5: 19.6900  data_time: 0.0012  time: 0.1013
01/23 16:33:23 - mmengine - INFO - Epoch(train)  [77][100/196]  lr: 1.4938e-02  eta: 0:08:22  time: 0.1016  data_time: 0.0015  memory: 541  loss: 134.3571
01/23 16:33:24 - mmengine - INFO - Exp name: dino_resnet50_linear-probe_cifar100_20260123_155845
01/23 16:33:33 - mmengine - INFO - Exp name: dino_resnet50_linear-probe_cifar100_20260123_155845
01/23 16:33:39 - mmengine - INFO - Epoch(val) [77][40/40]    accuracy/top1: 7.0200  accuracy/top5: 18.6200  data_time: 0.0009  time: 0.0990
01/23 16:33:50 - mmengine - INFO - Epoch(train)  [78][100/196]  lr: 1.3779e-02  eta: 0:08:00  time: 0.1154  data_time: 0.0022  memory: 541  loss: 116.6351
01/23 16:33:59 - mmengine - INFO - Exp name: dino_resnet50_linear-probe_cifar100_20260123_155845
01/23 16:34:05 - mmengine - INFO - Epoch(val) [78][40/40]    accuracy/top1: 7.8200  accuracy/top5: 20.3000  data_time: 0.0009  time: 0.0968
01/23 16:34:16 - mmengine - INFO - Epoch(train)  [79][100/196]  lr: 1.2659e-02  eta: 0:07:39  time: 0.1101  data_time: 0.0019  memory: 541  loss: 118.9131
01/23 16:34:26 - mmengine - INFO - Exp name: dino_resnet50_linear-probe_cifar100_20260123_155845
01/23 16:34:32 - mmengine - INFO - Epoch(val) [79][40/40]    accuracy/top1: 7.7300  accuracy/top5: 21.3300  data_time: 0.0008  time: 0.0934
01/23 16:34:43 - mmengine - INFO - Epoch(train)  [80][100/196]  lr: 1.1580e-02  eta: 0:07:18  time: 0.1098  data_time: 0.0014  memory: 541  loss: 99.1264
01/23 16:34:54 - mmengine - INFO - Exp name: dino_resnet50_linear-probe_cifar100_20260123_155845
01/23 16:34:54 - mmengine - INFO - Saving checkpoint at 80 epochs
01/23 16:34:59 - mmengine - INFO - Epoch(val) [80][40/40]    accuracy/top1: 8.5600  accuracy/top5: 22.1100  data_time: 0.0009  time: 0.0996
01/23 16:35:10 - mmengine - INFO - Epoch(train)  [81][100/196]  lr: 1.0543e-02  eta: 0:06:56  time: 0.1024  data_time: 0.0018  memory: 541  loss: 112.0557
01/23 16:35:20 - mmengine - INFO - Exp name: dino_resnet50_linear-probe_cifar100_20260123_155845
01/23 16:35:26 - mmengine - INFO - Epoch(val) [81][40/40]    accuracy/top1: 8.2400  accuracy/top5: 21.7700  data_time: 0.0011  time: 0.0951
01/23 16:35:37 - mmengine - INFO - Epoch(train)  [82][100/196]  lr: 9.5492e-03  eta: 0:06:35  time: 0.1117  data_time: 0.0021  memory: 541  loss: 98.4829
01/23 16:35:40 - mmengine - INFO - Exp name: dino_resnet50_linear-probe_cifar100_20260123_155845
01/23 16:35:48 - mmengine - INFO - Exp name: dino_resnet50_linear-probe_cifar100_20260123_155845
01/23 16:35:54 - mmengine - INFO - Epoch(val) [82][40/40]    accuracy/top1: 8.4700  accuracy/top5: 22.8700  data_time: 0.0009  time: 0.0969
01/23 16:36:05 - mmengine - INFO - Epoch(train)  [83][100/196]  lr: 8.5996e-03  eta: 0:06:13  time: 0.1116  data_time: 0.0014  memory: 541  loss: 86.0371
01/23 16:36:15 - mmengine - INFO - Exp name: dino_resnet50_linear-probe_cifar100_20260123_155845
01/23 16:36:21 - mmengine - INFO - Epoch(val) [83][40/40]    accuracy/top1: 8.7000  accuracy/top5: 22.6100  data_time: 0.0010  time: 0.0958
01/23 16:36:32 - mmengine - INFO - Epoch(train)  [84][100/196]  lr: 7.6952e-03  eta: 0:05:52  time: 0.1082  data_time: 0.0014  memory: 541  loss: 86.2974
01/23 16:36:42 - mmengine - INFO - Exp name: dino_resnet50_linear-probe_cifar100_20260123_155845
01/23 16:36:48 - mmengine - INFO - Epoch(val) [84][40/40]    accuracy/top1: 8.5700  accuracy/top5: 22.1400  data_time: 0.0009  time: 0.0988
01/23 16:36:59 - mmengine - INFO - Epoch(train)  [85][100/196]  lr: 6.8372e-03  eta: 0:05:31  time: 0.1068  data_time: 0.0020  memory: 541  loss: 84.5134
01/23 16:37:09 - mmengine - INFO - Exp name: dino_resnet50_linear-probe_cifar100_20260123_155845
01/23 16:37:15 - mmengine - INFO - Epoch(val) [85][40/40]    accuracy/top1: 9.4800  accuracy/top5: 23.9100  data_time: 0.0011  time: 0.0943
01/23 16:37:26 - mmengine - INFO - Epoch(train)  [86][100/196]  lr: 6.0263e-03  eta: 0:05:09  time: 0.1050  data_time: 0.0012  memory: 541  loss: 75.9330
01/23 16:37:36 - mmengine - INFO - Exp name: dino_resnet50_linear-probe_cifar100_20260123_155845
01/23 16:37:41 - mmengine - INFO - Epoch(val) [86][40/40]    accuracy/top1: 8.3900  accuracy/top5: 22.8400  data_time: 0.0009  time: 0.0950
01/23 16:37:52 - mmengine - INFO - Epoch(train)  [87][100/196]  lr: 5.2635e-03  eta: 0:04:48  time: 0.1187  data_time: 0.0013  memory: 541  loss: 77.2999
01/23 16:37:57 - mmengine - INFO - Exp name: dino_resnet50_linear-probe_cifar100_20260123_155845
01/23 16:38:03 - mmengine - INFO - Exp name: dino_resnet50_linear-probe_cifar100_20260123_155845
01/23 16:38:08 - mmengine - INFO - Epoch(val) [87][40/40]    accuracy/top1: 8.9100  accuracy/top5: 23.0300  data_time: 0.0011  time: 0.0973
01/23 16:38:20 - mmengine - INFO - Epoch(train)  [88][100/196]  lr: 4.5497e-03  eta: 0:04:27  time: 0.1105  data_time: 0.0021  memory: 541  loss: 69.3380
01/23 16:38:30 - mmengine - INFO - Exp name: dino_resnet50_linear-probe_cifar100_20260123_155845
01/23 16:38:36 - mmengine - INFO - Epoch(val) [88][40/40]    accuracy/top1: 8.7500  accuracy/top5: 23.4800  data_time: 0.0010  time: 0.0987
01/23 16:38:47 - mmengine - INFO - Epoch(train)  [89][100/196]  lr: 3.8855e-03  eta: 0:04:05  time: 0.1088  data_time: 0.0014  memory: 541  loss: 73.8386
01/23 16:38:57 - mmengine - INFO - Exp name: dino_resnet50_linear-probe_cifar100_20260123_155845
01/23 16:39:03 - mmengine - INFO - Epoch(val) [89][40/40]    accuracy/top1: 9.3800  accuracy/top5: 23.9200  data_time: 0.0010  time: 0.0966
01/23 16:39:13 - mmengine - INFO - Epoch(train)  [90][100/196]  lr: 3.2718e-03  eta: 0:03:44  time: 0.1091  data_time: 0.0017  memory: 541  loss: 67.9644
01/23 16:39:24 - mmengine - INFO - Exp name: dino_resnet50_linear-probe_cifar100_20260123_155845
01/23 16:39:24 - mmengine - INFO - Saving checkpoint at 90 epochs
01/23 16:39:29 - mmengine - INFO - Epoch(val) [90][40/40]    accuracy/top1: 9.6700  accuracy/top5: 24.8500  data_time: 0.0010  time: 0.0965
01/23 16:39:40 - mmengine - INFO - Epoch(train)  [91][100/196]  lr: 2.7091e-03  eta: 0:03:22  time: 0.1105  data_time: 0.0014  memory: 541  loss: 66.7193
01/23 16:39:51 - mmengine - INFO - Exp name: dino_resnet50_linear-probe_cifar100_20260123_155845
01/23 16:39:56 - mmengine - INFO - Epoch(val) [91][40/40]    accuracy/top1: 9.7600  accuracy/top5: 24.6200  data_time: 0.0013  time: 0.0983
01/23 16:40:07 - mmengine - INFO - Epoch(train)  [92][100/196]  lr: 2.1982e-03  eta: 0:03:01  time: 0.1108  data_time: 0.0019  memory: 541  loss: 60.0253
01/23 16:40:14 - mmengine - INFO - Exp name: dino_resnet50_linear-probe_cifar100_20260123_155845
01/23 16:40:18 - mmengine - INFO - Exp name: dino_resnet50_linear-probe_cifar100_20260123_155845
01/23 16:40:24 - mmengine - INFO - Epoch(val) [92][40/40]    accuracy/top1: 9.9000  accuracy/top5: 24.7400  data_time: 0.0011  time: 0.0983
01/23 16:40:35 - mmengine - INFO - Epoch(train)  [93][100/196]  lr: 1.7396e-03  eta: 0:02:40  time: 0.1192  data_time: 0.0012  memory: 541  loss: 62.0805
01/23 16:40:45 - mmengine - INFO - Exp name: dino_resnet50_linear-probe_cifar100_20260123_155845
01/23 16:40:51 - mmengine - INFO - Epoch(val) [93][40/40]    accuracy/top1: 10.0200  accuracy/top5: 25.2600  data_time: 0.0009  time: 0.0962
01/23 16:41:02 - mmengine - INFO - Epoch(train)  [94][100/196]  lr: 1.3337e-03  eta: 0:02:18  time: 0.1092  data_time: 0.0017  memory: 541  loss: 60.9077
01/23 16:41:12 - mmengine - INFO - Exp name: dino_resnet50_linear-probe_cifar100_20260123_155845
01/23 16:41:18 - mmengine - INFO - Epoch(val) [94][40/40]    accuracy/top1: 9.7700  accuracy/top5: 24.7800  data_time: 0.0008  time: 0.0972
01/23 16:41:29 - mmengine - INFO - Epoch(train)  [95][100/196]  lr: 9.8100e-04  eta: 0:01:57  time: 0.1095  data_time: 0.0014  memory: 541  loss: 53.7608
01/23 16:41:39 - mmengine - INFO - Exp name: dino_resnet50_linear-probe_cifar100_20260123_155845
01/23 16:41:45 - mmengine - INFO - Epoch(val) [95][40/40]    accuracy/top1: 10.0700  accuracy/top5: 24.9700  data_time: 0.0009  time: 0.0975
01/23 16:41:56 - mmengine - INFO - Epoch(train)  [96][100/196]  lr: 6.8193e-04  eta: 0:01:35  time: 0.1089  data_time: 0.0014  memory: 541  loss: 62.3230
01/23 16:42:06 - mmengine - INFO - Exp name: dino_resnet50_linear-probe_cifar100_20260123_155845
01/23 16:42:12 - mmengine - INFO - Epoch(val) [96][40/40]    accuracy/top1: 10.2200  accuracy/top5: 25.7300  data_time: 0.0009  time: 0.0943
01/23 16:42:23 - mmengine - INFO - Epoch(train)  [97][100/196]  lr: 4.3680e-04  eta: 0:01:14  time: 0.1204  data_time: 0.0022  memory: 541  loss: 65.4254
01/23 16:42:32 - mmengine - INFO - Exp name: dino_resnet50_linear-probe_cifar100_20260123_155845
01/23 16:42:34 - mmengine - INFO - Exp name: dino_resnet50_linear-probe_cifar100_20260123_155845
01/23 16:42:39 - mmengine - INFO - Epoch(val) [97][40/40]    accuracy/top1: 10.1200  accuracy/top5: 25.6900  data_time: 0.0009  time: 0.0984
01/23 16:42:51 - mmengine - INFO - Epoch(train)  [98][100/196]  lr: 2.4585e-04  eta: 0:00:53  time: 0.1205  data_time: 0.0014  memory: 541  loss: 62.6516
01/23 16:43:01 - mmengine - INFO - Exp name: dino_resnet50_linear-probe_cifar100_20260123_155845
01/23 16:43:07 - mmengine - INFO - Epoch(val) [98][40/40]    accuracy/top1: 10.2600  accuracy/top5: 25.8000  data_time: 0.0009  time: 0.0969
01/23 16:43:18 - mmengine - INFO - Epoch(train)  [99][100/196]  lr: 1.0932e-04  eta: 0:00:31  time: 0.1110  data_time: 0.0018  memory: 541  loss: 53.3944
01/23 16:43:28 - mmengine - INFO - Exp name: dino_resnet50_linear-probe_cifar100_20260123_155845
01/23 16:43:34 - mmengine - INFO - Epoch(val) [99][40/40]    accuracy/top1: 10.1200  accuracy/top5: 25.5200  data_time: 0.0009  time: 0.0943
01/23 16:43:45 - mmengine - INFO - Epoch(train) [100][100/196]  lr: 2.7337e-05  eta: 0:00:10  time: 0.1107  data_time: 0.0015  memory: 541  loss: 58.9914
01/23 16:43:56 - mmengine - INFO - Exp name: dino_resnet50_linear-probe_cifar100_20260123_155845
01/23 16:43:56 - mmengine - INFO - Saving checkpoint at 100 epochs
01/23 16:44:02 - mmengine - INFO - Epoch(val) [100][40/40]    accuracy/top1: 10.1300  accuracy/top5: 25.8000  data_time: 0.0010  time: 0.0999
