=============================================
BYOL Training on CIFAR10
=============================================
Config: /home/hkoc/UM/UM_SEM9/how-to-probe/pretraining/mmpretrain/configs/byol/byol_resnet50_2xb128-coslr-50e_cifar10.py
Work Directory: /home/hkoc/UM/UM_SEM9/how-to-probe/outputs/byol_cifar10
=============================================
Detected 2 GPU(s)
WARNING:torch.distributed.run:
*****************************************
Setting OMP_NUM_THREADS environment variable for each process to be 1 in default, to avoid your system being overloaded, please further tune the variable for optimal performance in your application as needed. 
*****************************************
/home/hkoc/UM/UM_SEM9/how-to-probe/.venv/lib/python3.11/site-packages/mmengine/utils/dl_utils/setup_env.py:56: UserWarning: Setting MKL_NUM_THREADS environment variable for each process to be 1 in default, to avoid your system being overloaded, please further tune the variable for optimal performance in your application as needed.
  warnings.warn(
/home/hkoc/UM/UM_SEM9/how-to-probe/.venv/lib/python3.11/site-packages/mmengine/utils/dl_utils/setup_env.py:56: UserWarning: Setting MKL_NUM_THREADS environment variable for each process to be 1 in default, to avoid your system being overloaded, please further tune the variable for optimal performance in your application as needed.
  warnings.warn(
01/20 12:20:51 - mmengine - INFO - 
------------------------------------------------------------
System environment:
    sys.platform: linux
    Python: 3.11.2 (main, Apr 28 2025, 14:11:48) [GCC 12.2.0]
    CUDA available: True
    numpy_random_seed: 837515253
    GPU 0,1: NVIDIA RTX A4000
    CUDA_HOME: /usr/local/cuda
    NVCC: Cuda compilation tools, release 13.1, V13.1.80
    GCC: x86_64-linux-gnu-gcc (Debian 12.2.0-14+deb12u1) 12.2.0
    PyTorch: 2.0.1+cu117
    PyTorch compiling details: PyTorch built with:
  - GCC 9.3
  - C++ Version: 201703
  - Intel(R) oneAPI Math Kernel Library Version 2022.2-Product Build 20220804 for Intel(R) 64 architecture applications
  - Intel(R) MKL-DNN v2.7.3 (Git Hash 6dbeffbae1f23cbbeae17adb7b5b13f1f37c080e)
  - OpenMP 201511 (a.k.a. OpenMP 4.5)
  - LAPACK is enabled (usually provided by MKL)
  - NNPACK is enabled
  - CPU capability usage: AVX2
  - CUDA Runtime 11.7
  - NVCC architecture flags: -gencode;arch=compute_37,code=sm_37;-gencode;arch=compute_50,code=sm_50;-gencode;arch=compute_60,code=sm_60;-gencode;arch=compute_70,code=sm_70;-gencode;arch=compute_75,code=sm_75;-gencode;arch=compute_80,code=sm_80;-gencode;arch=compute_86,code=sm_86
  - CuDNN 8.5
  - Magma 2.6.1
  - Build settings: BLAS_INFO=mkl, BUILD_TYPE=Release, CUDA_VERSION=11.7, CUDNN_VERSION=8.5.0, CXX_COMPILER=/opt/rh/devtoolset-9/root/usr/bin/c++, CXX_FLAGS= -D_GLIBCXX_USE_CXX11_ABI=0 -fabi-version=11 -Wno-deprecated -fvisibility-inlines-hidden -DUSE_PTHREADPOOL -DNDEBUG -DUSE_KINETO -DLIBKINETO_NOROCTRACER -DUSE_FBGEMM -DUSE_QNNPACK -DUSE_PYTORCH_QNNPACK -DUSE_XNNPACK -DSYMBOLICATE_MOBILE_DEBUG_HANDLE -O2 -fPIC -Wall -Wextra -Werror=return-type -Werror=non-virtual-dtor -Werror=bool-operation -Wnarrowing -Wno-missing-field-initializers -Wno-type-limits -Wno-array-bounds -Wno-unknown-pragmas -Wunused-local-typedefs -Wno-unused-parameter -Wno-unused-function -Wno-unused-result -Wno-strict-overflow -Wno-strict-aliasing -Wno-error=deprecated-declarations -Wno-stringop-overflow -Wno-psabi -Wno-error=pedantic -Wno-error=redundant-decls -Wno-error=old-style-cast -fdiagnostics-color=always -faligned-new -Wno-unused-but-set-variable -Wno-maybe-uninitialized -fno-math-errno -fno-trapping-math -Werror=format -Werror=cast-function-type -Wno-stringop-overflow, LAPACK_INFO=mkl, PERF_WITH_AVX=1, PERF_WITH_AVX2=1, PERF_WITH_AVX512=1, TORCH_DISABLE_GPU_ASSERTS=ON, TORCH_VERSION=2.0.1, USE_CUDA=ON, USE_CUDNN=ON, USE_EXCEPTION_PTR=1, USE_GFLAGS=OFF, USE_GLOG=OFF, USE_MKL=ON, USE_MKLDNN=ON, USE_MPI=OFF, USE_NCCL=1, USE_NNPACK=ON, USE_OPENMP=ON, USE_ROCM=OFF, 

    TorchVision: 0.15.2+cu117
    OpenCV: 4.8.0
    MMEngine: 0.8.4

Runtime environment:
    cudnn_benchmark: False
    mp_cfg: {'mp_start_method': 'fork', 'opencv_num_threads': 0}
    dist_cfg: {'backend': 'nccl'}
    seed: 837515253
    deterministic: False
    Distributed launcher: pytorch
    Distributed training: True
    GPU number: 2
------------------------------------------------------------

01/20 12:20:51 - mmengine - INFO - Config:
auto_scale_lr = dict(base_batch_size=256)
data_preprocessor = dict(
    mean=[
        125.307,
        122.961,
        113.8575,
    ],
    std=[
        51.5865,
        50.847,
        51.255,
    ],
    to_rgb=False,
    type='SelfSupDataPreprocessor')
data_root = 'data/cifar10'
dataset_type = 'CIFAR10'
default_hooks = dict(
    checkpoint=dict(interval=1, max_keep_ckpts=3, type='CheckpointHook'),
    logger=dict(interval=100, type='LoggerHook'),
    param_scheduler=dict(type='ParamSchedulerHook'),
    sampler_seed=dict(type='DistSamplerSeedHook'),
    timer=dict(type='IterTimerHook'),
    visualization=dict(enable=False, type='VisualizationHook'))
default_scope = 'mmpretrain'
env_cfg = dict(
    cudnn_benchmark=False,
    dist_cfg=dict(backend='nccl'),
    mp_cfg=dict(mp_start_method='fork', opencv_num_threads=0))
launcher = 'pytorch'
load_from = None
log_level = 'INFO'
model = dict(
    backbone=dict(
        depth=50,
        num_stages=4,
        out_indices=(3, ),
        style='pytorch',
        type='ResNet_CIFAR'),
    base_momentum=0.01,
    head=dict(
        loss=dict(type='CosineSimilarityLoss'),
        predictor=dict(
            hid_channels=4096,
            in_channels=256,
            num_layers=2,
            out_channels=256,
            type='NonLinearNeck',
            with_avg_pool=False,
            with_bias=True,
            with_last_bn=False),
        type='LatentPredictHead'),
    neck=dict(
        hid_channels=4096,
        in_channels=2048,
        num_layers=2,
        out_channels=256,
        type='NonLinearNeck',
        with_avg_pool=True,
        with_bias=True,
        with_last_bn=False),
    type='BYOL')
optim_wrapper = dict(
    optimizer=dict(lr=1.0, momentum=0.9, type='LARS', weight_decay=1e-06),
    paramwise_cfg=dict(
        custom_keys=dict({
            'bias': dict(decay_mult=0, lars_exclude=True),
            'bn': dict(decay_mult=0, lars_exclude=True),
            'downsample.1': dict(decay_mult=0, lars_exclude=True)
        })),
    type='OptimWrapper')
optimizer = dict(lr=1.0, momentum=0.9, type='LARS', weight_decay=1e-06)
param_scheduler = [
    dict(
        begin=0,
        by_epoch=True,
        convert_to_iter_based=True,
        end=5,
        start_factor=0.0001,
        type='LinearLR'),
    dict(T_max=45, begin=5, by_epoch=True, end=50, type='CosineAnnealingLR'),
]
randomness = dict(deterministic=False, seed=None)
resume = True
train_cfg = dict(max_epochs=50, type='EpochBasedTrainLoop')
train_dataloader = dict(
    batch_size=128,
    collate_fn=dict(type='default_collate'),
    dataset=dict(
        data_root='data/cifar10',
        pipeline=[
            dict(
                num_views=[
                    1,
                    1,
                ],
                transforms=[
                    [
                        dict(
                            backend='pillow',
                            crop_ratio_range=(
                                0.2,
                                1.0,
                            ),
                            interpolation='bicubic',
                            scale=32,
                            type='RandomResizedCrop'),
                        dict(prob=0.5, type='RandomFlip'),
                        dict(
                            prob=0.8,
                            transforms=[
                                dict(
                                    brightness=0.4,
                                    contrast=0.4,
                                    hue=0.1,
                                    saturation=0.2,
                                    type='ColorJitter'),
                            ],
                            type='RandomApply'),
                        dict(
                            channel_weights=(
                                0.114,
                                0.587,
                                0.2989,
                            ),
                            keep_channels=True,
                            prob=0.2,
                            type='RandomGrayscale'),
                        dict(
                            magnitude_range=(
                                0.1,
                                2.0,
                            ),
                            magnitude_std='inf',
                            prob=1.0,
                            type='GaussianBlur'),
                        dict(prob=0.0, thr=128, type='Solarize'),
                    ],
                    [
                        dict(
                            backend='pillow',
                            crop_ratio_range=(
                                0.2,
                                1.0,
                            ),
                            interpolation='bicubic',
                            scale=32,
                            type='RandomResizedCrop'),
                        dict(prob=0.5, type='RandomFlip'),
                        dict(
                            prob=0.8,
                            transforms=[
                                dict(
                                    brightness=0.4,
                                    contrast=0.4,
                                    hue=0.1,
                                    saturation=0.2,
                                    type='ColorJitter'),
                            ],
                            type='RandomApply'),
                        dict(
                            channel_weights=(
                                0.114,
                                0.587,
                                0.2989,
                            ),
                            keep_channels=True,
                            prob=0.2,
                            type='RandomGrayscale'),
                        dict(
                            magnitude_range=(
                                0.1,
                                2.0,
                            ),
                            magnitude_std='inf',
                            prob=0.1,
                            type='GaussianBlur'),
                        dict(prob=0.2, thr=128, type='Solarize'),
                    ],
                ],
                type='MultiView'),
            dict(type='PackInputs'),
        ],
        split='train',
        type='CIFAR10'),
    num_workers=4,
    persistent_workers=True,
    pin_memory=True,
    sampler=dict(shuffle=True, type='DefaultSampler'))
train_pipeline = [
    dict(
        num_views=[
            1,
            1,
        ],
        transforms=[
            [
                dict(
                    backend='pillow',
                    crop_ratio_range=(
                        0.2,
                        1.0,
                    ),
                    interpolation='bicubic',
                    scale=32,
                    type='RandomResizedCrop'),
                dict(prob=0.5, type='RandomFlip'),
                dict(
                    prob=0.8,
                    transforms=[
                        dict(
                            brightness=0.4,
                            contrast=0.4,
                            hue=0.1,
                            saturation=0.2,
                            type='ColorJitter'),
                    ],
                    type='RandomApply'),
                dict(
                    channel_weights=(
                        0.114,
                        0.587,
                        0.2989,
                    ),
                    keep_channels=True,
                    prob=0.2,
                    type='RandomGrayscale'),
                dict(
                    magnitude_range=(
                        0.1,
                        2.0,
                    ),
                    magnitude_std='inf',
                    prob=1.0,
                    type='GaussianBlur'),
                dict(prob=0.0, thr=128, type='Solarize'),
            ],
            [
                dict(
                    backend='pillow',
                    crop_ratio_range=(
                        0.2,
                        1.0,
                    ),
                    interpolation='bicubic',
                    scale=32,
                    type='RandomResizedCrop'),
                dict(prob=0.5, type='RandomFlip'),
                dict(
                    prob=0.8,
                    transforms=[
                        dict(
                            brightness=0.4,
                            contrast=0.4,
                            hue=0.1,
                            saturation=0.2,
                            type='ColorJitter'),
                    ],
                    type='RandomApply'),
                dict(
                    channel_weights=(
                        0.114,
                        0.587,
                        0.2989,
                    ),
                    keep_channels=True,
                    prob=0.2,
                    type='RandomGrayscale'),
                dict(
                    magnitude_range=(
                        0.1,
                        2.0,
                    ),
                    magnitude_std='inf',
                    prob=0.1,
                    type='GaussianBlur'),
                dict(prob=0.2, thr=128, type='Solarize'),
            ],
        ],
        type='MultiView'),
    dict(type='PackInputs'),
]
view_pipeline1 = [
    dict(
        backend='pillow',
        crop_ratio_range=(
            0.2,
            1.0,
        ),
        interpolation='bicubic',
        scale=32,
        type='RandomResizedCrop'),
    dict(prob=0.5, type='RandomFlip'),
    dict(
        prob=0.8,
        transforms=[
            dict(
                brightness=0.4,
                contrast=0.4,
                hue=0.1,
                saturation=0.2,
                type='ColorJitter'),
        ],
        type='RandomApply'),
    dict(
        channel_weights=(
            0.114,
            0.587,
            0.2989,
        ),
        keep_channels=True,
        prob=0.2,
        type='RandomGrayscale'),
    dict(
        magnitude_range=(
            0.1,
            2.0,
        ),
        magnitude_std='inf',
        prob=1.0,
        type='GaussianBlur'),
    dict(prob=0.0, thr=128, type='Solarize'),
]
view_pipeline2 = [
    dict(
        backend='pillow',
        crop_ratio_range=(
            0.2,
            1.0,
        ),
        interpolation='bicubic',
        scale=32,
        type='RandomResizedCrop'),
    dict(prob=0.5, type='RandomFlip'),
    dict(
        prob=0.8,
        transforms=[
            dict(
                brightness=0.4,
                contrast=0.4,
                hue=0.1,
                saturation=0.2,
                type='ColorJitter'),
        ],
        type='RandomApply'),
    dict(
        channel_weights=(
            0.114,
            0.587,
            0.2989,
        ),
        keep_channels=True,
        prob=0.2,
        type='RandomGrayscale'),
    dict(
        magnitude_range=(
            0.1,
            2.0,
        ),
        magnitude_std='inf',
        prob=0.1,
        type='GaussianBlur'),
    dict(prob=0.2, thr=128, type='Solarize'),
]
vis_backends = [
    dict(type='LocalVisBackend'),
]
visualizer = dict(
    type='UniversalVisualizer', vis_backends=[
        dict(type='LocalVisBackend'),
    ])
work_dir = '/home/hkoc/UM/UM_SEM9/how-to-probe/outputs/byol_cifar10'

/home/hkoc/UM/UM_SEM9/how-to-probe/.venv/lib/python3.11/site-packages/mmcv/cnn/bricks/transformer.py:33: UserWarning: Fail to import ``MultiScaleDeformableAttention`` from ``mmcv.ops.multi_scale_deform_attn``, You should install ``mmcv`` rather than ``mmcv-lite`` if you need this module. 
  warnings.warn('Fail to import ``MultiScaleDeformableAttention`` from '
/home/hkoc/UM/UM_SEM9/how-to-probe/.venv/lib/python3.11/site-packages/mmcv/cnn/bricks/transformer.py:33: UserWarning: Fail to import ``MultiScaleDeformableAttention`` from ``mmcv.ops.multi_scale_deform_attn``, You should install ``mmcv`` rather than ``mmcv-lite`` if you need this module. 
  warnings.warn('Fail to import ``MultiScaleDeformableAttention`` from '
01/20 12:20:52 - mmengine - INFO - Hooks will be executed in the following order:
before_run:
(VERY_HIGH   ) RuntimeInfoHook                    
(BELOW_NORMAL) LoggerHook                         
 -------------------- 
before_train:
(VERY_HIGH   ) RuntimeInfoHook                    
(NORMAL      ) IterTimerHook                      
(VERY_LOW    ) CheckpointHook                     
 -------------------- 
before_train_epoch:
(VERY_HIGH   ) RuntimeInfoHook                    
(NORMAL      ) IterTimerHook                      
(NORMAL      ) DistSamplerSeedHook                
 -------------------- 
before_train_iter:
(VERY_HIGH   ) RuntimeInfoHook                    
(NORMAL      ) IterTimerHook                      
 -------------------- 
after_train_iter:
(VERY_HIGH   ) RuntimeInfoHook                    
(NORMAL      ) IterTimerHook                      
(BELOW_NORMAL) LoggerHook                         
(LOW         ) ParamSchedulerHook                 
(VERY_LOW    ) CheckpointHook                     
 -------------------- 
after_train_epoch:
(NORMAL      ) IterTimerHook                      
(LOW         ) ParamSchedulerHook                 
(VERY_LOW    ) CheckpointHook                     
 -------------------- 
before_val:
(VERY_HIGH   ) RuntimeInfoHook                    
 -------------------- 
before_val_epoch:
(NORMAL      ) IterTimerHook                      
 -------------------- 
before_val_iter:
(NORMAL      ) IterTimerHook                      
 -------------------- 
after_val_iter:
(NORMAL      ) IterTimerHook                      
(NORMAL      ) VisualizationHook                  
(BELOW_NORMAL) LoggerHook                         
 -------------------- 
after_val_epoch:
(VERY_HIGH   ) RuntimeInfoHook                    
(NORMAL      ) IterTimerHook                      
(BELOW_NORMAL) LoggerHook                         
(LOW         ) ParamSchedulerHook                 
(VERY_LOW    ) CheckpointHook                     
 -------------------- 
after_val:
(VERY_HIGH   ) RuntimeInfoHook                    
 -------------------- 
after_train:
(VERY_HIGH   ) RuntimeInfoHook                    
(VERY_LOW    ) CheckpointHook                     
 -------------------- 
before_test:
(VERY_HIGH   ) RuntimeInfoHook                    
 -------------------- 
before_test_epoch:
(NORMAL      ) IterTimerHook                      
 -------------------- 
before_test_iter:
(NORMAL      ) IterTimerHook                      
 -------------------- 
after_test_iter:
(NORMAL      ) IterTimerHook                      
(NORMAL      ) VisualizationHook                  
(BELOW_NORMAL) LoggerHook                         
 -------------------- 
after_test_epoch:
(VERY_HIGH   ) RuntimeInfoHook                    
(NORMAL      ) IterTimerHook                      
(BELOW_NORMAL) LoggerHook                         
 -------------------- 
after_test:
(VERY_HIGH   ) RuntimeInfoHook                    
 -------------------- 
after_run:
(BELOW_NORMAL) LoggerHook                         
 -------------------- 
01/20 12:20:55 - mmengine - INFO - paramwise_options -- backbone.bn1.weight:lr=1.0
01/20 12:20:55 - mmengine - INFO - paramwise_options -- backbone.bn1.weight:weight_decay=0.0
01/20 12:20:55 - mmengine - INFO - paramwise_options -- backbone.bn1.weight:decay_mult=0
01/20 12:20:55 - mmengine - INFO - paramwise_options -- backbone.bn1.weight:lars_exclude=True
01/20 12:20:55 - mmengine - INFO - paramwise_options -- backbone.bn1.bias:lr=1.0
01/20 12:20:55 - mmengine - INFO - paramwise_options -- backbone.bn1.bias:weight_decay=0.0
01/20 12:20:55 - mmengine - INFO - paramwise_options -- backbone.bn1.bias:decay_mult=0
01/20 12:20:55 - mmengine - INFO - paramwise_options -- backbone.bn1.bias:lars_exclude=True
01/20 12:20:55 - mmengine - INFO - paramwise_options -- backbone.layer1.0.bn1.weight:lr=1.0
01/20 12:20:55 - mmengine - INFO - paramwise_options -- backbone.layer1.0.bn1.weight:weight_decay=0.0
01/20 12:20:55 - mmengine - INFO - paramwise_options -- backbone.layer1.0.bn1.weight:decay_mult=0
01/20 12:20:55 - mmengine - INFO - paramwise_options -- backbone.layer1.0.bn1.weight:lars_exclude=True
01/20 12:20:55 - mmengine - INFO - paramwise_options -- backbone.layer1.0.bn1.bias:lr=1.0
01/20 12:20:55 - mmengine - INFO - paramwise_options -- backbone.layer1.0.bn1.bias:weight_decay=0.0
01/20 12:20:55 - mmengine - INFO - paramwise_options -- backbone.layer1.0.bn1.bias:decay_mult=0
01/20 12:20:55 - mmengine - INFO - paramwise_options -- backbone.layer1.0.bn1.bias:lars_exclude=True
01/20 12:20:55 - mmengine - INFO - paramwise_options -- backbone.layer1.0.bn2.weight:lr=1.0
01/20 12:20:55 - mmengine - INFO - paramwise_options -- backbone.layer1.0.bn2.weight:weight_decay=0.0
01/20 12:20:55 - mmengine - INFO - paramwise_options -- backbone.layer1.0.bn2.weight:decay_mult=0
01/20 12:20:55 - mmengine - INFO - paramwise_options -- backbone.layer1.0.bn2.weight:lars_exclude=True
01/20 12:20:55 - mmengine - INFO - paramwise_options -- backbone.layer1.0.bn2.bias:lr=1.0
01/20 12:20:55 - mmengine - INFO - paramwise_options -- backbone.layer1.0.bn2.bias:weight_decay=0.0
01/20 12:20:55 - mmengine - INFO - paramwise_options -- backbone.layer1.0.bn2.bias:decay_mult=0
01/20 12:20:55 - mmengine - INFO - paramwise_options -- backbone.layer1.0.bn2.bias:lars_exclude=True
01/20 12:20:55 - mmengine - INFO - paramwise_options -- backbone.layer1.0.bn3.weight:lr=1.0
01/20 12:20:55 - mmengine - INFO - paramwise_options -- backbone.layer1.0.bn3.weight:weight_decay=0.0
01/20 12:20:55 - mmengine - INFO - paramwise_options -- backbone.layer1.0.bn3.weight:decay_mult=0
01/20 12:20:55 - mmengine - INFO - paramwise_options -- backbone.layer1.0.bn3.weight:lars_exclude=True
01/20 12:20:55 - mmengine - INFO - paramwise_options -- backbone.layer1.0.bn3.bias:lr=1.0
01/20 12:20:55 - mmengine - INFO - paramwise_options -- backbone.layer1.0.bn3.bias:weight_decay=0.0
01/20 12:20:55 - mmengine - INFO - paramwise_options -- backbone.layer1.0.bn3.bias:decay_mult=0
01/20 12:20:55 - mmengine - INFO - paramwise_options -- backbone.layer1.0.bn3.bias:lars_exclude=True
01/20 12:20:55 - mmengine - INFO - paramwise_options -- backbone.layer1.0.downsample.1.weight:lr=1.0
01/20 12:20:55 - mmengine - INFO - paramwise_options -- backbone.layer1.0.downsample.1.weight:weight_decay=0.0
01/20 12:20:55 - mmengine - INFO - paramwise_options -- backbone.layer1.0.downsample.1.weight:decay_mult=0
01/20 12:20:55 - mmengine - INFO - paramwise_options -- backbone.layer1.0.downsample.1.weight:lars_exclude=True
01/20 12:20:55 - mmengine - INFO - paramwise_options -- backbone.layer1.0.downsample.1.bias:lr=1.0
01/20 12:20:55 - mmengine - INFO - paramwise_options -- backbone.layer1.0.downsample.1.bias:weight_decay=0.0
01/20 12:20:55 - mmengine - INFO - paramwise_options -- backbone.layer1.0.downsample.1.bias:decay_mult=0
01/20 12:20:55 - mmengine - INFO - paramwise_options -- backbone.layer1.0.downsample.1.bias:lars_exclude=True
01/20 12:20:55 - mmengine - INFO - paramwise_options -- backbone.layer1.1.bn1.weight:lr=1.0
01/20 12:20:55 - mmengine - INFO - paramwise_options -- backbone.layer1.1.bn1.weight:weight_decay=0.0
01/20 12:20:55 - mmengine - INFO - paramwise_options -- backbone.layer1.1.bn1.weight:decay_mult=0
01/20 12:20:55 - mmengine - INFO - paramwise_options -- backbone.layer1.1.bn1.weight:lars_exclude=True
01/20 12:20:55 - mmengine - INFO - paramwise_options -- backbone.layer1.1.bn1.bias:lr=1.0
01/20 12:20:55 - mmengine - INFO - paramwise_options -- backbone.layer1.1.bn1.bias:weight_decay=0.0
01/20 12:20:55 - mmengine - INFO - paramwise_options -- backbone.layer1.1.bn1.bias:decay_mult=0
01/20 12:20:55 - mmengine - INFO - paramwise_options -- backbone.layer1.1.bn1.bias:lars_exclude=True
01/20 12:20:55 - mmengine - INFO - paramwise_options -- backbone.layer1.1.bn2.weight:lr=1.0
01/20 12:20:55 - mmengine - INFO - paramwise_options -- backbone.layer1.1.bn2.weight:weight_decay=0.0
01/20 12:20:55 - mmengine - INFO - paramwise_options -- backbone.layer1.1.bn2.weight:decay_mult=0
01/20 12:20:55 - mmengine - INFO - paramwise_options -- backbone.layer1.1.bn2.weight:lars_exclude=True
01/20 12:20:55 - mmengine - INFO - paramwise_options -- backbone.layer1.1.bn2.bias:lr=1.0
01/20 12:20:55 - mmengine - INFO - paramwise_options -- backbone.layer1.1.bn2.bias:weight_decay=0.0
01/20 12:20:55 - mmengine - INFO - paramwise_options -- backbone.layer1.1.bn2.bias:decay_mult=0
01/20 12:20:55 - mmengine - INFO - paramwise_options -- backbone.layer1.1.bn2.bias:lars_exclude=True
01/20 12:20:55 - mmengine - INFO - paramwise_options -- backbone.layer1.1.bn3.weight:lr=1.0
01/20 12:20:55 - mmengine - INFO - paramwise_options -- backbone.layer1.1.bn3.weight:weight_decay=0.0
01/20 12:20:55 - mmengine - INFO - paramwise_options -- backbone.layer1.1.bn3.weight:decay_mult=0
01/20 12:20:55 - mmengine - INFO - paramwise_options -- backbone.layer1.1.bn3.weight:lars_exclude=True
01/20 12:20:55 - mmengine - INFO - paramwise_options -- backbone.layer1.1.bn3.bias:lr=1.0
01/20 12:20:55 - mmengine - INFO - paramwise_options -- backbone.layer1.1.bn3.bias:weight_decay=0.0
01/20 12:20:55 - mmengine - INFO - paramwise_options -- backbone.layer1.1.bn3.bias:decay_mult=0
01/20 12:20:55 - mmengine - INFO - paramwise_options -- backbone.layer1.1.bn3.bias:lars_exclude=True
01/20 12:20:55 - mmengine - INFO - paramwise_options -- backbone.layer1.2.bn1.weight:lr=1.0
01/20 12:20:55 - mmengine - INFO - paramwise_options -- backbone.layer1.2.bn1.weight:weight_decay=0.0
01/20 12:20:55 - mmengine - INFO - paramwise_options -- backbone.layer1.2.bn1.weight:decay_mult=0
01/20 12:20:55 - mmengine - INFO - paramwise_options -- backbone.layer1.2.bn1.weight:lars_exclude=True
01/20 12:20:55 - mmengine - INFO - paramwise_options -- backbone.layer1.2.bn1.bias:lr=1.0
01/20 12:20:55 - mmengine - INFO - paramwise_options -- backbone.layer1.2.bn1.bias:weight_decay=0.0
01/20 12:20:55 - mmengine - INFO - paramwise_options -- backbone.layer1.2.bn1.bias:decay_mult=0
01/20 12:20:55 - mmengine - INFO - paramwise_options -- backbone.layer1.2.bn1.bias:lars_exclude=True
01/20 12:20:55 - mmengine - INFO - paramwise_options -- backbone.layer1.2.bn2.weight:lr=1.0
01/20 12:20:55 - mmengine - INFO - paramwise_options -- backbone.layer1.2.bn2.weight:weight_decay=0.0
01/20 12:20:55 - mmengine - INFO - paramwise_options -- backbone.layer1.2.bn2.weight:decay_mult=0
01/20 12:20:55 - mmengine - INFO - paramwise_options -- backbone.layer1.2.bn2.weight:lars_exclude=True
01/20 12:20:55 - mmengine - INFO - paramwise_options -- backbone.layer1.2.bn2.bias:lr=1.0
01/20 12:20:55 - mmengine - INFO - paramwise_options -- backbone.layer1.2.bn2.bias:weight_decay=0.0
01/20 12:20:55 - mmengine - INFO - paramwise_options -- backbone.layer1.2.bn2.bias:decay_mult=0
01/20 12:20:55 - mmengine - INFO - paramwise_options -- backbone.layer1.2.bn2.bias:lars_exclude=True
01/20 12:20:55 - mmengine - INFO - paramwise_options -- backbone.layer1.2.bn3.weight:lr=1.0
01/20 12:20:55 - mmengine - INFO - paramwise_options -- backbone.layer1.2.bn3.weight:weight_decay=0.0
01/20 12:20:55 - mmengine - INFO - paramwise_options -- backbone.layer1.2.bn3.weight:decay_mult=0
01/20 12:20:55 - mmengine - INFO - paramwise_options -- backbone.layer1.2.bn3.weight:lars_exclude=True
01/20 12:20:55 - mmengine - INFO - paramwise_options -- backbone.layer1.2.bn3.bias:lr=1.0
01/20 12:20:55 - mmengine - INFO - paramwise_options -- backbone.layer1.2.bn3.bias:weight_decay=0.0
01/20 12:20:55 - mmengine - INFO - paramwise_options -- backbone.layer1.2.bn3.bias:decay_mult=0
01/20 12:20:55 - mmengine - INFO - paramwise_options -- backbone.layer1.2.bn3.bias:lars_exclude=True
01/20 12:20:55 - mmengine - INFO - paramwise_options -- backbone.layer2.0.bn1.weight:lr=1.0
01/20 12:20:55 - mmengine - INFO - paramwise_options -- backbone.layer2.0.bn1.weight:weight_decay=0.0
01/20 12:20:55 - mmengine - INFO - paramwise_options -- backbone.layer2.0.bn1.weight:decay_mult=0
01/20 12:20:55 - mmengine - INFO - paramwise_options -- backbone.layer2.0.bn1.weight:lars_exclude=True
01/20 12:20:55 - mmengine - INFO - paramwise_options -- backbone.layer2.0.bn1.bias:lr=1.0
01/20 12:20:55 - mmengine - INFO - paramwise_options -- backbone.layer2.0.bn1.bias:weight_decay=0.0
01/20 12:20:55 - mmengine - INFO - paramwise_options -- backbone.layer2.0.bn1.bias:decay_mult=0
01/20 12:20:55 - mmengine - INFO - paramwise_options -- backbone.layer2.0.bn1.bias:lars_exclude=True
01/20 12:20:55 - mmengine - INFO - paramwise_options -- backbone.layer2.0.bn2.weight:lr=1.0
01/20 12:20:55 - mmengine - INFO - paramwise_options -- backbone.layer2.0.bn2.weight:weight_decay=0.0
01/20 12:20:55 - mmengine - INFO - paramwise_options -- backbone.layer2.0.bn2.weight:decay_mult=0
01/20 12:20:55 - mmengine - INFO - paramwise_options -- backbone.layer2.0.bn2.weight:lars_exclude=True
01/20 12:20:55 - mmengine - INFO - paramwise_options -- backbone.layer2.0.bn2.bias:lr=1.0
01/20 12:20:55 - mmengine - INFO - paramwise_options -- backbone.layer2.0.bn2.bias:weight_decay=0.0
01/20 12:20:55 - mmengine - INFO - paramwise_options -- backbone.layer2.0.bn2.bias:decay_mult=0
01/20 12:20:55 - mmengine - INFO - paramwise_options -- backbone.layer2.0.bn2.bias:lars_exclude=True
01/20 12:20:55 - mmengine - INFO - paramwise_options -- backbone.layer2.0.bn3.weight:lr=1.0
01/20 12:20:55 - mmengine - INFO - paramwise_options -- backbone.layer2.0.bn3.weight:weight_decay=0.0
01/20 12:20:55 - mmengine - INFO - paramwise_options -- backbone.layer2.0.bn3.weight:decay_mult=0
01/20 12:20:55 - mmengine - INFO - paramwise_options -- backbone.layer2.0.bn3.weight:lars_exclude=True
01/20 12:20:55 - mmengine - INFO - paramwise_options -- backbone.layer2.0.bn3.bias:lr=1.0
01/20 12:20:55 - mmengine - INFO - paramwise_options -- backbone.layer2.0.bn3.bias:weight_decay=0.0
01/20 12:20:55 - mmengine - INFO - paramwise_options -- backbone.layer2.0.bn3.bias:decay_mult=0
01/20 12:20:55 - mmengine - INFO - paramwise_options -- backbone.layer2.0.bn3.bias:lars_exclude=True
01/20 12:20:55 - mmengine - INFO - paramwise_options -- backbone.layer2.0.downsample.1.weight:lr=1.0
01/20 12:20:55 - mmengine - INFO - paramwise_options -- backbone.layer2.0.downsample.1.weight:weight_decay=0.0
01/20 12:20:55 - mmengine - INFO - paramwise_options -- backbone.layer2.0.downsample.1.weight:decay_mult=0
01/20 12:20:55 - mmengine - INFO - paramwise_options -- backbone.layer2.0.downsample.1.weight:lars_exclude=True
01/20 12:20:55 - mmengine - INFO - paramwise_options -- backbone.layer2.0.downsample.1.bias:lr=1.0
01/20 12:20:55 - mmengine - INFO - paramwise_options -- backbone.layer2.0.downsample.1.bias:weight_decay=0.0
01/20 12:20:55 - mmengine - INFO - paramwise_options -- backbone.layer2.0.downsample.1.bias:decay_mult=0
01/20 12:20:55 - mmengine - INFO - paramwise_options -- backbone.layer2.0.downsample.1.bias:lars_exclude=True
01/20 12:20:55 - mmengine - INFO - paramwise_options -- backbone.layer2.1.bn1.weight:lr=1.0
01/20 12:20:55 - mmengine - INFO - paramwise_options -- backbone.layer2.1.bn1.weight:weight_decay=0.0
01/20 12:20:55 - mmengine - INFO - paramwise_options -- backbone.layer2.1.bn1.weight:decay_mult=0
01/20 12:20:55 - mmengine - INFO - paramwise_options -- backbone.layer2.1.bn1.weight:lars_exclude=True
01/20 12:20:55 - mmengine - INFO - paramwise_options -- backbone.layer2.1.bn1.bias:lr=1.0
01/20 12:20:55 - mmengine - INFO - paramwise_options -- backbone.layer2.1.bn1.bias:weight_decay=0.0
01/20 12:20:55 - mmengine - INFO - paramwise_options -- backbone.layer2.1.bn1.bias:decay_mult=0
01/20 12:20:55 - mmengine - INFO - paramwise_options -- backbone.layer2.1.bn1.bias:lars_exclude=True
01/20 12:20:55 - mmengine - INFO - paramwise_options -- backbone.layer2.1.bn2.weight:lr=1.0
01/20 12:20:55 - mmengine - INFO - paramwise_options -- backbone.layer2.1.bn2.weight:weight_decay=0.0
01/20 12:20:55 - mmengine - INFO - paramwise_options -- backbone.layer2.1.bn2.weight:decay_mult=0
01/20 12:20:55 - mmengine - INFO - paramwise_options -- backbone.layer2.1.bn2.weight:lars_exclude=True
01/20 12:20:55 - mmengine - INFO - paramwise_options -- backbone.layer2.1.bn2.bias:lr=1.0
01/20 12:20:55 - mmengine - INFO - paramwise_options -- backbone.layer2.1.bn2.bias:weight_decay=0.0
01/20 12:20:55 - mmengine - INFO - paramwise_options -- backbone.layer2.1.bn2.bias:decay_mult=0
01/20 12:20:55 - mmengine - INFO - paramwise_options -- backbone.layer2.1.bn2.bias:lars_exclude=True
01/20 12:20:55 - mmengine - INFO - paramwise_options -- backbone.layer2.1.bn3.weight:lr=1.0
01/20 12:20:55 - mmengine - INFO - paramwise_options -- backbone.layer2.1.bn3.weight:weight_decay=0.0
01/20 12:20:55 - mmengine - INFO - paramwise_options -- backbone.layer2.1.bn3.weight:decay_mult=0
01/20 12:20:55 - mmengine - INFO - paramwise_options -- backbone.layer2.1.bn3.weight:lars_exclude=True
01/20 12:20:55 - mmengine - INFO - paramwise_options -- backbone.layer2.1.bn3.bias:lr=1.0
01/20 12:20:55 - mmengine - INFO - paramwise_options -- backbone.layer2.1.bn3.bias:weight_decay=0.0
01/20 12:20:55 - mmengine - INFO - paramwise_options -- backbone.layer2.1.bn3.bias:decay_mult=0
01/20 12:20:55 - mmengine - INFO - paramwise_options -- backbone.layer2.1.bn3.bias:lars_exclude=True
01/20 12:20:55 - mmengine - INFO - paramwise_options -- backbone.layer2.2.bn1.weight:lr=1.0
01/20 12:20:55 - mmengine - INFO - paramwise_options -- backbone.layer2.2.bn1.weight:weight_decay=0.0
01/20 12:20:55 - mmengine - INFO - paramwise_options -- backbone.layer2.2.bn1.weight:decay_mult=0
01/20 12:20:55 - mmengine - INFO - paramwise_options -- backbone.layer2.2.bn1.weight:lars_exclude=True
01/20 12:20:55 - mmengine - INFO - paramwise_options -- backbone.layer2.2.bn1.bias:lr=1.0
01/20 12:20:55 - mmengine - INFO - paramwise_options -- backbone.layer2.2.bn1.bias:weight_decay=0.0
01/20 12:20:55 - mmengine - INFO - paramwise_options -- backbone.layer2.2.bn1.bias:decay_mult=0
01/20 12:20:55 - mmengine - INFO - paramwise_options -- backbone.layer2.2.bn1.bias:lars_exclude=True
01/20 12:20:55 - mmengine - INFO - paramwise_options -- backbone.layer2.2.bn2.weight:lr=1.0
01/20 12:20:55 - mmengine - INFO - paramwise_options -- backbone.layer2.2.bn2.weight:weight_decay=0.0
01/20 12:20:55 - mmengine - INFO - paramwise_options -- backbone.layer2.2.bn2.weight:decay_mult=0
01/20 12:20:55 - mmengine - INFO - paramwise_options -- backbone.layer2.2.bn2.weight:lars_exclude=True
01/20 12:20:55 - mmengine - INFO - paramwise_options -- backbone.layer2.2.bn2.bias:lr=1.0
01/20 12:20:55 - mmengine - INFO - paramwise_options -- backbone.layer2.2.bn2.bias:weight_decay=0.0
01/20 12:20:55 - mmengine - INFO - paramwise_options -- backbone.layer2.2.bn2.bias:decay_mult=0
01/20 12:20:55 - mmengine - INFO - paramwise_options -- backbone.layer2.2.bn2.bias:lars_exclude=True
01/20 12:20:55 - mmengine - INFO - paramwise_options -- backbone.layer2.2.bn3.weight:lr=1.0
01/20 12:20:55 - mmengine - INFO - paramwise_options -- backbone.layer2.2.bn3.weight:weight_decay=0.0
01/20 12:20:55 - mmengine - INFO - paramwise_options -- backbone.layer2.2.bn3.weight:decay_mult=0
01/20 12:20:55 - mmengine - INFO - paramwise_options -- backbone.layer2.2.bn3.weight:lars_exclude=True
01/20 12:20:55 - mmengine - INFO - paramwise_options -- backbone.layer2.2.bn3.bias:lr=1.0
01/20 12:20:55 - mmengine - INFO - paramwise_options -- backbone.layer2.2.bn3.bias:weight_decay=0.0
01/20 12:20:55 - mmengine - INFO - paramwise_options -- backbone.layer2.2.bn3.bias:decay_mult=0
01/20 12:20:55 - mmengine - INFO - paramwise_options -- backbone.layer2.2.bn3.bias:lars_exclude=True
01/20 12:20:55 - mmengine - INFO - paramwise_options -- backbone.layer2.3.bn1.weight:lr=1.0
01/20 12:20:55 - mmengine - INFO - paramwise_options -- backbone.layer2.3.bn1.weight:weight_decay=0.0
01/20 12:20:55 - mmengine - INFO - paramwise_options -- backbone.layer2.3.bn1.weight:decay_mult=0
01/20 12:20:55 - mmengine - INFO - paramwise_options -- backbone.layer2.3.bn1.weight:lars_exclude=True
01/20 12:20:55 - mmengine - INFO - paramwise_options -- backbone.layer2.3.bn1.bias:lr=1.0
01/20 12:20:55 - mmengine - INFO - paramwise_options -- backbone.layer2.3.bn1.bias:weight_decay=0.0
01/20 12:20:55 - mmengine - INFO - paramwise_options -- backbone.layer2.3.bn1.bias:decay_mult=0
01/20 12:20:55 - mmengine - INFO - paramwise_options -- backbone.layer2.3.bn1.bias:lars_exclude=True
01/20 12:20:55 - mmengine - INFO - paramwise_options -- backbone.layer2.3.bn2.weight:lr=1.0
01/20 12:20:55 - mmengine - INFO - paramwise_options -- backbone.layer2.3.bn2.weight:weight_decay=0.0
01/20 12:20:55 - mmengine - INFO - paramwise_options -- backbone.layer2.3.bn2.weight:decay_mult=0
01/20 12:20:55 - mmengine - INFO - paramwise_options -- backbone.layer2.3.bn2.weight:lars_exclude=True
01/20 12:20:55 - mmengine - INFO - paramwise_options -- backbone.layer2.3.bn2.bias:lr=1.0
01/20 12:20:55 - mmengine - INFO - paramwise_options -- backbone.layer2.3.bn2.bias:weight_decay=0.0
01/20 12:20:55 - mmengine - INFO - paramwise_options -- backbone.layer2.3.bn2.bias:decay_mult=0
01/20 12:20:55 - mmengine - INFO - paramwise_options -- backbone.layer2.3.bn2.bias:lars_exclude=True
01/20 12:20:55 - mmengine - INFO - paramwise_options -- backbone.layer2.3.bn3.weight:lr=1.0
01/20 12:20:55 - mmengine - INFO - paramwise_options -- backbone.layer2.3.bn3.weight:weight_decay=0.0
01/20 12:20:55 - mmengine - INFO - paramwise_options -- backbone.layer2.3.bn3.weight:decay_mult=0
01/20 12:20:55 - mmengine - INFO - paramwise_options -- backbone.layer2.3.bn3.weight:lars_exclude=True
01/20 12:20:55 - mmengine - INFO - paramwise_options -- backbone.layer2.3.bn3.bias:lr=1.0
01/20 12:20:55 - mmengine - INFO - paramwise_options -- backbone.layer2.3.bn3.bias:weight_decay=0.0
01/20 12:20:55 - mmengine - INFO - paramwise_options -- backbone.layer2.3.bn3.bias:decay_mult=0
01/20 12:20:55 - mmengine - INFO - paramwise_options -- backbone.layer2.3.bn3.bias:lars_exclude=True
01/20 12:20:55 - mmengine - INFO - paramwise_options -- backbone.layer3.0.bn1.weight:lr=1.0
01/20 12:20:55 - mmengine - INFO - paramwise_options -- backbone.layer3.0.bn1.weight:weight_decay=0.0
01/20 12:20:55 - mmengine - INFO - paramwise_options -- backbone.layer3.0.bn1.weight:decay_mult=0
01/20 12:20:55 - mmengine - INFO - paramwise_options -- backbone.layer3.0.bn1.weight:lars_exclude=True
01/20 12:20:55 - mmengine - INFO - paramwise_options -- backbone.layer3.0.bn1.bias:lr=1.0
01/20 12:20:55 - mmengine - INFO - paramwise_options -- backbone.layer3.0.bn1.bias:weight_decay=0.0
01/20 12:20:55 - mmengine - INFO - paramwise_options -- backbone.layer3.0.bn1.bias:decay_mult=0
01/20 12:20:55 - mmengine - INFO - paramwise_options -- backbone.layer3.0.bn1.bias:lars_exclude=True
01/20 12:20:55 - mmengine - INFO - paramwise_options -- backbone.layer3.0.bn2.weight:lr=1.0
01/20 12:20:55 - mmengine - INFO - paramwise_options -- backbone.layer3.0.bn2.weight:weight_decay=0.0
01/20 12:20:55 - mmengine - INFO - paramwise_options -- backbone.layer3.0.bn2.weight:decay_mult=0
01/20 12:20:55 - mmengine - INFO - paramwise_options -- backbone.layer3.0.bn2.weight:lars_exclude=True
01/20 12:20:55 - mmengine - INFO - paramwise_options -- backbone.layer3.0.bn2.bias:lr=1.0
01/20 12:20:55 - mmengine - INFO - paramwise_options -- backbone.layer3.0.bn2.bias:weight_decay=0.0
01/20 12:20:55 - mmengine - INFO - paramwise_options -- backbone.layer3.0.bn2.bias:decay_mult=0
01/20 12:20:55 - mmengine - INFO - paramwise_options -- backbone.layer3.0.bn2.bias:lars_exclude=True
01/20 12:20:55 - mmengine - INFO - paramwise_options -- backbone.layer3.0.bn3.weight:lr=1.0
01/20 12:20:55 - mmengine - INFO - paramwise_options -- backbone.layer3.0.bn3.weight:weight_decay=0.0
01/20 12:20:55 - mmengine - INFO - paramwise_options -- backbone.layer3.0.bn3.weight:decay_mult=0
01/20 12:20:55 - mmengine - INFO - paramwise_options -- backbone.layer3.0.bn3.weight:lars_exclude=True
01/20 12:20:55 - mmengine - INFO - paramwise_options -- backbone.layer3.0.bn3.bias:lr=1.0
01/20 12:20:55 - mmengine - INFO - paramwise_options -- backbone.layer3.0.bn3.bias:weight_decay=0.0
01/20 12:20:55 - mmengine - INFO - paramwise_options -- backbone.layer3.0.bn3.bias:decay_mult=0
01/20 12:20:55 - mmengine - INFO - paramwise_options -- backbone.layer3.0.bn3.bias:lars_exclude=True
01/20 12:20:55 - mmengine - INFO - paramwise_options -- backbone.layer3.0.downsample.1.weight:lr=1.0
01/20 12:20:55 - mmengine - INFO - paramwise_options -- backbone.layer3.0.downsample.1.weight:weight_decay=0.0
01/20 12:20:55 - mmengine - INFO - paramwise_options -- backbone.layer3.0.downsample.1.weight:decay_mult=0
01/20 12:20:55 - mmengine - INFO - paramwise_options -- backbone.layer3.0.downsample.1.weight:lars_exclude=True
01/20 12:20:55 - mmengine - INFO - paramwise_options -- backbone.layer3.0.downsample.1.bias:lr=1.0
01/20 12:20:55 - mmengine - INFO - paramwise_options -- backbone.layer3.0.downsample.1.bias:weight_decay=0.0
01/20 12:20:55 - mmengine - INFO - paramwise_options -- backbone.layer3.0.downsample.1.bias:decay_mult=0
01/20 12:20:55 - mmengine - INFO - paramwise_options -- backbone.layer3.0.downsample.1.bias:lars_exclude=True
01/20 12:20:55 - mmengine - INFO - paramwise_options -- backbone.layer3.1.bn1.weight:lr=1.0
01/20 12:20:55 - mmengine - INFO - paramwise_options -- backbone.layer3.1.bn1.weight:weight_decay=0.0
01/20 12:20:55 - mmengine - INFO - paramwise_options -- backbone.layer3.1.bn1.weight:decay_mult=0
01/20 12:20:55 - mmengine - INFO - paramwise_options -- backbone.layer3.1.bn1.weight:lars_exclude=True
01/20 12:20:55 - mmengine - INFO - paramwise_options -- backbone.layer3.1.bn1.bias:lr=1.0
01/20 12:20:55 - mmengine - INFO - paramwise_options -- backbone.layer3.1.bn1.bias:weight_decay=0.0
01/20 12:20:55 - mmengine - INFO - paramwise_options -- backbone.layer3.1.bn1.bias:decay_mult=0
01/20 12:20:55 - mmengine - INFO - paramwise_options -- backbone.layer3.1.bn1.bias:lars_exclude=True
01/20 12:20:55 - mmengine - INFO - paramwise_options -- backbone.layer3.1.bn2.weight:lr=1.0
01/20 12:20:55 - mmengine - INFO - paramwise_options -- backbone.layer3.1.bn2.weight:weight_decay=0.0
01/20 12:20:55 - mmengine - INFO - paramwise_options -- backbone.layer3.1.bn2.weight:decay_mult=0
01/20 12:20:55 - mmengine - INFO - paramwise_options -- backbone.layer3.1.bn2.weight:lars_exclude=True
01/20 12:20:55 - mmengine - INFO - paramwise_options -- backbone.layer3.1.bn2.bias:lr=1.0
01/20 12:20:55 - mmengine - INFO - paramwise_options -- backbone.layer3.1.bn2.bias:weight_decay=0.0
01/20 12:20:55 - mmengine - INFO - paramwise_options -- backbone.layer3.1.bn2.bias:decay_mult=0
01/20 12:20:55 - mmengine - INFO - paramwise_options -- backbone.layer3.1.bn2.bias:lars_exclude=True
01/20 12:20:55 - mmengine - INFO - paramwise_options -- backbone.layer3.1.bn3.weight:lr=1.0
01/20 12:20:55 - mmengine - INFO - paramwise_options -- backbone.layer3.1.bn3.weight:weight_decay=0.0
01/20 12:20:55 - mmengine - INFO - paramwise_options -- backbone.layer3.1.bn3.weight:decay_mult=0
01/20 12:20:55 - mmengine - INFO - paramwise_options -- backbone.layer3.1.bn3.weight:lars_exclude=True
01/20 12:20:55 - mmengine - INFO - paramwise_options -- backbone.layer3.1.bn3.bias:lr=1.0
01/20 12:20:55 - mmengine - INFO - paramwise_options -- backbone.layer3.1.bn3.bias:weight_decay=0.0
01/20 12:20:55 - mmengine - INFO - paramwise_options -- backbone.layer3.1.bn3.bias:decay_mult=0
01/20 12:20:55 - mmengine - INFO - paramwise_options -- backbone.layer3.1.bn3.bias:lars_exclude=True
01/20 12:20:55 - mmengine - INFO - paramwise_options -- backbone.layer3.2.bn1.weight:lr=1.0
01/20 12:20:55 - mmengine - INFO - paramwise_options -- backbone.layer3.2.bn1.weight:weight_decay=0.0
01/20 12:20:55 - mmengine - INFO - paramwise_options -- backbone.layer3.2.bn1.weight:decay_mult=0
01/20 12:20:55 - mmengine - INFO - paramwise_options -- backbone.layer3.2.bn1.weight:lars_exclude=True
01/20 12:20:55 - mmengine - INFO - paramwise_options -- backbone.layer3.2.bn1.bias:lr=1.0
01/20 12:20:55 - mmengine - INFO - paramwise_options -- backbone.layer3.2.bn1.bias:weight_decay=0.0
01/20 12:20:55 - mmengine - INFO - paramwise_options -- backbone.layer3.2.bn1.bias:decay_mult=0
01/20 12:20:55 - mmengine - INFO - paramwise_options -- backbone.layer3.2.bn1.bias:lars_exclude=True
01/20 12:20:55 - mmengine - INFO - paramwise_options -- backbone.layer3.2.bn2.weight:lr=1.0
01/20 12:20:55 - mmengine - INFO - paramwise_options -- backbone.layer3.2.bn2.weight:weight_decay=0.0
01/20 12:20:55 - mmengine - INFO - paramwise_options -- backbone.layer3.2.bn2.weight:decay_mult=0
01/20 12:20:55 - mmengine - INFO - paramwise_options -- backbone.layer3.2.bn2.weight:lars_exclude=True
01/20 12:20:55 - mmengine - INFO - paramwise_options -- backbone.layer3.2.bn2.bias:lr=1.0
01/20 12:20:55 - mmengine - INFO - paramwise_options -- backbone.layer3.2.bn2.bias:weight_decay=0.0
01/20 12:20:55 - mmengine - INFO - paramwise_options -- backbone.layer3.2.bn2.bias:decay_mult=0
01/20 12:20:55 - mmengine - INFO - paramwise_options -- backbone.layer3.2.bn2.bias:lars_exclude=True
01/20 12:20:55 - mmengine - INFO - paramwise_options -- backbone.layer3.2.bn3.weight:lr=1.0
01/20 12:20:55 - mmengine - INFO - paramwise_options -- backbone.layer3.2.bn3.weight:weight_decay=0.0
01/20 12:20:55 - mmengine - INFO - paramwise_options -- backbone.layer3.2.bn3.weight:decay_mult=0
01/20 12:20:55 - mmengine - INFO - paramwise_options -- backbone.layer3.2.bn3.weight:lars_exclude=True
01/20 12:20:55 - mmengine - INFO - paramwise_options -- backbone.layer3.2.bn3.bias:lr=1.0
01/20 12:20:55 - mmengine - INFO - paramwise_options -- backbone.layer3.2.bn3.bias:weight_decay=0.0
01/20 12:20:55 - mmengine - INFO - paramwise_options -- backbone.layer3.2.bn3.bias:decay_mult=0
01/20 12:20:55 - mmengine - INFO - paramwise_options -- backbone.layer3.2.bn3.bias:lars_exclude=True
01/20 12:20:55 - mmengine - INFO - paramwise_options -- backbone.layer3.3.bn1.weight:lr=1.0
01/20 12:20:55 - mmengine - INFO - paramwise_options -- backbone.layer3.3.bn1.weight:weight_decay=0.0
01/20 12:20:55 - mmengine - INFO - paramwise_options -- backbone.layer3.3.bn1.weight:decay_mult=0
01/20 12:20:55 - mmengine - INFO - paramwise_options -- backbone.layer3.3.bn1.weight:lars_exclude=True
01/20 12:20:55 - mmengine - INFO - paramwise_options -- backbone.layer3.3.bn1.bias:lr=1.0
01/20 12:20:55 - mmengine - INFO - paramwise_options -- backbone.layer3.3.bn1.bias:weight_decay=0.0
01/20 12:20:55 - mmengine - INFO - paramwise_options -- backbone.layer3.3.bn1.bias:decay_mult=0
01/20 12:20:55 - mmengine - INFO - paramwise_options -- backbone.layer3.3.bn1.bias:lars_exclude=True
01/20 12:20:55 - mmengine - INFO - paramwise_options -- backbone.layer3.3.bn2.weight:lr=1.0
01/20 12:20:55 - mmengine - INFO - paramwise_options -- backbone.layer3.3.bn2.weight:weight_decay=0.0
01/20 12:20:55 - mmengine - INFO - paramwise_options -- backbone.layer3.3.bn2.weight:decay_mult=0
01/20 12:20:55 - mmengine - INFO - paramwise_options -- backbone.layer3.3.bn2.weight:lars_exclude=True
01/20 12:20:55 - mmengine - INFO - paramwise_options -- backbone.layer3.3.bn2.bias:lr=1.0
01/20 12:20:55 - mmengine - INFO - paramwise_options -- backbone.layer3.3.bn2.bias:weight_decay=0.0
01/20 12:20:55 - mmengine - INFO - paramwise_options -- backbone.layer3.3.bn2.bias:decay_mult=0
01/20 12:20:55 - mmengine - INFO - paramwise_options -- backbone.layer3.3.bn2.bias:lars_exclude=True
01/20 12:20:55 - mmengine - INFO - paramwise_options -- backbone.layer3.3.bn3.weight:lr=1.0
01/20 12:20:55 - mmengine - INFO - paramwise_options -- backbone.layer3.3.bn3.weight:weight_decay=0.0
01/20 12:20:55 - mmengine - INFO - paramwise_options -- backbone.layer3.3.bn3.weight:decay_mult=0
01/20 12:20:55 - mmengine - INFO - paramwise_options -- backbone.layer3.3.bn3.weight:lars_exclude=True
01/20 12:20:55 - mmengine - INFO - paramwise_options -- backbone.layer3.3.bn3.bias:lr=1.0
01/20 12:20:55 - mmengine - INFO - paramwise_options -- backbone.layer3.3.bn3.bias:weight_decay=0.0
01/20 12:20:55 - mmengine - INFO - paramwise_options -- backbone.layer3.3.bn3.bias:decay_mult=0
01/20 12:20:55 - mmengine - INFO - paramwise_options -- backbone.layer3.3.bn3.bias:lars_exclude=True
01/20 12:20:55 - mmengine - INFO - paramwise_options -- backbone.layer3.4.bn1.weight:lr=1.0
01/20 12:20:55 - mmengine - INFO - paramwise_options -- backbone.layer3.4.bn1.weight:weight_decay=0.0
01/20 12:20:55 - mmengine - INFO - paramwise_options -- backbone.layer3.4.bn1.weight:decay_mult=0
01/20 12:20:55 - mmengine - INFO - paramwise_options -- backbone.layer3.4.bn1.weight:lars_exclude=True
01/20 12:20:55 - mmengine - INFO - paramwise_options -- backbone.layer3.4.bn1.bias:lr=1.0
01/20 12:20:55 - mmengine - INFO - paramwise_options -- backbone.layer3.4.bn1.bias:weight_decay=0.0
01/20 12:20:55 - mmengine - INFO - paramwise_options -- backbone.layer3.4.bn1.bias:decay_mult=0
01/20 12:20:55 - mmengine - INFO - paramwise_options -- backbone.layer3.4.bn1.bias:lars_exclude=True
01/20 12:20:55 - mmengine - INFO - paramwise_options -- backbone.layer3.4.bn2.weight:lr=1.0
01/20 12:20:55 - mmengine - INFO - paramwise_options -- backbone.layer3.4.bn2.weight:weight_decay=0.0
01/20 12:20:55 - mmengine - INFO - paramwise_options -- backbone.layer3.4.bn2.weight:decay_mult=0
01/20 12:20:55 - mmengine - INFO - paramwise_options -- backbone.layer3.4.bn2.weight:lars_exclude=True
01/20 12:20:55 - mmengine - INFO - paramwise_options -- backbone.layer3.4.bn2.bias:lr=1.0
01/20 12:20:55 - mmengine - INFO - paramwise_options -- backbone.layer3.4.bn2.bias:weight_decay=0.0
01/20 12:20:55 - mmengine - INFO - paramwise_options -- backbone.layer3.4.bn2.bias:decay_mult=0
01/20 12:20:55 - mmengine - INFO - paramwise_options -- backbone.layer3.4.bn2.bias:lars_exclude=True
01/20 12:20:55 - mmengine - INFO - paramwise_options -- backbone.layer3.4.bn3.weight:lr=1.0
01/20 12:20:55 - mmengine - INFO - paramwise_options -- backbone.layer3.4.bn3.weight:weight_decay=0.0
01/20 12:20:55 - mmengine - INFO - paramwise_options -- backbone.layer3.4.bn3.weight:decay_mult=0
01/20 12:20:55 - mmengine - INFO - paramwise_options -- backbone.layer3.4.bn3.weight:lars_exclude=True
01/20 12:20:55 - mmengine - INFO - paramwise_options -- backbone.layer3.4.bn3.bias:lr=1.0
01/20 12:20:55 - mmengine - INFO - paramwise_options -- backbone.layer3.4.bn3.bias:weight_decay=0.0
01/20 12:20:55 - mmengine - INFO - paramwise_options -- backbone.layer3.4.bn3.bias:decay_mult=0
01/20 12:20:55 - mmengine - INFO - paramwise_options -- backbone.layer3.4.bn3.bias:lars_exclude=True
01/20 12:20:55 - mmengine - INFO - paramwise_options -- backbone.layer3.5.bn1.weight:lr=1.0
01/20 12:20:55 - mmengine - INFO - paramwise_options -- backbone.layer3.5.bn1.weight:weight_decay=0.0
01/20 12:20:55 - mmengine - INFO - paramwise_options -- backbone.layer3.5.bn1.weight:decay_mult=0
01/20 12:20:55 - mmengine - INFO - paramwise_options -- backbone.layer3.5.bn1.weight:lars_exclude=True
01/20 12:20:55 - mmengine - INFO - paramwise_options -- backbone.layer3.5.bn1.bias:lr=1.0
01/20 12:20:55 - mmengine - INFO - paramwise_options -- backbone.layer3.5.bn1.bias:weight_decay=0.0
01/20 12:20:55 - mmengine - INFO - paramwise_options -- backbone.layer3.5.bn1.bias:decay_mult=0
01/20 12:20:55 - mmengine - INFO - paramwise_options -- backbone.layer3.5.bn1.bias:lars_exclude=True
01/20 12:20:55 - mmengine - INFO - paramwise_options -- backbone.layer3.5.bn2.weight:lr=1.0
01/20 12:20:55 - mmengine - INFO - paramwise_options -- backbone.layer3.5.bn2.weight:weight_decay=0.0
01/20 12:20:55 - mmengine - INFO - paramwise_options -- backbone.layer3.5.bn2.weight:decay_mult=0
01/20 12:20:55 - mmengine - INFO - paramwise_options -- backbone.layer3.5.bn2.weight:lars_exclude=True
01/20 12:20:55 - mmengine - INFO - paramwise_options -- backbone.layer3.5.bn2.bias:lr=1.0
01/20 12:20:55 - mmengine - INFO - paramwise_options -- backbone.layer3.5.bn2.bias:weight_decay=0.0
01/20 12:20:55 - mmengine - INFO - paramwise_options -- backbone.layer3.5.bn2.bias:decay_mult=0
01/20 12:20:55 - mmengine - INFO - paramwise_options -- backbone.layer3.5.bn2.bias:lars_exclude=True
01/20 12:20:55 - mmengine - INFO - paramwise_options -- backbone.layer3.5.bn3.weight:lr=1.0
01/20 12:20:55 - mmengine - INFO - paramwise_options -- backbone.layer3.5.bn3.weight:weight_decay=0.0
01/20 12:20:55 - mmengine - INFO - paramwise_options -- backbone.layer3.5.bn3.weight:decay_mult=0
01/20 12:20:55 - mmengine - INFO - paramwise_options -- backbone.layer3.5.bn3.weight:lars_exclude=True
01/20 12:20:55 - mmengine - INFO - paramwise_options -- backbone.layer3.5.bn3.bias:lr=1.0
01/20 12:20:55 - mmengine - INFO - paramwise_options -- backbone.layer3.5.bn3.bias:weight_decay=0.0
01/20 12:20:55 - mmengine - INFO - paramwise_options -- backbone.layer3.5.bn3.bias:decay_mult=0
01/20 12:20:55 - mmengine - INFO - paramwise_options -- backbone.layer3.5.bn3.bias:lars_exclude=True
01/20 12:20:55 - mmengine - INFO - paramwise_options -- backbone.layer4.0.bn1.weight:lr=1.0
01/20 12:20:55 - mmengine - INFO - paramwise_options -- backbone.layer4.0.bn1.weight:weight_decay=0.0
01/20 12:20:55 - mmengine - INFO - paramwise_options -- backbone.layer4.0.bn1.weight:decay_mult=0
01/20 12:20:55 - mmengine - INFO - paramwise_options -- backbone.layer4.0.bn1.weight:lars_exclude=True
01/20 12:20:55 - mmengine - INFO - paramwise_options -- backbone.layer4.0.bn1.bias:lr=1.0
01/20 12:20:55 - mmengine - INFO - paramwise_options -- backbone.layer4.0.bn1.bias:weight_decay=0.0
01/20 12:20:55 - mmengine - INFO - paramwise_options -- backbone.layer4.0.bn1.bias:decay_mult=0
01/20 12:20:55 - mmengine - INFO - paramwise_options -- backbone.layer4.0.bn1.bias:lars_exclude=True
01/20 12:20:55 - mmengine - INFO - paramwise_options -- backbone.layer4.0.bn2.weight:lr=1.0
01/20 12:20:55 - mmengine - INFO - paramwise_options -- backbone.layer4.0.bn2.weight:weight_decay=0.0
01/20 12:20:55 - mmengine - INFO - paramwise_options -- backbone.layer4.0.bn2.weight:decay_mult=0
01/20 12:20:55 - mmengine - INFO - paramwise_options -- backbone.layer4.0.bn2.weight:lars_exclude=True
01/20 12:20:55 - mmengine - INFO - paramwise_options -- backbone.layer4.0.bn2.bias:lr=1.0
01/20 12:20:55 - mmengine - INFO - paramwise_options -- backbone.layer4.0.bn2.bias:weight_decay=0.0
01/20 12:20:55 - mmengine - INFO - paramwise_options -- backbone.layer4.0.bn2.bias:decay_mult=0
01/20 12:20:55 - mmengine - INFO - paramwise_options -- backbone.layer4.0.bn2.bias:lars_exclude=True
01/20 12:20:55 - mmengine - INFO - paramwise_options -- backbone.layer4.0.bn3.weight:lr=1.0
01/20 12:20:55 - mmengine - INFO - paramwise_options -- backbone.layer4.0.bn3.weight:weight_decay=0.0
01/20 12:20:55 - mmengine - INFO - paramwise_options -- backbone.layer4.0.bn3.weight:decay_mult=0
01/20 12:20:55 - mmengine - INFO - paramwise_options -- backbone.layer4.0.bn3.weight:lars_exclude=True
01/20 12:20:55 - mmengine - INFO - paramwise_options -- backbone.layer4.0.bn3.bias:lr=1.0
01/20 12:20:55 - mmengine - INFO - paramwise_options -- backbone.layer4.0.bn3.bias:weight_decay=0.0
01/20 12:20:55 - mmengine - INFO - paramwise_options -- backbone.layer4.0.bn3.bias:decay_mult=0
01/20 12:20:55 - mmengine - INFO - paramwise_options -- backbone.layer4.0.bn3.bias:lars_exclude=True
01/20 12:20:55 - mmengine - INFO - paramwise_options -- backbone.layer4.0.downsample.1.weight:lr=1.0
01/20 12:20:55 - mmengine - INFO - paramwise_options -- backbone.layer4.0.downsample.1.weight:weight_decay=0.0
01/20 12:20:55 - mmengine - INFO - paramwise_options -- backbone.layer4.0.downsample.1.weight:decay_mult=0
01/20 12:20:55 - mmengine - INFO - paramwise_options -- backbone.layer4.0.downsample.1.weight:lars_exclude=True
01/20 12:20:55 - mmengine - INFO - paramwise_options -- backbone.layer4.0.downsample.1.bias:lr=1.0
01/20 12:20:55 - mmengine - INFO - paramwise_options -- backbone.layer4.0.downsample.1.bias:weight_decay=0.0
01/20 12:20:55 - mmengine - INFO - paramwise_options -- backbone.layer4.0.downsample.1.bias:decay_mult=0
01/20 12:20:55 - mmengine - INFO - paramwise_options -- backbone.layer4.0.downsample.1.bias:lars_exclude=True
01/20 12:20:55 - mmengine - INFO - paramwise_options -- backbone.layer4.1.bn1.weight:lr=1.0
01/20 12:20:55 - mmengine - INFO - paramwise_options -- backbone.layer4.1.bn1.weight:weight_decay=0.0
01/20 12:20:55 - mmengine - INFO - paramwise_options -- backbone.layer4.1.bn1.weight:decay_mult=0
01/20 12:20:55 - mmengine - INFO - paramwise_options -- backbone.layer4.1.bn1.weight:lars_exclude=True
01/20 12:20:55 - mmengine - INFO - paramwise_options -- backbone.layer4.1.bn1.bias:lr=1.0
01/20 12:20:55 - mmengine - INFO - paramwise_options -- backbone.layer4.1.bn1.bias:weight_decay=0.0
01/20 12:20:55 - mmengine - INFO - paramwise_options -- backbone.layer4.1.bn1.bias:decay_mult=0
01/20 12:20:55 - mmengine - INFO - paramwise_options -- backbone.layer4.1.bn1.bias:lars_exclude=True
01/20 12:20:55 - mmengine - INFO - paramwise_options -- backbone.layer4.1.bn2.weight:lr=1.0
01/20 12:20:55 - mmengine - INFO - paramwise_options -- backbone.layer4.1.bn2.weight:weight_decay=0.0
01/20 12:20:55 - mmengine - INFO - paramwise_options -- backbone.layer4.1.bn2.weight:decay_mult=0
01/20 12:20:55 - mmengine - INFO - paramwise_options -- backbone.layer4.1.bn2.weight:lars_exclude=True
01/20 12:20:55 - mmengine - INFO - paramwise_options -- backbone.layer4.1.bn2.bias:lr=1.0
01/20 12:20:55 - mmengine - INFO - paramwise_options -- backbone.layer4.1.bn2.bias:weight_decay=0.0
01/20 12:20:55 - mmengine - INFO - paramwise_options -- backbone.layer4.1.bn2.bias:decay_mult=0
01/20 12:20:55 - mmengine - INFO - paramwise_options -- backbone.layer4.1.bn2.bias:lars_exclude=True
01/20 12:20:55 - mmengine - INFO - paramwise_options -- backbone.layer4.1.bn3.weight:lr=1.0
01/20 12:20:55 - mmengine - INFO - paramwise_options -- backbone.layer4.1.bn3.weight:weight_decay=0.0
01/20 12:20:55 - mmengine - INFO - paramwise_options -- backbone.layer4.1.bn3.weight:decay_mult=0
01/20 12:20:55 - mmengine - INFO - paramwise_options -- backbone.layer4.1.bn3.weight:lars_exclude=True
01/20 12:20:55 - mmengine - INFO - paramwise_options -- backbone.layer4.1.bn3.bias:lr=1.0
01/20 12:20:55 - mmengine - INFO - paramwise_options -- backbone.layer4.1.bn3.bias:weight_decay=0.0
01/20 12:20:55 - mmengine - INFO - paramwise_options -- backbone.layer4.1.bn3.bias:decay_mult=0
01/20 12:20:55 - mmengine - INFO - paramwise_options -- backbone.layer4.1.bn3.bias:lars_exclude=True
01/20 12:20:55 - mmengine - INFO - paramwise_options -- backbone.layer4.2.bn1.weight:lr=1.0
01/20 12:20:55 - mmengine - INFO - paramwise_options -- backbone.layer4.2.bn1.weight:weight_decay=0.0
01/20 12:20:55 - mmengine - INFO - paramwise_options -- backbone.layer4.2.bn1.weight:decay_mult=0
01/20 12:20:55 - mmengine - INFO - paramwise_options -- backbone.layer4.2.bn1.weight:lars_exclude=True
01/20 12:20:55 - mmengine - INFO - paramwise_options -- backbone.layer4.2.bn1.bias:lr=1.0
01/20 12:20:55 - mmengine - INFO - paramwise_options -- backbone.layer4.2.bn1.bias:weight_decay=0.0
01/20 12:20:55 - mmengine - INFO - paramwise_options -- backbone.layer4.2.bn1.bias:decay_mult=0
01/20 12:20:55 - mmengine - INFO - paramwise_options -- backbone.layer4.2.bn1.bias:lars_exclude=True
01/20 12:20:55 - mmengine - INFO - paramwise_options -- backbone.layer4.2.bn2.weight:lr=1.0
01/20 12:20:55 - mmengine - INFO - paramwise_options -- backbone.layer4.2.bn2.weight:weight_decay=0.0
01/20 12:20:55 - mmengine - INFO - paramwise_options -- backbone.layer4.2.bn2.weight:decay_mult=0
01/20 12:20:55 - mmengine - INFO - paramwise_options -- backbone.layer4.2.bn2.weight:lars_exclude=True
01/20 12:20:55 - mmengine - INFO - paramwise_options -- backbone.layer4.2.bn2.bias:lr=1.0
01/20 12:20:55 - mmengine - INFO - paramwise_options -- backbone.layer4.2.bn2.bias:weight_decay=0.0
01/20 12:20:55 - mmengine - INFO - paramwise_options -- backbone.layer4.2.bn2.bias:decay_mult=0
01/20 12:20:55 - mmengine - INFO - paramwise_options -- backbone.layer4.2.bn2.bias:lars_exclude=True
01/20 12:20:55 - mmengine - INFO - paramwise_options -- backbone.layer4.2.bn3.weight:lr=1.0
01/20 12:20:55 - mmengine - INFO - paramwise_options -- backbone.layer4.2.bn3.weight:weight_decay=0.0
01/20 12:20:55 - mmengine - INFO - paramwise_options -- backbone.layer4.2.bn3.weight:decay_mult=0
01/20 12:20:55 - mmengine - INFO - paramwise_options -- backbone.layer4.2.bn3.weight:lars_exclude=True
01/20 12:20:55 - mmengine - INFO - paramwise_options -- backbone.layer4.2.bn3.bias:lr=1.0
01/20 12:20:55 - mmengine - INFO - paramwise_options -- backbone.layer4.2.bn3.bias:weight_decay=0.0
01/20 12:20:55 - mmengine - INFO - paramwise_options -- backbone.layer4.2.bn3.bias:decay_mult=0
01/20 12:20:55 - mmengine - INFO - paramwise_options -- backbone.layer4.2.bn3.bias:lars_exclude=True
01/20 12:20:55 - mmengine - INFO - paramwise_options -- neck.fc0.bias:lr=1.0
01/20 12:20:55 - mmengine - INFO - paramwise_options -- neck.fc0.bias:weight_decay=0.0
01/20 12:20:55 - mmengine - INFO - paramwise_options -- neck.fc0.bias:decay_mult=0
01/20 12:20:55 - mmengine - INFO - paramwise_options -- neck.fc0.bias:lars_exclude=True
01/20 12:20:55 - mmengine - INFO - paramwise_options -- neck.bn0.weight:lr=1.0
01/20 12:20:55 - mmengine - INFO - paramwise_options -- neck.bn0.weight:weight_decay=0.0
01/20 12:20:55 - mmengine - INFO - paramwise_options -- neck.bn0.weight:decay_mult=0
01/20 12:20:55 - mmengine - INFO - paramwise_options -- neck.bn0.weight:lars_exclude=True
01/20 12:20:55 - mmengine - INFO - paramwise_options -- neck.bn0.bias:lr=1.0
01/20 12:20:55 - mmengine - INFO - paramwise_options -- neck.bn0.bias:weight_decay=0.0
01/20 12:20:55 - mmengine - INFO - paramwise_options -- neck.bn0.bias:decay_mult=0
01/20 12:20:55 - mmengine - INFO - paramwise_options -- neck.bn0.bias:lars_exclude=True
01/20 12:20:55 - mmengine - INFO - paramwise_options -- head.predictor.fc0.bias:lr=1.0
01/20 12:20:55 - mmengine - INFO - paramwise_options -- head.predictor.fc0.bias:weight_decay=0.0
01/20 12:20:55 - mmengine - INFO - paramwise_options -- head.predictor.fc0.bias:decay_mult=0
01/20 12:20:55 - mmengine - INFO - paramwise_options -- head.predictor.fc0.bias:lars_exclude=True
01/20 12:20:55 - mmengine - INFO - paramwise_options -- head.predictor.bn0.weight:lr=1.0
01/20 12:20:55 - mmengine - INFO - paramwise_options -- head.predictor.bn0.weight:weight_decay=0.0
01/20 12:20:55 - mmengine - INFO - paramwise_options -- head.predictor.bn0.weight:decay_mult=0
01/20 12:20:55 - mmengine - INFO - paramwise_options -- head.predictor.bn0.weight:lars_exclude=True
01/20 12:20:55 - mmengine - INFO - paramwise_options -- head.predictor.bn0.bias:lr=1.0
01/20 12:20:55 - mmengine - INFO - paramwise_options -- head.predictor.bn0.bias:weight_decay=0.0
01/20 12:20:55 - mmengine - INFO - paramwise_options -- head.predictor.bn0.bias:decay_mult=0
01/20 12:20:55 - mmengine - INFO - paramwise_options -- head.predictor.bn0.bias:lars_exclude=True
Did not find last_checkpoint to be resumed.
Did not find last_checkpoint to be resumed.
01/20 12:20:55 - mmengine - INFO - Auto resumed from the latest checkpoint None.
01/20 12:20:55 - mmengine - WARNING - "FileClient" will be deprecated in future. Please use io functions in https://mmengine.readthedocs.io/en/latest/api/fileio.html#file-io
01/20 12:20:55 - mmengine - WARNING - "HardDiskBackend" is the alias of "LocalBackend" and the former will be deprecated in future.
01/20 12:20:55 - mmengine - INFO - Checkpoints will be saved to /home/hkoc/UM/UM_SEM9/how-to-probe/outputs/byol_cifar10.
/home/hkoc/UM/UM_SEM9/how-to-probe/.venv/lib/python3.11/site-packages/mmcv/image/photometric.py:134: UserWarning: Only use 'alpha' for pillow backend.
  warnings.warn("Only use 'alpha' for pillow backend.")
/home/hkoc/UM/UM_SEM9/how-to-probe/.venv/lib/python3.11/site-packages/mmcv/image/photometric.py:134: UserWarning: Only use 'alpha' for pillow backend.
  warnings.warn("Only use 'alpha' for pillow backend.")
/home/hkoc/UM/UM_SEM9/how-to-probe/.venv/lib/python3.11/site-packages/mmcv/image/photometric.py:134: UserWarning: Only use 'alpha' for pillow backend.
  warnings.warn("Only use 'alpha' for pillow backend.")
/home/hkoc/UM/UM_SEM9/how-to-probe/.venv/lib/python3.11/site-packages/mmcv/image/photometric.py:134: UserWarning: Only use 'alpha' for pillow backend.
  warnings.warn("Only use 'alpha' for pillow backend.")
/home/hkoc/UM/UM_SEM9/how-to-probe/.venv/lib/python3.11/site-packages/mmcv/image/photometric.py:134: UserWarning: Only use 'alpha' for pillow backend.
  warnings.warn("Only use 'alpha' for pillow backend.")
/home/hkoc/UM/UM_SEM9/how-to-probe/.venv/lib/python3.11/site-packages/mmcv/image/photometric.py:134: UserWarning: Only use 'alpha' for pillow backend.
  warnings.warn("Only use 'alpha' for pillow backend.")
/home/hkoc/UM/UM_SEM9/how-to-probe/.venv/lib/python3.11/site-packages/mmcv/image/photometric.py:134: UserWarning: Only use 'alpha' for pillow backend.
  warnings.warn("Only use 'alpha' for pillow backend.")
/home/hkoc/UM/UM_SEM9/how-to-probe/.venv/lib/python3.11/site-packages/mmcv/image/photometric.py:134: UserWarning: Only use 'alpha' for pillow backend.
  warnings.warn("Only use 'alpha' for pillow backend.")
01/20 12:22:31 - mmengine - INFO - Epoch(train)  [1][100/196]  base_lr: 1.0121e-01 lr: 1.0121e-01  eta: 2:35:17  time: 0.8655  data_time: 0.0025  memory: 7236  loss: -2.3855
01/20 12:23:56 - mmengine - INFO - Exp name: byol_resnet50_2xb128-coslr-50e_cifar10_20260120_122049
01/20 12:23:56 - mmengine - INFO - Saving checkpoint at 1 epochs
01/20 12:25:27 - mmengine - INFO - Epoch(train)  [2][100/196]  base_lr: 3.0140e-01 lr: 3.0140e-01  eta: 2:24:50  time: 0.9355  data_time: 0.0031  memory: 7236  loss: -2.5007
01/20 12:26:53 - mmengine - INFO - Exp name: byol_resnet50_2xb128-coslr-50e_cifar10_20260120_122049
01/20 12:26:53 - mmengine - INFO - Saving checkpoint at 2 epochs
01/20 12:28:25 - mmengine - INFO - Epoch(train)  [3][100/196]  base_lr: 5.0158e-01 lr: 5.0158e-01  eta: 2:21:13  time: 0.8751  data_time: 0.0035  memory: 7236  loss: -2.7114
01/20 12:29:50 - mmengine - INFO - Exp name: byol_resnet50_2xb128-coslr-50e_cifar10_20260120_122049
01/20 12:29:50 - mmengine - INFO - Saving checkpoint at 3 epochs
01/20 12:31:21 - mmengine - INFO - Epoch(train)  [4][100/196]  base_lr: 7.0177e-01 lr: 7.0177e-01  eta: 2:17:30  time: 0.8761  data_time: 0.0033  memory: 7236  loss: -2.8538
01/20 12:32:45 - mmengine - INFO - Exp name: byol_resnet50_2xb128-coslr-50e_cifar10_20260120_122049
01/20 12:32:45 - mmengine - INFO - Saving checkpoint at 4 epochs
01/20 12:34:15 - mmengine - INFO - Epoch(train)  [5][100/196]  base_lr: 9.0195e-01 lr: 9.0195e-01  eta: 2:13:57  time: 0.8955  data_time: 0.0023  memory: 7236  loss: -3.0343
01/20 12:35:42 - mmengine - INFO - Exp name: byol_resnet50_2xb128-coslr-50e_cifar10_20260120_122049
01/20 12:35:42 - mmengine - INFO - Saving checkpoint at 5 epochs
01/20 12:36:01 - mmengine - INFO - Exp name: byol_resnet50_2xb128-coslr-50e_cifar10_20260120_122049
01/20 12:37:13 - mmengine - INFO - Epoch(train)  [6][100/196]  base_lr: 1.0000e+00 lr: 1.0000e+00  eta: 2:11:00  time: 0.9655  data_time: 0.0012  memory: 7236  loss: -3.0889
01/20 12:38:40 - mmengine - INFO - Exp name: byol_resnet50_2xb128-coslr-50e_cifar10_20260120_122049
01/20 12:38:40 - mmengine - INFO - Saving checkpoint at 6 epochs
01/20 12:40:10 - mmengine - INFO - Epoch(train)  [7][100/196]  base_lr: 9.9878e-01 lr: 9.9878e-01  eta: 2:08:03  time: 0.8647  data_time: 0.0018  memory: 7236  loss: -3.1588
01/20 12:41:35 - mmengine - INFO - Exp name: byol_resnet50_2xb128-coslr-50e_cifar10_20260120_122049
01/20 12:41:35 - mmengine - INFO - Saving checkpoint at 7 epochs
01/20 12:43:10 - mmengine - INFO - Epoch(train)  [8][100/196]  base_lr: 9.9513e-01 lr: 9.9513e-01  eta: 2:05:18  time: 1.0085  data_time: 0.0010  memory: 7236  loss: -3.1951
01/20 12:44:42 - mmengine - INFO - Exp name: byol_resnet50_2xb128-coslr-50e_cifar10_20260120_122049
01/20 12:44:42 - mmengine - INFO - Saving checkpoint at 8 epochs
01/20 12:46:20 - mmengine - INFO - Epoch(train)  [9][100/196]  base_lr: 9.8907e-01 lr: 9.8907e-01  eta: 2:03:24  time: 1.0908  data_time: 0.0011  memory: 7236  loss: -3.2380
01/20 12:48:05 - mmengine - INFO - Exp name: byol_resnet50_2xb128-coslr-50e_cifar10_20260120_122049
01/20 12:48:05 - mmengine - INFO - Saving checkpoint at 9 epochs
01/20 12:49:55 - mmengine - INFO - Epoch(train) [10][100/196]  base_lr: 9.8063e-01 lr: 9.8063e-01  eta: 2:02:55  time: 1.0982  data_time: 0.0010  memory: 7236  loss: -3.2734
01/20 12:51:40 - mmengine - INFO - Exp name: byol_resnet50_2xb128-coslr-50e_cifar10_20260120_122049
01/20 12:51:40 - mmengine - INFO - Saving checkpoint at 10 epochs
01/20 12:52:25 - mmengine - INFO - Exp name: byol_resnet50_2xb128-coslr-50e_cifar10_20260120_122049
01/20 12:53:30 - mmengine - INFO - Epoch(train) [11][100/196]  base_lr: 9.6985e-01 lr: 9.6985e-01  eta: 2:01:57  time: 1.1196  data_time: 0.0010  memory: 7236  loss: -3.2945
01/20 12:55:13 - mmengine - INFO - Exp name: byol_resnet50_2xb128-coslr-50e_cifar10_20260120_122049
01/20 12:55:13 - mmengine - INFO - Saving checkpoint at 11 epochs
01/20 12:57:03 - mmengine - INFO - Epoch(train) [12][100/196]  base_lr: 9.5677e-01 lr: 9.5677e-01  eta: 2:00:22  time: 1.0865  data_time: 0.0016  memory: 7236  loss: -3.3233
01/20 12:58:47 - mmengine - INFO - Exp name: byol_resnet50_2xb128-coslr-50e_cifar10_20260120_122049
01/20 12:58:47 - mmengine - INFO - Saving checkpoint at 12 epochs
01/20 13:00:38 - mmengine - INFO - Epoch(train) [13][100/196]  base_lr: 9.4147e-01 lr: 9.4147e-01  eta: 1:58:33  time: 1.1053  data_time: 0.0020  memory: 7236  loss: -3.3596
01/20 13:02:23 - mmengine - INFO - Exp name: byol_resnet50_2xb128-coslr-50e_cifar10_20260120_122049
01/20 13:02:23 - mmengine - INFO - Saving checkpoint at 13 epochs
01/20 13:04:04 - mmengine - INFO - Epoch(train) [14][100/196]  base_lr: 9.2402e-01 lr: 9.2402e-01  eta: 1:56:06  time: 0.9374  data_time: 0.0013  memory: 7236  loss: -3.3133
01/20 13:05:31 - mmengine - INFO - Exp name: byol_resnet50_2xb128-coslr-50e_cifar10_20260120_122049
01/20 13:05:31 - mmengine - INFO - Saving checkpoint at 14 epochs
01/20 13:07:09 - mmengine - INFO - Epoch(train) [15][100/196]  base_lr: 9.0451e-01 lr: 9.0451e-01  eta: 1:52:38  time: 0.8802  data_time: 0.0015  memory: 7236  loss: -3.3711
01/20 13:08:36 - mmengine - INFO - Exp name: byol_resnet50_2xb128-coslr-50e_cifar10_20260120_122049
01/20 13:08:36 - mmengine - INFO - Saving checkpoint at 15 epochs
01/20 13:09:32 - mmengine - INFO - Exp name: byol_resnet50_2xb128-coslr-50e_cifar10_20260120_122049
01/20 13:10:08 - mmengine - INFO - Epoch(train) [16][100/196]  base_lr: 8.8302e-01 lr: 8.8302e-01  eta: 1:49:01  time: 0.9807  data_time: 0.0010  memory: 7236  loss: -3.3624
01/20 13:11:35 - mmengine - INFO - Exp name: byol_resnet50_2xb128-coslr-50e_cifar10_20260120_122049
01/20 13:11:35 - mmengine - INFO - Saving checkpoint at 16 epochs
01/20 13:13:13 - mmengine - INFO - Epoch(train) [17][100/196]  base_lr: 8.5967e-01 lr: 8.5967e-01  eta: 1:45:39  time: 0.9656  data_time: 0.0017  memory: 7236  loss: -3.3913
01/20 13:14:40 - mmengine - INFO - Exp name: byol_resnet50_2xb128-coslr-50e_cifar10_20260120_122049
01/20 13:14:40 - mmengine - INFO - Saving checkpoint at 17 epochs
01/20 13:16:10 - mmengine - INFO - Epoch(train) [18][100/196]  base_lr: 8.3457e-01 lr: 8.3457e-01  eta: 1:42:06  time: 0.9358  data_time: 0.0014  memory: 7236  loss: -3.4098
01/20 13:17:39 - mmengine - INFO - Exp name: byol_resnet50_2xb128-coslr-50e_cifar10_20260120_122049
01/20 13:17:39 - mmengine - INFO - Saving checkpoint at 18 epochs
01/20 13:19:09 - mmengine - INFO - Epoch(train) [19][100/196]  base_lr: 8.0783e-01 lr: 8.0783e-01  eta: 1:38:39  time: 0.9039  data_time: 0.0016  memory: 7236  loss: -3.4196
01/20 13:20:34 - mmengine - INFO - Exp name: byol_resnet50_2xb128-coslr-50e_cifar10_20260120_122049
01/20 13:20:34 - mmengine - INFO - Saving checkpoint at 19 epochs
01/20 13:22:08 - mmengine - INFO - Epoch(train) [20][100/196]  base_lr: 7.7960e-01 lr: 7.7960e-01  eta: 1:35:17  time: 0.8671  data_time: 0.0023  memory: 7236  loss: -3.4196
01/20 13:23:36 - mmengine - INFO - Exp name: byol_resnet50_2xb128-coslr-50e_cifar10_20260120_122049
01/20 13:23:36 - mmengine - INFO - Saving checkpoint at 20 epochs
01/20 13:24:47 - mmengine - INFO - Exp name: byol_resnet50_2xb128-coslr-50e_cifar10_20260120_122049
01/20 13:25:06 - mmengine - INFO - Epoch(train) [21][100/196]  base_lr: 7.5000e-01 lr: 7.5000e-01  eta: 1:31:54  time: 0.9758  data_time: 0.0011  memory: 7236  loss: -3.4104
01/20 13:26:31 - mmengine - INFO - Exp name: byol_resnet50_2xb128-coslr-50e_cifar10_20260120_122049
01/20 13:26:31 - mmengine - INFO - Saving checkpoint at 21 epochs
01/20 13:27:59 - mmengine - INFO - Epoch(train) [22][100/196]  base_lr: 7.1919e-01 lr: 7.1919e-01  eta: 1:28:28  time: 0.8644  data_time: 0.0020  memory: 7236  loss: -3.4147
01/20 13:29:26 - mmengine - INFO - Exp name: byol_resnet50_2xb128-coslr-50e_cifar10_20260120_122049
01/20 13:29:26 - mmengine - INFO - Saving checkpoint at 22 epochs
01/20 13:30:58 - mmengine - INFO - Epoch(train) [23][100/196]  base_lr: 6.8730e-01 lr: 6.8730e-01  eta: 1:25:12  time: 0.8658  data_time: 0.0013  memory: 7236  loss: -3.4224
01/20 13:32:28 - mmengine - INFO - Exp name: byol_resnet50_2xb128-coslr-50e_cifar10_20260120_122049
01/20 13:32:28 - mmengine - INFO - Saving checkpoint at 23 epochs
01/20 13:33:57 - mmengine - INFO - Epoch(train) [24][100/196]  base_lr: 6.5451e-01 lr: 6.5451e-01  eta: 1:21:57  time: 0.8635  data_time: 0.0023  memory: 7236  loss: -3.4181
01/20 13:35:32 - mmengine - INFO - Exp name: byol_resnet50_2xb128-coslr-50e_cifar10_20260120_122049
01/20 13:35:32 - mmengine - INFO - Saving checkpoint at 24 epochs
01/20 13:37:21 - mmengine - INFO - Epoch(train) [25][100/196]  base_lr: 6.2096e-01 lr: 6.2096e-01  eta: 1:19:10  time: 1.0753  data_time: 0.0014  memory: 7236  loss: -3.4270
01/20 13:39:03 - mmengine - INFO - Exp name: byol_resnet50_2xb128-coslr-50e_cifar10_20260120_122049
01/20 13:39:03 - mmengine - INFO - Saving checkpoint at 25 epochs
01/20 13:40:52 - mmengine - INFO - Exp name: byol_resnet50_2xb128-coslr-50e_cifar10_20260120_122049
01/20 13:40:52 - mmengine - INFO - Epoch(train) [26][100/196]  base_lr: 5.8682e-01 lr: 5.8682e-01  eta: 1:16:26  time: 1.0925  data_time: 0.0016  memory: 7236  loss: -3.4510
01/20 13:42:36 - mmengine - INFO - Exp name: byol_resnet50_2xb128-coslr-50e_cifar10_20260120_122049
01/20 13:42:36 - mmengine - INFO - Saving checkpoint at 26 epochs
01/20 13:44:26 - mmengine - INFO - Epoch(train) [27][100/196]  base_lr: 5.5226e-01 lr: 5.5226e-01  eta: 1:13:41  time: 1.0512  data_time: 0.0011  memory: 7236  loss: -3.4535
01/20 13:46:10 - mmengine - INFO - Exp name: byol_resnet50_2xb128-coslr-50e_cifar10_20260120_122049
01/20 13:46:10 - mmengine - INFO - Saving checkpoint at 27 epochs
01/20 13:48:01 - mmengine - INFO - Epoch(train) [28][100/196]  base_lr: 5.1745e-01 lr: 5.1745e-01  eta: 1:10:55  time: 1.0725  data_time: 0.0012  memory: 7236  loss: -3.4269
01/20 13:49:43 - mmengine - INFO - Exp name: byol_resnet50_2xb128-coslr-50e_cifar10_20260120_122049
01/20 13:49:43 - mmengine - INFO - Saving checkpoint at 28 epochs
01/20 13:51:33 - mmengine - INFO - Epoch(train) [29][100/196]  base_lr: 4.8255e-01 lr: 4.8255e-01  eta: 1:08:02  time: 1.0937  data_time: 0.0009  memory: 7236  loss: -3.4432
01/20 13:52:58 - mmengine - INFO - Exp name: byol_resnet50_2xb128-coslr-50e_cifar10_20260120_122049
01/20 13:52:58 - mmengine - INFO - Saving checkpoint at 29 epochs
01/20 13:54:27 - mmengine - INFO - Epoch(train) [30][100/196]  base_lr: 4.4774e-01 lr: 4.4774e-01  eta: 1:04:40  time: 0.8982  data_time: 0.0010  memory: 7236  loss: -3.4447
01/20 13:55:50 - mmengine - INFO - Exp name: byol_resnet50_2xb128-coslr-50e_cifar10_20260120_122049
01/20 13:55:50 - mmengine - INFO - Saving checkpoint at 30 epochs
01/20 13:57:19 - mmengine - INFO - Epoch(train) [31][100/196]  base_lr: 4.1318e-01 lr: 4.1318e-01  eta: 1:01:20  time: 0.8556  data_time: 0.0010  memory: 7236  loss: -3.4634
01/20 13:57:38 - mmengine - INFO - Exp name: byol_resnet50_2xb128-coslr-50e_cifar10_20260120_122049
01/20 13:58:45 - mmengine - INFO - Exp name: byol_resnet50_2xb128-coslr-50e_cifar10_20260120_122049
01/20 13:58:45 - mmengine - INFO - Saving checkpoint at 31 epochs
01/20 14:00:14 - mmengine - INFO - Epoch(train) [32][100/196]  base_lr: 3.7904e-01 lr: 3.7904e-01  eta: 0:58:02  time: 0.9123  data_time: 0.0012  memory: 7236  loss: -3.4543
01/20 14:01:39 - mmengine - INFO - Exp name: byol_resnet50_2xb128-coslr-50e_cifar10_20260120_122049
01/20 14:01:39 - mmengine - INFO - Saving checkpoint at 32 epochs
01/20 14:03:06 - mmengine - INFO - Epoch(train) [33][100/196]  base_lr: 3.4549e-01 lr: 3.4549e-01  eta: 0:54:45  time: 0.8637  data_time: 0.0010  memory: 7236  loss: -3.4529
01/20 14:04:30 - mmengine - INFO - Exp name: byol_resnet50_2xb128-coslr-50e_cifar10_20260120_122049
01/20 14:04:30 - mmengine - INFO - Saving checkpoint at 33 epochs
01/20 14:06:00 - mmengine - INFO - Epoch(train) [34][100/196]  base_lr: 3.1270e-01 lr: 3.1270e-01  eta: 0:51:30  time: 0.8861  data_time: 0.0009  memory: 7236  loss: -3.4661
01/20 14:07:29 - mmengine - INFO - Exp name: byol_resnet50_2xb128-coslr-50e_cifar10_20260120_122049
01/20 14:07:29 - mmengine - INFO - Saving checkpoint at 34 epochs
01/20 14:08:59 - mmengine - INFO - Epoch(train) [35][100/196]  base_lr: 2.8081e-01 lr: 2.8081e-01  eta: 0:48:18  time: 0.9059  data_time: 0.0011  memory: 7236  loss: -3.4613
01/20 14:10:23 - mmengine - INFO - Exp name: byol_resnet50_2xb128-coslr-50e_cifar10_20260120_122049
01/20 14:10:23 - mmengine - INFO - Saving checkpoint at 35 epochs
01/20 14:11:53 - mmengine - INFO - Epoch(train) [36][100/196]  base_lr: 2.5000e-01 lr: 2.5000e-01  eta: 0:45:05  time: 0.9345  data_time: 0.0011  memory: 7236  loss: -3.4823
01/20 14:12:28 - mmengine - INFO - Exp name: byol_resnet50_2xb128-coslr-50e_cifar10_20260120_122049
01/20 14:13:17 - mmengine - INFO - Exp name: byol_resnet50_2xb128-coslr-50e_cifar10_20260120_122049
01/20 14:13:17 - mmengine - INFO - Saving checkpoint at 36 epochs
01/20 14:14:47 - mmengine - INFO - Epoch(train) [37][100/196]  base_lr: 2.2040e-01 lr: 2.2040e-01  eta: 0:41:54  time: 0.9108  data_time: 0.0011  memory: 7236  loss: -3.4644
01/20 14:16:12 - mmengine - INFO - Exp name: byol_resnet50_2xb128-coslr-50e_cifar10_20260120_122049
01/20 14:16:12 - mmengine - INFO - Saving checkpoint at 37 epochs
01/20 14:17:40 - mmengine - INFO - Epoch(train) [38][100/196]  base_lr: 1.9217e-01 lr: 1.9217e-01  eta: 0:38:43  time: 0.8557  data_time: 0.0010  memory: 7236  loss: -3.4812
01/20 14:19:02 - mmengine - INFO - Exp name: byol_resnet50_2xb128-coslr-50e_cifar10_20260120_122049
01/20 14:19:02 - mmengine - INFO - Saving checkpoint at 38 epochs
01/20 14:20:30 - mmengine - INFO - Epoch(train) [39][100/196]  base_lr: 1.6543e-01 lr: 1.6543e-01  eta: 0:35:32  time: 0.8625  data_time: 0.0009  memory: 7236  loss: -3.4598
01/20 14:21:54 - mmengine - INFO - Exp name: byol_resnet50_2xb128-coslr-50e_cifar10_20260120_122049
01/20 14:21:54 - mmengine - INFO - Saving checkpoint at 39 epochs
01/20 14:23:22 - mmengine - INFO - Epoch(train) [40][100/196]  base_lr: 1.4033e-01 lr: 1.4033e-01  eta: 0:32:22  time: 0.9360  data_time: 0.0011  memory: 7236  loss: -3.4802
01/20 14:24:45 - mmengine - INFO - Exp name: byol_resnet50_2xb128-coslr-50e_cifar10_20260120_122049
01/20 14:24:45 - mmengine - INFO - Saving checkpoint at 40 epochs
01/20 14:26:14 - mmengine - INFO - Epoch(train) [41][100/196]  base_lr: 1.1698e-01 lr: 1.1698e-01  eta: 0:29:14  time: 0.8837  data_time: 0.0010  memory: 7236  loss: -3.4740
01/20 14:27:07 - mmengine - INFO - Exp name: byol_resnet50_2xb128-coslr-50e_cifar10_20260120_122049
01/20 14:27:38 - mmengine - INFO - Exp name: byol_resnet50_2xb128-coslr-50e_cifar10_20260120_122049
01/20 14:27:38 - mmengine - INFO - Saving checkpoint at 41 epochs
01/20 14:29:08 - mmengine - INFO - Epoch(train) [42][100/196]  base_lr: 9.5492e-02 lr: 9.5492e-02  eta: 0:26:06  time: 0.9315  data_time: 0.0011  memory: 7236  loss: -3.4871
01/20 14:30:32 - mmengine - INFO - Exp name: byol_resnet50_2xb128-coslr-50e_cifar10_20260120_122049
01/20 14:30:32 - mmengine - INFO - Saving checkpoint at 42 epochs
01/20 14:32:01 - mmengine - INFO - Epoch(train) [43][100/196]  base_lr: 7.5976e-02 lr: 7.5976e-02  eta: 0:23:00  time: 0.8737  data_time: 0.0010  memory: 7236  loss: -3.4882
01/20 14:33:25 - mmengine - INFO - Exp name: byol_resnet50_2xb128-coslr-50e_cifar10_20260120_122049
01/20 14:33:25 - mmengine - INFO - Saving checkpoint at 43 epochs
01/20 14:34:54 - mmengine - INFO - Epoch(train) [44][100/196]  base_lr: 5.8526e-02 lr: 5.8526e-02  eta: 0:19:54  time: 0.8803  data_time: 0.0010  memory: 7236  loss: -3.4873
01/20 14:36:18 - mmengine - INFO - Exp name: byol_resnet50_2xb128-coslr-50e_cifar10_20260120_122049
01/20 14:36:18 - mmengine - INFO - Saving checkpoint at 44 epochs
01/20 14:37:47 - mmengine - INFO - Epoch(train) [45][100/196]  base_lr: 4.3227e-02 lr: 4.3227e-02  eta: 0:16:48  time: 0.8627  data_time: 0.0011  memory: 7236  loss: -3.4866
01/20 14:39:11 - mmengine - INFO - Exp name: byol_resnet50_2xb128-coslr-50e_cifar10_20260120_122049
01/20 14:39:11 - mmengine - INFO - Saving checkpoint at 45 epochs
01/20 14:40:40 - mmengine - INFO - Epoch(train) [46][100/196]  base_lr: 3.0154e-02 lr: 3.0154e-02  eta: 0:13:43  time: 0.8795  data_time: 0.0010  memory: 7236  loss: -3.5044
01/20 14:41:49 - mmengine - INFO - Exp name: byol_resnet50_2xb128-coslr-50e_cifar10_20260120_122049
01/20 14:42:03 - mmengine - INFO - Exp name: byol_resnet50_2xb128-coslr-50e_cifar10_20260120_122049
01/20 14:42:03 - mmengine - INFO - Saving checkpoint at 46 epochs
01/20 14:43:32 - mmengine - INFO - Epoch(train) [47][100/196]  base_lr: 1.9369e-02 lr: 1.9369e-02  eta: 0:10:39  time: 0.8775  data_time: 0.0010  memory: 7236  loss: -3.4927
01/20 14:44:56 - mmengine - INFO - Exp name: byol_resnet50_2xb128-coslr-50e_cifar10_20260120_122049
01/20 14:44:56 - mmengine - INFO - Saving checkpoint at 47 epochs
01/20 14:46:25 - mmengine - INFO - Epoch(train) [48][100/196]  base_lr: 1.0926e-02 lr: 1.0926e-02  eta: 0:07:35  time: 0.8700  data_time: 0.0010  memory: 7236  loss: -3.5050
01/20 14:47:48 - mmengine - INFO - Exp name: byol_resnet50_2xb128-coslr-50e_cifar10_20260120_122049
01/20 14:47:48 - mmengine - INFO - Saving checkpoint at 48 epochs
01/20 14:49:17 - mmengine - INFO - Epoch(train) [49][100/196]  base_lr: 4.8660e-03 lr: 4.8660e-03  eta: 0:04:32  time: 0.8627  data_time: 0.0012  memory: 7236  loss: -3.4995
01/20 14:50:42 - mmengine - INFO - Exp name: byol_resnet50_2xb128-coslr-50e_cifar10_20260120_122049
01/20 14:50:42 - mmengine - INFO - Saving checkpoint at 49 epochs
01/20 14:52:12 - mmengine - INFO - Epoch(train) [50][100/196]  base_lr: 1.2180e-03 lr: 1.2180e-03  eta: 0:01:29  time: 0.8717  data_time: 0.0010  memory: 7236  loss: -3.4911
01/20 14:53:35 - mmengine - INFO - Exp name: byol_resnet50_2xb128-coslr-50e_cifar10_20260120_122049
01/20 14:53:35 - mmengine - INFO - Saving checkpoint at 50 epochs
=============================================
Training complete!
Checkpoints saved to: /home/hkoc/UM/UM_SEM9/how-to-probe/outputs/byol_cifar10
=============================================
