/home/hkoc/UM/UM_SEM9/how-to-probe/.venv/lib/python3.11/site-packages/mmcv/cnn/bricks/transformer.py:33: UserWarning: Fail to import ``MultiScaleDeformableAttention`` from ``mmcv.ops.multi_scale_deform_attn``, You should install ``mmcv`` rather than ``mmcv-lite`` if you need this module. 
  warnings.warn('Fail to import ``MultiScaleDeformableAttention`` from '
Using device: cuda:0
Loading model: dino
  Checkpoint: ../../outputs/probing_dino_cifar10/epoch_100.pth
Files already downloaded and verified

Filtering images with confidence >= 0.95
Max per class: 100
Processed 1000/10000 images, saved 216 confident images
Processed 2000/10000 images, saved 453 confident images
Processed 3000/10000 images, saved 692 confident images
Processed 6000/10000 images, saved 954 confident images

Done! Saved 1000 confident images to confident_images_cifar10_dino
Per-class distribution:
  airplane: 100
  automobile: 100
  bird: 100
  cat: 100
  deer: 100
  dog: 100
  frog: 100
  horse: 100
  ship: 100
  truck: 100
